2021-10-08 11:49:07,842 - mmdet - INFO - Environment info:
------------------------------------------------------------
sys.platform: linux
Python: 3.7.11 (default, Jul 27 2021, 14:32:16) [GCC 7.5.0]
CUDA available: True
GPU 0: Tesla V100-PCIE-32GB
CUDA_HOME: None
GCC: gcc (Ubuntu 7.5.0-3ubuntu1~18.04) 7.5.0
PyTorch: 1.7.1
PyTorch compiling details: PyTorch built with:
  - GCC 7.3
  - C++ Version: 201402
  - Intel(R) oneAPI Math Kernel Library Version 2021.3-Product Build 20210617 for Intel(R) 64 architecture applications
  - Intel(R) MKL-DNN v1.6.0 (Git Hash 5ef631a030a6f73131c77892041042805a06064f)
  - OpenMP 201511 (a.k.a. OpenMP 4.5)
  - NNPACK is enabled
  - CPU capability usage: AVX2
  - CUDA Runtime 11.0
  - NVCC architecture flags: -gencode;arch=compute_37,code=sm_37;-gencode;arch=compute_50,code=sm_50;-gencode;arch=compute_60,code=sm_60;-gencode;arch=compute_61,code=sm_61;-gencode;arch=compute_70,code=sm_70;-gencode;arch=compute_75,code=sm_75;-gencode;arch=compute_80,code=sm_80;-gencode;arch=compute_37,code=compute_37
  - CuDNN 8.0.5
  - Magma 2.5.2
  - Build settings: BLAS=MKL, BUILD_TYPE=Release, CXX_FLAGS= -Wno-deprecated -fvisibility-inlines-hidden -DUSE_PTHREADPOOL -fopenmp -DNDEBUG -DUSE_FBGEMM -DUSE_QNNPACK -DUSE_PYTORCH_QNNPACK -DUSE_XNNPACK -DUSE_VULKAN_WRAPPER -O2 -fPIC -Wno-narrowing -Wall -Wextra -Werror=return-type -Wno-missing-field-initializers -Wno-type-limits -Wno-array-bounds -Wno-unknown-pragmas -Wno-sign-compare -Wno-unused-parameter -Wno-unused-variable -Wno-unused-function -Wno-unused-result -Wno-unused-local-typedefs -Wno-strict-overflow -Wno-strict-aliasing -Wno-error=deprecated-declarations -Wno-stringop-overflow -Wno-psabi -Wno-error=pedantic -Wno-error=redundant-decls -Wno-error=old-style-cast -fdiagnostics-color=always -faligned-new -Wno-unused-but-set-variable -Wno-maybe-uninitialized -fno-math-errno -fno-trapping-math -Werror=format -Wno-stringop-overflow, PERF_WITH_AVX=1, PERF_WITH_AVX2=1, PERF_WITH_AVX512=1, USE_CUDA=ON, USE_EXCEPTION_PTR=1, USE_GFLAGS=OFF, USE_GLOG=OFF, USE_MKL=ON, USE_MKLDNN=ON, USE_MPI=OFF, USE_NCCL=ON, USE_NNPACK=ON, USE_OPENMP=ON, 

TorchVision: 0.8.2
OpenCV: 4.5.3
MMCV: 1.3.14
MMCV Compiler: GCC 7.3
MMCV CUDA Compiler: 11.0
MMDetection: 2.17.0+044cccd
------------------------------------------------------------

2021-10-08 11:49:08,341 - mmdet - INFO - Distributed training: False
2021-10-08 11:49:08,826 - mmdet - INFO - Config:
dataset_type = 'CocoDataset'
data_root = '/opt/ml/detection/dataset/'
classes = [
    'General trash', 'Paper', 'Paper pack', 'Metal', 'Glass', 'Plastic',
    'Styrofoam', 'Plastic bag', 'Battery', 'Clothing'
]
img_norm_cfg = dict(mean=[0, 0, 0], std=[255.0, 255.0, 255.0], to_rgb=True)
train_pipeline = [
    dict(type='LoadImageFromFile'),
    dict(type='LoadAnnotations', with_bbox=True),
    dict(type='Resize', img_scale=(300, 300), keep_ratio=True),
    dict(type='RandomFlip', flip_ratio=0.5),
    dict(
        type='Normalize',
        mean=[0, 0, 0],
        std=[255.0, 255.0, 255.0],
        to_rgb=True),
    dict(type='DefaultFormatBundle'),
    dict(type='Collect', keys=['img', 'gt_bboxes', 'gt_labels'])
]
test_pipeline = [
    dict(type='LoadImageFromFile'),
    dict(
        type='MultiScaleFlipAug',
        img_scale=(300, 300),
        flip=False,
        transforms=[
            dict(type='Resize', keep_ratio=True),
            dict(type='RandomFlip'),
            dict(
                type='Normalize',
                mean=[0, 0, 0],
                std=[255.0, 255.0, 255.0],
                to_rgb=True),
            dict(type='ImageToTensor', keys=['img']),
            dict(type='Collect', keys=['img'])
        ])
]
data = dict(
    samples_per_gpu=4,
    workers_per_gpu=2,
    train=dict(
        type='CocoDataset',
        ann_file='/opt/ml/detection/dataset/train_kfold1.json',
        img_prefix='/opt/ml/detection/dataset/',
        classes=[
            'General trash', 'Paper', 'Paper pack', 'Metal', 'Glass',
            'Plastic', 'Styrofoam', 'Plastic bag', 'Battery', 'Clothing'
        ],
        pipeline=[
            dict(type='LoadImageFromFile'),
            dict(type='LoadAnnotations', with_bbox=True),
            dict(type='Resize', img_scale=(300, 300), keep_ratio=True),
            dict(type='RandomFlip', flip_ratio=0.5),
            dict(
                type='Normalize',
                mean=[0, 0, 0],
                std=[255.0, 255.0, 255.0],
                to_rgb=True),
            dict(type='DefaultFormatBundle'),
            dict(type='Collect', keys=['img', 'gt_bboxes', 'gt_labels'])
        ]),
    val=dict(
        type='CocoDataset',
        ann_file='/opt/ml/detection/dataset/val_kfold1.json',
        classes=[
            'General trash', 'Paper', 'Paper pack', 'Metal', 'Glass',
            'Plastic', 'Styrofoam', 'Plastic bag', 'Battery', 'Clothing'
        ],
        img_prefix='/opt/ml/detection/dataset/',
        pipeline=[
            dict(type='LoadImageFromFile'),
            dict(
                type='MultiScaleFlipAug',
                img_scale=(300, 300),
                flip=False,
                transforms=[
                    dict(type='Resize', keep_ratio=True),
                    dict(type='RandomFlip'),
                    dict(
                        type='Normalize',
                        mean=[0, 0, 0],
                        std=[255.0, 255.0, 255.0],
                        to_rgb=True),
                    dict(type='ImageToTensor', keys=['img']),
                    dict(type='Collect', keys=['img'])
                ])
        ]),
    test=dict(
        type='CocoDataset',
        ann_file='/opt/ml/detection/dataset/test.json',
        classes=[
            'General trash', 'Paper', 'Paper pack', 'Metal', 'Glass',
            'Plastic', 'Styrofoam', 'Plastic bag', 'Battery', 'Clothing'
        ],
        img_prefix='/opt/ml/detection/dataset/',
        pipeline=[
            dict(type='LoadImageFromFile'),
            dict(
                type='MultiScaleFlipAug',
                img_scale=(300, 300),
                flip=False,
                transforms=[
                    dict(type='Resize', keep_ratio=True),
                    dict(type='RandomFlip'),
                    dict(
                        type='Normalize',
                        mean=[0, 0, 0],
                        std=[255.0, 255.0, 255.0],
                        to_rgb=True),
                    dict(type='ImageToTensor', keys=['img']),
                    dict(type='Collect', keys=['img'])
                ])
        ]))
evaluation = dict(interval=1, metric='bbox', save_best='bbox_mAP_50')
checkpoint_config = dict(interval=100)
log_config = dict(
    interval=50,
    hooks=[
        dict(type='TextLoggerHook'),
        dict(type='WandbLoggerHook', init_kwargs=dict(project='mmdetection'))
    ])
custom_hooks = [dict(type='NumClassCheckHook')]
dist_params = dict(backend='nccl')
log_level = 'INFO'
load_from = None
resume_from = None
workflow = [('train', 1)]
optimizer = dict(
    type='Adam',
    lr=0.0001,
    betas=(0.9, 0.999),
    weight_decay=0.05,
    paramwise_cfg=dict(
        custom_keys=dict(
            absolute_pos_embed=dict(decay_mult=0.0),
            relative_position_bias_table=dict(decay_mult=0.0),
            norm=dict(decay_mult=0.0))))
optimizer_config = dict(grad_clip=None)
lr_config = dict(
    policy='CosineAnnealing',
    warmup='linear',
    warmup_iters=1000,
    warmup_ratio=0.01,
    min_lr=1e-06)
runner = dict(type='EpochBasedRunner', max_epochs=50)
model = dict(
    type='HybridTaskCascade',
    backbone=dict(
        type='ResNeXt',
        depth=101,
        groups=64,
        base_width=4,
        num_stages=4,
        out_indices=(0, 1, 2, 3),
        frozen_stages=1,
        norm_cfg=dict(type='BN', requires_grad=True),
        norm_eval=True,
        style='pytorch',
        init_cfg=dict(
            type='Pretrained', checkpoint='open-mmlab://resnext101_64x4d')),
    neck=dict(
        type='FPN',
        in_channels=[256, 512, 1024, 2048],
        out_channels=256,
        num_outs=5),
    rpn_head=dict(
        type='RPNHead',
        in_channels=256,
        feat_channels=256,
        anchor_generator=dict(
            type='AnchorGenerator',
            scales=[8],
            ratios=[0.5, 1.0, 2.0],
            strides=[4, 8, 16, 32, 64]),
        bbox_coder=dict(
            type='DeltaXYWHBBoxCoder',
            target_means=[0.0, 0.0, 0.0, 0.0],
            target_stds=[1.0, 1.0, 1.0, 1.0]),
        loss_cls=dict(
            type='CrossEntropyLoss', use_sigmoid=True, loss_weight=1.0),
        loss_bbox=dict(type='CIoULoss', eps=1e-06)),
    roi_head=dict(
        type='HybridTaskCascadeRoIHead',
        interleaved=True,
        mask_info_flow=False,
        num_stages=3,
        stage_loss_weights=[1, 0.5, 0.25],
        bbox_roi_extractor=dict(
            type='SingleRoIExtractor',
            roi_layer=dict(type='RoIAlign', output_size=7, sampling_ratio=0),
            out_channels=256,
            featmap_strides=[4, 8, 16, 32]),
        bbox_head=[
            dict(
                type='Shared2FCBBoxHead',
                in_channels=256,
                fc_out_channels=1024,
                roi_feat_size=7,
                num_classes=10,
                bbox_coder=dict(
                    type='DeltaXYWHBBoxCoder',
                    target_means=[0.0, 0.0, 0.0, 0.0],
                    target_stds=[0.1, 0.1, 0.2, 0.2]),
                reg_class_agnostic=True,
                loss_cls=dict(
                    type='CrossEntropyLoss',
                    use_sigmoid=False,
                    loss_weight=1.0),
                loss_bbox=dict(type='CIoULoss', eps=1e-06)),
            dict(
                type='Shared2FCBBoxHead',
                in_channels=256,
                fc_out_channels=1024,
                roi_feat_size=7,
                num_classes=10,
                bbox_coder=dict(
                    type='DeltaXYWHBBoxCoder',
                    target_means=[0.0, 0.0, 0.0, 0.0],
                    target_stds=[0.05, 0.05, 0.1, 0.1]),
                reg_class_agnostic=True,
                loss_cls=dict(
                    type='CrossEntropyLoss',
                    use_sigmoid=False,
                    loss_weight=1.0),
                loss_bbox=dict(type='CIoULoss', eps=1e-06)),
            dict(
                type='Shared2FCBBoxHead',
                in_channels=256,
                fc_out_channels=1024,
                roi_feat_size=7,
                num_classes=10,
                bbox_coder=dict(
                    type='DeltaXYWHBBoxCoder',
                    target_means=[0.0, 0.0, 0.0, 0.0],
                    target_stds=[0.033, 0.033, 0.067, 0.067]),
                reg_class_agnostic=True,
                loss_cls=dict(
                    type='CrossEntropyLoss',
                    use_sigmoid=False,
                    loss_weight=1.0),
                loss_bbox=dict(type='CIoULoss', eps=1e-06))
        ]),
    train_cfg=dict(
        rpn=dict(
            assigner=dict(
                type='MaxIoUAssigner',
                pos_iou_thr=0.7,
                neg_iou_thr=0.3,
                min_pos_iou=0.3,
                match_low_quality=True,
                ignore_iof_thr=-1),
            sampler=dict(
                type='RandomSampler',
                num=256,
                pos_fraction=0.5,
                neg_pos_ub=-1,
                add_gt_as_proposals=False),
            allowed_border=0,
            pos_weight=-1,
            debug=False),
        rcnn=[
            dict(
                assigner=dict(
                    type='MaxIoUAssigner',
                    pos_iou_thr=0.5,
                    neg_iou_thr=0.5,
                    min_pos_iou=0.5,
                    ignore_iof_thr=-1),
                sampler=dict(
                    type='RandomSampler',
                    num=512,
                    pos_fraction=0.25,
                    neg_pos_ub=-1,
                    add_gt_as_proposals=True),
                mask_size=28,
                pos_weight=-1,
                debug=False),
            dict(
                assigner=dict(
                    type='MaxIoUAssigner',
                    pos_iou_thr=0.6,
                    neg_iou_thr=0.6,
                    min_pos_iou=0.6,
                    ignore_iof_thr=-1),
                sampler=dict(
                    type='RandomSampler',
                    num=512,
                    pos_fraction=0.25,
                    neg_pos_ub=-1,
                    add_gt_as_proposals=True),
                mask_size=28,
                pos_weight=-1,
                debug=False),
            dict(
                assigner=dict(
                    type='MaxIoUAssigner',
                    pos_iou_thr=0.7,
                    neg_iou_thr=0.7,
                    min_pos_iou=0.7,
                    ignore_iof_thr=-1),
                sampler=dict(
                    type='RandomSampler',
                    num=512,
                    pos_fraction=0.25,
                    neg_pos_ub=-1,
                    add_gt_as_proposals=True),
                mask_size=28,
                pos_weight=-1,
                debug=False)
        ]),
    test_cfg=dict(
        rpn=dict(
            nms_pre=1000,
            max_per_img=1000,
            nms=dict(type='nms', iou_threshold=0.7),
            min_bbox_size=0),
        rcnn=dict(
            score_thr=0.001,
            nms=dict(type='nms', iou_threshold=0.5),
            max_per_img=100,
            mask_thr_binary=0.5)))
work_dir = './work_dirs/HTC_x101_64x4d_FPN_CIoU'
gpu_ids = range(0, 1)

2021-10-08 11:49:08,827 - mmdet - INFO - Set random seed to 2021, deterministic: True
2021-10-08 11:49:10,298 - mmdet - INFO - initialize ResNeXt with init_cfg {'type': 'Pretrained', 'checkpoint': 'open-mmlab://resnext101_64x4d'}
2021-10-08 11:49:10,582 - mmdet - INFO - initialize FPN with init_cfg {'type': 'Xavier', 'layer': 'Conv2d', 'distribution': 'uniform'}
2021-10-08 11:49:10,609 - mmdet - INFO - initialize RPNHead with init_cfg {'type': 'Normal', 'layer': 'Conv2d', 'std': 0.01}
2021-10-08 11:49:10,617 - mmdet - INFO - initialize Shared2FCBBoxHead with init_cfg [{'type': 'Normal', 'std': 0.01, 'override': {'name': 'fc_cls'}}, {'type': 'Normal', 'std': 0.001, 'override': {'name': 'fc_reg'}}, {'type': 'Xavier', 'layer': 'Linear', 'override': [{'name': 'shared_fcs'}, {'name': 'cls_fcs'}, {'name': 'reg_fcs'}]}]
2021-10-08 11:49:10,934 - mmdet - INFO - initialize Shared2FCBBoxHead with init_cfg [{'type': 'Normal', 'std': 0.01, 'override': {'name': 'fc_cls'}}, {'type': 'Normal', 'std': 0.001, 'override': {'name': 'fc_reg'}}, {'type': 'Xavier', 'layer': 'Linear', 'override': [{'name': 'shared_fcs'}, {'name': 'cls_fcs'}, {'name': 'reg_fcs'}]}]
2021-10-08 11:49:11,251 - mmdet - INFO - initialize Shared2FCBBoxHead with init_cfg [{'type': 'Normal', 'std': 0.01, 'override': {'name': 'fc_cls'}}, {'type': 'Normal', 'std': 0.001, 'override': {'name': 'fc_reg'}}, {'type': 'Xavier', 'layer': 'Linear', 'override': [{'name': 'shared_fcs'}, {'name': 'cls_fcs'}, {'name': 'reg_fcs'}]}]
Name of parameter - Initialization information

backbone.conv1.weight - torch.Size([64, 3, 7, 7]): 
PretrainedInit: load from open-mmlab://resnext101_64x4d 

backbone.bn1.weight - torch.Size([64]): 
PretrainedInit: load from open-mmlab://resnext101_64x4d 

backbone.bn1.bias - torch.Size([64]): 
PretrainedInit: load from open-mmlab://resnext101_64x4d 

backbone.layer1.0.conv1.weight - torch.Size([256, 64, 1, 1]): 
PretrainedInit: load from open-mmlab://resnext101_64x4d 

backbone.layer1.0.bn1.weight - torch.Size([256]): 
PretrainedInit: load from open-mmlab://resnext101_64x4d 

backbone.layer1.0.bn1.bias - torch.Size([256]): 
PretrainedInit: load from open-mmlab://resnext101_64x4d 

backbone.layer1.0.conv2.weight - torch.Size([256, 4, 3, 3]): 
PretrainedInit: load from open-mmlab://resnext101_64x4d 

backbone.layer1.0.bn2.weight - torch.Size([256]): 
PretrainedInit: load from open-mmlab://resnext101_64x4d 

backbone.layer1.0.bn2.bias - torch.Size([256]): 
PretrainedInit: load from open-mmlab://resnext101_64x4d 

backbone.layer1.0.conv3.weight - torch.Size([256, 256, 1, 1]): 
PretrainedInit: load from open-mmlab://resnext101_64x4d 

backbone.layer1.0.bn3.weight - torch.Size([256]): 
PretrainedInit: load from open-mmlab://resnext101_64x4d 

backbone.layer1.0.bn3.bias - torch.Size([256]): 
PretrainedInit: load from open-mmlab://resnext101_64x4d 

backbone.layer1.0.downsample.0.weight - torch.Size([256, 64, 1, 1]): 
PretrainedInit: load from open-mmlab://resnext101_64x4d 

backbone.layer1.0.downsample.1.weight - torch.Size([256]): 
PretrainedInit: load from open-mmlab://resnext101_64x4d 

backbone.layer1.0.downsample.1.bias - torch.Size([256]): 
PretrainedInit: load from open-mmlab://resnext101_64x4d 

backbone.layer1.1.conv1.weight - torch.Size([256, 256, 1, 1]): 
PretrainedInit: load from open-mmlab://resnext101_64x4d 

backbone.layer1.1.bn1.weight - torch.Size([256]): 
PretrainedInit: load from open-mmlab://resnext101_64x4d 

backbone.layer1.1.bn1.bias - torch.Size([256]): 
PretrainedInit: load from open-mmlab://resnext101_64x4d 

backbone.layer1.1.conv2.weight - torch.Size([256, 4, 3, 3]): 
PretrainedInit: load from open-mmlab://resnext101_64x4d 

backbone.layer1.1.bn2.weight - torch.Size([256]): 
PretrainedInit: load from open-mmlab://resnext101_64x4d 

backbone.layer1.1.bn2.bias - torch.Size([256]): 
PretrainedInit: load from open-mmlab://resnext101_64x4d 

backbone.layer1.1.conv3.weight - torch.Size([256, 256, 1, 1]): 
PretrainedInit: load from open-mmlab://resnext101_64x4d 

backbone.layer1.1.bn3.weight - torch.Size([256]): 
PretrainedInit: load from open-mmlab://resnext101_64x4d 

backbone.layer1.1.bn3.bias - torch.Size([256]): 
PretrainedInit: load from open-mmlab://resnext101_64x4d 

backbone.layer1.2.conv1.weight - torch.Size([256, 256, 1, 1]): 
PretrainedInit: load from open-mmlab://resnext101_64x4d 

backbone.layer1.2.bn1.weight - torch.Size([256]): 
PretrainedInit: load from open-mmlab://resnext101_64x4d 

backbone.layer1.2.bn1.bias - torch.Size([256]): 
PretrainedInit: load from open-mmlab://resnext101_64x4d 

backbone.layer1.2.conv2.weight - torch.Size([256, 4, 3, 3]): 
PretrainedInit: load from open-mmlab://resnext101_64x4d 

backbone.layer1.2.bn2.weight - torch.Size([256]): 
PretrainedInit: load from open-mmlab://resnext101_64x4d 

backbone.layer1.2.bn2.bias - torch.Size([256]): 
PretrainedInit: load from open-mmlab://resnext101_64x4d 

backbone.layer1.2.conv3.weight - torch.Size([256, 256, 1, 1]): 
PretrainedInit: load from open-mmlab://resnext101_64x4d 

backbone.layer1.2.bn3.weight - torch.Size([256]): 
PretrainedInit: load from open-mmlab://resnext101_64x4d 

backbone.layer1.2.bn3.bias - torch.Size([256]): 
PretrainedInit: load from open-mmlab://resnext101_64x4d 

backbone.layer2.0.conv1.weight - torch.Size([512, 256, 1, 1]): 
PretrainedInit: load from open-mmlab://resnext101_64x4d 

backbone.layer2.0.bn1.weight - torch.Size([512]): 
PretrainedInit: load from open-mmlab://resnext101_64x4d 

backbone.layer2.0.bn1.bias - torch.Size([512]): 
PretrainedInit: load from open-mmlab://resnext101_64x4d 

backbone.layer2.0.conv2.weight - torch.Size([512, 8, 3, 3]): 
PretrainedInit: load from open-mmlab://resnext101_64x4d 

backbone.layer2.0.bn2.weight - torch.Size([512]): 
PretrainedInit: load from open-mmlab://resnext101_64x4d 

backbone.layer2.0.bn2.bias - torch.Size([512]): 
PretrainedInit: load from open-mmlab://resnext101_64x4d 

backbone.layer2.0.conv3.weight - torch.Size([512, 512, 1, 1]): 
PretrainedInit: load from open-mmlab://resnext101_64x4d 

backbone.layer2.0.bn3.weight - torch.Size([512]): 
PretrainedInit: load from open-mmlab://resnext101_64x4d 

backbone.layer2.0.bn3.bias - torch.Size([512]): 
PretrainedInit: load from open-mmlab://resnext101_64x4d 

backbone.layer2.0.downsample.0.weight - torch.Size([512, 256, 1, 1]): 
PretrainedInit: load from open-mmlab://resnext101_64x4d 

backbone.layer2.0.downsample.1.weight - torch.Size([512]): 
PretrainedInit: load from open-mmlab://resnext101_64x4d 

backbone.layer2.0.downsample.1.bias - torch.Size([512]): 
PretrainedInit: load from open-mmlab://resnext101_64x4d 

backbone.layer2.1.conv1.weight - torch.Size([512, 512, 1, 1]): 
PretrainedInit: load from open-mmlab://resnext101_64x4d 

backbone.layer2.1.bn1.weight - torch.Size([512]): 
PretrainedInit: load from open-mmlab://resnext101_64x4d 

backbone.layer2.1.bn1.bias - torch.Size([512]): 
PretrainedInit: load from open-mmlab://resnext101_64x4d 

backbone.layer2.1.conv2.weight - torch.Size([512, 8, 3, 3]): 
PretrainedInit: load from open-mmlab://resnext101_64x4d 

backbone.layer2.1.bn2.weight - torch.Size([512]): 
PretrainedInit: load from open-mmlab://resnext101_64x4d 

backbone.layer2.1.bn2.bias - torch.Size([512]): 
PretrainedInit: load from open-mmlab://resnext101_64x4d 

backbone.layer2.1.conv3.weight - torch.Size([512, 512, 1, 1]): 
PretrainedInit: load from open-mmlab://resnext101_64x4d 

backbone.layer2.1.bn3.weight - torch.Size([512]): 
PretrainedInit: load from open-mmlab://resnext101_64x4d 

backbone.layer2.1.bn3.bias - torch.Size([512]): 
PretrainedInit: load from open-mmlab://resnext101_64x4d 

backbone.layer2.2.conv1.weight - torch.Size([512, 512, 1, 1]): 
PretrainedInit: load from open-mmlab://resnext101_64x4d 

backbone.layer2.2.bn1.weight - torch.Size([512]): 
PretrainedInit: load from open-mmlab://resnext101_64x4d 

backbone.layer2.2.bn1.bias - torch.Size([512]): 
PretrainedInit: load from open-mmlab://resnext101_64x4d 

backbone.layer2.2.conv2.weight - torch.Size([512, 8, 3, 3]): 
PretrainedInit: load from open-mmlab://resnext101_64x4d 

backbone.layer2.2.bn2.weight - torch.Size([512]): 
PretrainedInit: load from open-mmlab://resnext101_64x4d 

backbone.layer2.2.bn2.bias - torch.Size([512]): 
PretrainedInit: load from open-mmlab://resnext101_64x4d 

backbone.layer2.2.conv3.weight - torch.Size([512, 512, 1, 1]): 
PretrainedInit: load from open-mmlab://resnext101_64x4d 

backbone.layer2.2.bn3.weight - torch.Size([512]): 
PretrainedInit: load from open-mmlab://resnext101_64x4d 

backbone.layer2.2.bn3.bias - torch.Size([512]): 
PretrainedInit: load from open-mmlab://resnext101_64x4d 

backbone.layer2.3.conv1.weight - torch.Size([512, 512, 1, 1]): 
PretrainedInit: load from open-mmlab://resnext101_64x4d 

backbone.layer2.3.bn1.weight - torch.Size([512]): 
PretrainedInit: load from open-mmlab://resnext101_64x4d 

backbone.layer2.3.bn1.bias - torch.Size([512]): 
PretrainedInit: load from open-mmlab://resnext101_64x4d 

backbone.layer2.3.conv2.weight - torch.Size([512, 8, 3, 3]): 
PretrainedInit: load from open-mmlab://resnext101_64x4d 

backbone.layer2.3.bn2.weight - torch.Size([512]): 
PretrainedInit: load from open-mmlab://resnext101_64x4d 

backbone.layer2.3.bn2.bias - torch.Size([512]): 
PretrainedInit: load from open-mmlab://resnext101_64x4d 

backbone.layer2.3.conv3.weight - torch.Size([512, 512, 1, 1]): 
PretrainedInit: load from open-mmlab://resnext101_64x4d 

backbone.layer2.3.bn3.weight - torch.Size([512]): 
PretrainedInit: load from open-mmlab://resnext101_64x4d 

backbone.layer2.3.bn3.bias - torch.Size([512]): 
PretrainedInit: load from open-mmlab://resnext101_64x4d 

backbone.layer3.0.conv1.weight - torch.Size([1024, 512, 1, 1]): 
PretrainedInit: load from open-mmlab://resnext101_64x4d 

backbone.layer3.0.bn1.weight - torch.Size([1024]): 
PretrainedInit: load from open-mmlab://resnext101_64x4d 

backbone.layer3.0.bn1.bias - torch.Size([1024]): 
PretrainedInit: load from open-mmlab://resnext101_64x4d 

backbone.layer3.0.conv2.weight - torch.Size([1024, 16, 3, 3]): 
PretrainedInit: load from open-mmlab://resnext101_64x4d 

backbone.layer3.0.bn2.weight - torch.Size([1024]): 
PretrainedInit: load from open-mmlab://resnext101_64x4d 

backbone.layer3.0.bn2.bias - torch.Size([1024]): 
PretrainedInit: load from open-mmlab://resnext101_64x4d 

backbone.layer3.0.conv3.weight - torch.Size([1024, 1024, 1, 1]): 
PretrainedInit: load from open-mmlab://resnext101_64x4d 

backbone.layer3.0.bn3.weight - torch.Size([1024]): 
PretrainedInit: load from open-mmlab://resnext101_64x4d 

backbone.layer3.0.bn3.bias - torch.Size([1024]): 
PretrainedInit: load from open-mmlab://resnext101_64x4d 

backbone.layer3.0.downsample.0.weight - torch.Size([1024, 512, 1, 1]): 
PretrainedInit: load from open-mmlab://resnext101_64x4d 

backbone.layer3.0.downsample.1.weight - torch.Size([1024]): 
PretrainedInit: load from open-mmlab://resnext101_64x4d 

backbone.layer3.0.downsample.1.bias - torch.Size([1024]): 
PretrainedInit: load from open-mmlab://resnext101_64x4d 

backbone.layer3.1.conv1.weight - torch.Size([1024, 1024, 1, 1]): 
PretrainedInit: load from open-mmlab://resnext101_64x4d 

backbone.layer3.1.bn1.weight - torch.Size([1024]): 
PretrainedInit: load from open-mmlab://resnext101_64x4d 

backbone.layer3.1.bn1.bias - torch.Size([1024]): 
PretrainedInit: load from open-mmlab://resnext101_64x4d 

backbone.layer3.1.conv2.weight - torch.Size([1024, 16, 3, 3]): 
PretrainedInit: load from open-mmlab://resnext101_64x4d 

backbone.layer3.1.bn2.weight - torch.Size([1024]): 
PretrainedInit: load from open-mmlab://resnext101_64x4d 

backbone.layer3.1.bn2.bias - torch.Size([1024]): 
PretrainedInit: load from open-mmlab://resnext101_64x4d 

backbone.layer3.1.conv3.weight - torch.Size([1024, 1024, 1, 1]): 
PretrainedInit: load from open-mmlab://resnext101_64x4d 

backbone.layer3.1.bn3.weight - torch.Size([1024]): 
PretrainedInit: load from open-mmlab://resnext101_64x4d 

backbone.layer3.1.bn3.bias - torch.Size([1024]): 
PretrainedInit: load from open-mmlab://resnext101_64x4d 

backbone.layer3.2.conv1.weight - torch.Size([1024, 1024, 1, 1]): 
PretrainedInit: load from open-mmlab://resnext101_64x4d 

backbone.layer3.2.bn1.weight - torch.Size([1024]): 
PretrainedInit: load from open-mmlab://resnext101_64x4d 

backbone.layer3.2.bn1.bias - torch.Size([1024]): 
PretrainedInit: load from open-mmlab://resnext101_64x4d 

backbone.layer3.2.conv2.weight - torch.Size([1024, 16, 3, 3]): 
PretrainedInit: load from open-mmlab://resnext101_64x4d 

backbone.layer3.2.bn2.weight - torch.Size([1024]): 
PretrainedInit: load from open-mmlab://resnext101_64x4d 

backbone.layer3.2.bn2.bias - torch.Size([1024]): 
PretrainedInit: load from open-mmlab://resnext101_64x4d 

backbone.layer3.2.conv3.weight - torch.Size([1024, 1024, 1, 1]): 
PretrainedInit: load from open-mmlab://resnext101_64x4d 

backbone.layer3.2.bn3.weight - torch.Size([1024]): 
PretrainedInit: load from open-mmlab://resnext101_64x4d 

backbone.layer3.2.bn3.bias - torch.Size([1024]): 
PretrainedInit: load from open-mmlab://resnext101_64x4d 

backbone.layer3.3.conv1.weight - torch.Size([1024, 1024, 1, 1]): 
PretrainedInit: load from open-mmlab://resnext101_64x4d 

backbone.layer3.3.bn1.weight - torch.Size([1024]): 
PretrainedInit: load from open-mmlab://resnext101_64x4d 

backbone.layer3.3.bn1.bias - torch.Size([1024]): 
PretrainedInit: load from open-mmlab://resnext101_64x4d 

backbone.layer3.3.conv2.weight - torch.Size([1024, 16, 3, 3]): 
PretrainedInit: load from open-mmlab://resnext101_64x4d 

backbone.layer3.3.bn2.weight - torch.Size([1024]): 
PretrainedInit: load from open-mmlab://resnext101_64x4d 

backbone.layer3.3.bn2.bias - torch.Size([1024]): 
PretrainedInit: load from open-mmlab://resnext101_64x4d 

backbone.layer3.3.conv3.weight - torch.Size([1024, 1024, 1, 1]): 
PretrainedInit: load from open-mmlab://resnext101_64x4d 

backbone.layer3.3.bn3.weight - torch.Size([1024]): 
PretrainedInit: load from open-mmlab://resnext101_64x4d 

backbone.layer3.3.bn3.bias - torch.Size([1024]): 
PretrainedInit: load from open-mmlab://resnext101_64x4d 

backbone.layer3.4.conv1.weight - torch.Size([1024, 1024, 1, 1]): 
PretrainedInit: load from open-mmlab://resnext101_64x4d 

backbone.layer3.4.bn1.weight - torch.Size([1024]): 
PretrainedInit: load from open-mmlab://resnext101_64x4d 

backbone.layer3.4.bn1.bias - torch.Size([1024]): 
PretrainedInit: load from open-mmlab://resnext101_64x4d 

backbone.layer3.4.conv2.weight - torch.Size([1024, 16, 3, 3]): 
PretrainedInit: load from open-mmlab://resnext101_64x4d 

backbone.layer3.4.bn2.weight - torch.Size([1024]): 
PretrainedInit: load from open-mmlab://resnext101_64x4d 

backbone.layer3.4.bn2.bias - torch.Size([1024]): 
PretrainedInit: load from open-mmlab://resnext101_64x4d 

backbone.layer3.4.conv3.weight - torch.Size([1024, 1024, 1, 1]): 
PretrainedInit: load from open-mmlab://resnext101_64x4d 

backbone.layer3.4.bn3.weight - torch.Size([1024]): 
PretrainedInit: load from open-mmlab://resnext101_64x4d 

backbone.layer3.4.bn3.bias - torch.Size([1024]): 
PretrainedInit: load from open-mmlab://resnext101_64x4d 

backbone.layer3.5.conv1.weight - torch.Size([1024, 1024, 1, 1]): 
PretrainedInit: load from open-mmlab://resnext101_64x4d 

backbone.layer3.5.bn1.weight - torch.Size([1024]): 
PretrainedInit: load from open-mmlab://resnext101_64x4d 

backbone.layer3.5.bn1.bias - torch.Size([1024]): 
PretrainedInit: load from open-mmlab://resnext101_64x4d 

backbone.layer3.5.conv2.weight - torch.Size([1024, 16, 3, 3]): 
PretrainedInit: load from open-mmlab://resnext101_64x4d 

backbone.layer3.5.bn2.weight - torch.Size([1024]): 
PretrainedInit: load from open-mmlab://resnext101_64x4d 

backbone.layer3.5.bn2.bias - torch.Size([1024]): 
PretrainedInit: load from open-mmlab://resnext101_64x4d 

backbone.layer3.5.conv3.weight - torch.Size([1024, 1024, 1, 1]): 
PretrainedInit: load from open-mmlab://resnext101_64x4d 

backbone.layer3.5.bn3.weight - torch.Size([1024]): 
PretrainedInit: load from open-mmlab://resnext101_64x4d 

backbone.layer3.5.bn3.bias - torch.Size([1024]): 
PretrainedInit: load from open-mmlab://resnext101_64x4d 

backbone.layer3.6.conv1.weight - torch.Size([1024, 1024, 1, 1]): 
PretrainedInit: load from open-mmlab://resnext101_64x4d 

backbone.layer3.6.bn1.weight - torch.Size([1024]): 
PretrainedInit: load from open-mmlab://resnext101_64x4d 

backbone.layer3.6.bn1.bias - torch.Size([1024]): 
PretrainedInit: load from open-mmlab://resnext101_64x4d 

backbone.layer3.6.conv2.weight - torch.Size([1024, 16, 3, 3]): 
PretrainedInit: load from open-mmlab://resnext101_64x4d 

backbone.layer3.6.bn2.weight - torch.Size([1024]): 
PretrainedInit: load from open-mmlab://resnext101_64x4d 

backbone.layer3.6.bn2.bias - torch.Size([1024]): 
PretrainedInit: load from open-mmlab://resnext101_64x4d 

backbone.layer3.6.conv3.weight - torch.Size([1024, 1024, 1, 1]): 
PretrainedInit: load from open-mmlab://resnext101_64x4d 

backbone.layer3.6.bn3.weight - torch.Size([1024]): 
PretrainedInit: load from open-mmlab://resnext101_64x4d 

backbone.layer3.6.bn3.bias - torch.Size([1024]): 
PretrainedInit: load from open-mmlab://resnext101_64x4d 

backbone.layer3.7.conv1.weight - torch.Size([1024, 1024, 1, 1]): 
PretrainedInit: load from open-mmlab://resnext101_64x4d 

backbone.layer3.7.bn1.weight - torch.Size([1024]): 
PretrainedInit: load from open-mmlab://resnext101_64x4d 

backbone.layer3.7.bn1.bias - torch.Size([1024]): 
PretrainedInit: load from open-mmlab://resnext101_64x4d 

backbone.layer3.7.conv2.weight - torch.Size([1024, 16, 3, 3]): 
PretrainedInit: load from open-mmlab://resnext101_64x4d 

backbone.layer3.7.bn2.weight - torch.Size([1024]): 
PretrainedInit: load from open-mmlab://resnext101_64x4d 

backbone.layer3.7.bn2.bias - torch.Size([1024]): 
PretrainedInit: load from open-mmlab://resnext101_64x4d 

backbone.layer3.7.conv3.weight - torch.Size([1024, 1024, 1, 1]): 
PretrainedInit: load from open-mmlab://resnext101_64x4d 

backbone.layer3.7.bn3.weight - torch.Size([1024]): 
PretrainedInit: load from open-mmlab://resnext101_64x4d 

backbone.layer3.7.bn3.bias - torch.Size([1024]): 
PretrainedInit: load from open-mmlab://resnext101_64x4d 

backbone.layer3.8.conv1.weight - torch.Size([1024, 1024, 1, 1]): 
PretrainedInit: load from open-mmlab://resnext101_64x4d 

backbone.layer3.8.bn1.weight - torch.Size([1024]): 
PretrainedInit: load from open-mmlab://resnext101_64x4d 

backbone.layer3.8.bn1.bias - torch.Size([1024]): 
PretrainedInit: load from open-mmlab://resnext101_64x4d 

backbone.layer3.8.conv2.weight - torch.Size([1024, 16, 3, 3]): 
PretrainedInit: load from open-mmlab://resnext101_64x4d 

backbone.layer3.8.bn2.weight - torch.Size([1024]): 
PretrainedInit: load from open-mmlab://resnext101_64x4d 

backbone.layer3.8.bn2.bias - torch.Size([1024]): 
PretrainedInit: load from open-mmlab://resnext101_64x4d 

backbone.layer3.8.conv3.weight - torch.Size([1024, 1024, 1, 1]): 
PretrainedInit: load from open-mmlab://resnext101_64x4d 

backbone.layer3.8.bn3.weight - torch.Size([1024]): 
PretrainedInit: load from open-mmlab://resnext101_64x4d 

backbone.layer3.8.bn3.bias - torch.Size([1024]): 
PretrainedInit: load from open-mmlab://resnext101_64x4d 

backbone.layer3.9.conv1.weight - torch.Size([1024, 1024, 1, 1]): 
PretrainedInit: load from open-mmlab://resnext101_64x4d 

backbone.layer3.9.bn1.weight - torch.Size([1024]): 
PretrainedInit: load from open-mmlab://resnext101_64x4d 

backbone.layer3.9.bn1.bias - torch.Size([1024]): 
PretrainedInit: load from open-mmlab://resnext101_64x4d 

backbone.layer3.9.conv2.weight - torch.Size([1024, 16, 3, 3]): 
PretrainedInit: load from open-mmlab://resnext101_64x4d 

backbone.layer3.9.bn2.weight - torch.Size([1024]): 
PretrainedInit: load from open-mmlab://resnext101_64x4d 

backbone.layer3.9.bn2.bias - torch.Size([1024]): 
PretrainedInit: load from open-mmlab://resnext101_64x4d 

backbone.layer3.9.conv3.weight - torch.Size([1024, 1024, 1, 1]): 
PretrainedInit: load from open-mmlab://resnext101_64x4d 

backbone.layer3.9.bn3.weight - torch.Size([1024]): 
PretrainedInit: load from open-mmlab://resnext101_64x4d 

backbone.layer3.9.bn3.bias - torch.Size([1024]): 
PretrainedInit: load from open-mmlab://resnext101_64x4d 

backbone.layer3.10.conv1.weight - torch.Size([1024, 1024, 1, 1]): 
PretrainedInit: load from open-mmlab://resnext101_64x4d 

backbone.layer3.10.bn1.weight - torch.Size([1024]): 
PretrainedInit: load from open-mmlab://resnext101_64x4d 

backbone.layer3.10.bn1.bias - torch.Size([1024]): 
PretrainedInit: load from open-mmlab://resnext101_64x4d 

backbone.layer3.10.conv2.weight - torch.Size([1024, 16, 3, 3]): 
PretrainedInit: load from open-mmlab://resnext101_64x4d 

backbone.layer3.10.bn2.weight - torch.Size([1024]): 
PretrainedInit: load from open-mmlab://resnext101_64x4d 

backbone.layer3.10.bn2.bias - torch.Size([1024]): 
PretrainedInit: load from open-mmlab://resnext101_64x4d 

backbone.layer3.10.conv3.weight - torch.Size([1024, 1024, 1, 1]): 
PretrainedInit: load from open-mmlab://resnext101_64x4d 

backbone.layer3.10.bn3.weight - torch.Size([1024]): 
PretrainedInit: load from open-mmlab://resnext101_64x4d 

backbone.layer3.10.bn3.bias - torch.Size([1024]): 
PretrainedInit: load from open-mmlab://resnext101_64x4d 

backbone.layer3.11.conv1.weight - torch.Size([1024, 1024, 1, 1]): 
PretrainedInit: load from open-mmlab://resnext101_64x4d 

backbone.layer3.11.bn1.weight - torch.Size([1024]): 
PretrainedInit: load from open-mmlab://resnext101_64x4d 

backbone.layer3.11.bn1.bias - torch.Size([1024]): 
PretrainedInit: load from open-mmlab://resnext101_64x4d 

backbone.layer3.11.conv2.weight - torch.Size([1024, 16, 3, 3]): 
PretrainedInit: load from open-mmlab://resnext101_64x4d 

backbone.layer3.11.bn2.weight - torch.Size([1024]): 
PretrainedInit: load from open-mmlab://resnext101_64x4d 

backbone.layer3.11.bn2.bias - torch.Size([1024]): 
PretrainedInit: load from open-mmlab://resnext101_64x4d 

backbone.layer3.11.conv3.weight - torch.Size([1024, 1024, 1, 1]): 
PretrainedInit: load from open-mmlab://resnext101_64x4d 

backbone.layer3.11.bn3.weight - torch.Size([1024]): 
PretrainedInit: load from open-mmlab://resnext101_64x4d 

backbone.layer3.11.bn3.bias - torch.Size([1024]): 
PretrainedInit: load from open-mmlab://resnext101_64x4d 

backbone.layer3.12.conv1.weight - torch.Size([1024, 1024, 1, 1]): 
PretrainedInit: load from open-mmlab://resnext101_64x4d 

backbone.layer3.12.bn1.weight - torch.Size([1024]): 
PretrainedInit: load from open-mmlab://resnext101_64x4d 

backbone.layer3.12.bn1.bias - torch.Size([1024]): 
PretrainedInit: load from open-mmlab://resnext101_64x4d 

backbone.layer3.12.conv2.weight - torch.Size([1024, 16, 3, 3]): 
PretrainedInit: load from open-mmlab://resnext101_64x4d 

backbone.layer3.12.bn2.weight - torch.Size([1024]): 
PretrainedInit: load from open-mmlab://resnext101_64x4d 

backbone.layer3.12.bn2.bias - torch.Size([1024]): 
PretrainedInit: load from open-mmlab://resnext101_64x4d 

backbone.layer3.12.conv3.weight - torch.Size([1024, 1024, 1, 1]): 
PretrainedInit: load from open-mmlab://resnext101_64x4d 

backbone.layer3.12.bn3.weight - torch.Size([1024]): 
PretrainedInit: load from open-mmlab://resnext101_64x4d 

backbone.layer3.12.bn3.bias - torch.Size([1024]): 
PretrainedInit: load from open-mmlab://resnext101_64x4d 

backbone.layer3.13.conv1.weight - torch.Size([1024, 1024, 1, 1]): 
PretrainedInit: load from open-mmlab://resnext101_64x4d 

backbone.layer3.13.bn1.weight - torch.Size([1024]): 
PretrainedInit: load from open-mmlab://resnext101_64x4d 

backbone.layer3.13.bn1.bias - torch.Size([1024]): 
PretrainedInit: load from open-mmlab://resnext101_64x4d 

backbone.layer3.13.conv2.weight - torch.Size([1024, 16, 3, 3]): 
PretrainedInit: load from open-mmlab://resnext101_64x4d 

backbone.layer3.13.bn2.weight - torch.Size([1024]): 
PretrainedInit: load from open-mmlab://resnext101_64x4d 

backbone.layer3.13.bn2.bias - torch.Size([1024]): 
PretrainedInit: load from open-mmlab://resnext101_64x4d 

backbone.layer3.13.conv3.weight - torch.Size([1024, 1024, 1, 1]): 
PretrainedInit: load from open-mmlab://resnext101_64x4d 

backbone.layer3.13.bn3.weight - torch.Size([1024]): 
PretrainedInit: load from open-mmlab://resnext101_64x4d 

backbone.layer3.13.bn3.bias - torch.Size([1024]): 
PretrainedInit: load from open-mmlab://resnext101_64x4d 

backbone.layer3.14.conv1.weight - torch.Size([1024, 1024, 1, 1]): 
PretrainedInit: load from open-mmlab://resnext101_64x4d 

backbone.layer3.14.bn1.weight - torch.Size([1024]): 
PretrainedInit: load from open-mmlab://resnext101_64x4d 

backbone.layer3.14.bn1.bias - torch.Size([1024]): 
PretrainedInit: load from open-mmlab://resnext101_64x4d 

backbone.layer3.14.conv2.weight - torch.Size([1024, 16, 3, 3]): 
PretrainedInit: load from open-mmlab://resnext101_64x4d 

backbone.layer3.14.bn2.weight - torch.Size([1024]): 
PretrainedInit: load from open-mmlab://resnext101_64x4d 

backbone.layer3.14.bn2.bias - torch.Size([1024]): 
PretrainedInit: load from open-mmlab://resnext101_64x4d 

backbone.layer3.14.conv3.weight - torch.Size([1024, 1024, 1, 1]): 
PretrainedInit: load from open-mmlab://resnext101_64x4d 

backbone.layer3.14.bn3.weight - torch.Size([1024]): 
PretrainedInit: load from open-mmlab://resnext101_64x4d 

backbone.layer3.14.bn3.bias - torch.Size([1024]): 
PretrainedInit: load from open-mmlab://resnext101_64x4d 

backbone.layer3.15.conv1.weight - torch.Size([1024, 1024, 1, 1]): 
PretrainedInit: load from open-mmlab://resnext101_64x4d 

backbone.layer3.15.bn1.weight - torch.Size([1024]): 
PretrainedInit: load from open-mmlab://resnext101_64x4d 

backbone.layer3.15.bn1.bias - torch.Size([1024]): 
PretrainedInit: load from open-mmlab://resnext101_64x4d 

backbone.layer3.15.conv2.weight - torch.Size([1024, 16, 3, 3]): 
PretrainedInit: load from open-mmlab://resnext101_64x4d 

backbone.layer3.15.bn2.weight - torch.Size([1024]): 
PretrainedInit: load from open-mmlab://resnext101_64x4d 

backbone.layer3.15.bn2.bias - torch.Size([1024]): 
PretrainedInit: load from open-mmlab://resnext101_64x4d 

backbone.layer3.15.conv3.weight - torch.Size([1024, 1024, 1, 1]): 
PretrainedInit: load from open-mmlab://resnext101_64x4d 

backbone.layer3.15.bn3.weight - torch.Size([1024]): 
PretrainedInit: load from open-mmlab://resnext101_64x4d 

backbone.layer3.15.bn3.bias - torch.Size([1024]): 
PretrainedInit: load from open-mmlab://resnext101_64x4d 

backbone.layer3.16.conv1.weight - torch.Size([1024, 1024, 1, 1]): 
PretrainedInit: load from open-mmlab://resnext101_64x4d 

backbone.layer3.16.bn1.weight - torch.Size([1024]): 
PretrainedInit: load from open-mmlab://resnext101_64x4d 

backbone.layer3.16.bn1.bias - torch.Size([1024]): 
PretrainedInit: load from open-mmlab://resnext101_64x4d 

backbone.layer3.16.conv2.weight - torch.Size([1024, 16, 3, 3]): 
PretrainedInit: load from open-mmlab://resnext101_64x4d 

backbone.layer3.16.bn2.weight - torch.Size([1024]): 
PretrainedInit: load from open-mmlab://resnext101_64x4d 

backbone.layer3.16.bn2.bias - torch.Size([1024]): 
PretrainedInit: load from open-mmlab://resnext101_64x4d 

backbone.layer3.16.conv3.weight - torch.Size([1024, 1024, 1, 1]): 
PretrainedInit: load from open-mmlab://resnext101_64x4d 

backbone.layer3.16.bn3.weight - torch.Size([1024]): 
PretrainedInit: load from open-mmlab://resnext101_64x4d 

backbone.layer3.16.bn3.bias - torch.Size([1024]): 
PretrainedInit: load from open-mmlab://resnext101_64x4d 

backbone.layer3.17.conv1.weight - torch.Size([1024, 1024, 1, 1]): 
PretrainedInit: load from open-mmlab://resnext101_64x4d 

backbone.layer3.17.bn1.weight - torch.Size([1024]): 
PretrainedInit: load from open-mmlab://resnext101_64x4d 

backbone.layer3.17.bn1.bias - torch.Size([1024]): 
PretrainedInit: load from open-mmlab://resnext101_64x4d 

backbone.layer3.17.conv2.weight - torch.Size([1024, 16, 3, 3]): 
PretrainedInit: load from open-mmlab://resnext101_64x4d 

backbone.layer3.17.bn2.weight - torch.Size([1024]): 
PretrainedInit: load from open-mmlab://resnext101_64x4d 

backbone.layer3.17.bn2.bias - torch.Size([1024]): 
PretrainedInit: load from open-mmlab://resnext101_64x4d 

backbone.layer3.17.conv3.weight - torch.Size([1024, 1024, 1, 1]): 
PretrainedInit: load from open-mmlab://resnext101_64x4d 

backbone.layer3.17.bn3.weight - torch.Size([1024]): 
PretrainedInit: load from open-mmlab://resnext101_64x4d 

backbone.layer3.17.bn3.bias - torch.Size([1024]): 
PretrainedInit: load from open-mmlab://resnext101_64x4d 

backbone.layer3.18.conv1.weight - torch.Size([1024, 1024, 1, 1]): 
PretrainedInit: load from open-mmlab://resnext101_64x4d 

backbone.layer3.18.bn1.weight - torch.Size([1024]): 
PretrainedInit: load from open-mmlab://resnext101_64x4d 

backbone.layer3.18.bn1.bias - torch.Size([1024]): 
PretrainedInit: load from open-mmlab://resnext101_64x4d 

backbone.layer3.18.conv2.weight - torch.Size([1024, 16, 3, 3]): 
PretrainedInit: load from open-mmlab://resnext101_64x4d 

backbone.layer3.18.bn2.weight - torch.Size([1024]): 
PretrainedInit: load from open-mmlab://resnext101_64x4d 

backbone.layer3.18.bn2.bias - torch.Size([1024]): 
PretrainedInit: load from open-mmlab://resnext101_64x4d 

backbone.layer3.18.conv3.weight - torch.Size([1024, 1024, 1, 1]): 
PretrainedInit: load from open-mmlab://resnext101_64x4d 

backbone.layer3.18.bn3.weight - torch.Size([1024]): 
PretrainedInit: load from open-mmlab://resnext101_64x4d 

backbone.layer3.18.bn3.bias - torch.Size([1024]): 
PretrainedInit: load from open-mmlab://resnext101_64x4d 

backbone.layer3.19.conv1.weight - torch.Size([1024, 1024, 1, 1]): 
PretrainedInit: load from open-mmlab://resnext101_64x4d 

backbone.layer3.19.bn1.weight - torch.Size([1024]): 
PretrainedInit: load from open-mmlab://resnext101_64x4d 

backbone.layer3.19.bn1.bias - torch.Size([1024]): 
PretrainedInit: load from open-mmlab://resnext101_64x4d 

backbone.layer3.19.conv2.weight - torch.Size([1024, 16, 3, 3]): 
PretrainedInit: load from open-mmlab://resnext101_64x4d 

backbone.layer3.19.bn2.weight - torch.Size([1024]): 
PretrainedInit: load from open-mmlab://resnext101_64x4d 

backbone.layer3.19.bn2.bias - torch.Size([1024]): 
PretrainedInit: load from open-mmlab://resnext101_64x4d 

backbone.layer3.19.conv3.weight - torch.Size([1024, 1024, 1, 1]): 
PretrainedInit: load from open-mmlab://resnext101_64x4d 

backbone.layer3.19.bn3.weight - torch.Size([1024]): 
PretrainedInit: load from open-mmlab://resnext101_64x4d 

backbone.layer3.19.bn3.bias - torch.Size([1024]): 
PretrainedInit: load from open-mmlab://resnext101_64x4d 

backbone.layer3.20.conv1.weight - torch.Size([1024, 1024, 1, 1]): 
PretrainedInit: load from open-mmlab://resnext101_64x4d 

backbone.layer3.20.bn1.weight - torch.Size([1024]): 
PretrainedInit: load from open-mmlab://resnext101_64x4d 

backbone.layer3.20.bn1.bias - torch.Size([1024]): 
PretrainedInit: load from open-mmlab://resnext101_64x4d 

backbone.layer3.20.conv2.weight - torch.Size([1024, 16, 3, 3]): 
PretrainedInit: load from open-mmlab://resnext101_64x4d 

backbone.layer3.20.bn2.weight - torch.Size([1024]): 
PretrainedInit: load from open-mmlab://resnext101_64x4d 

backbone.layer3.20.bn2.bias - torch.Size([1024]): 
PretrainedInit: load from open-mmlab://resnext101_64x4d 

backbone.layer3.20.conv3.weight - torch.Size([1024, 1024, 1, 1]): 
PretrainedInit: load from open-mmlab://resnext101_64x4d 

backbone.layer3.20.bn3.weight - torch.Size([1024]): 
PretrainedInit: load from open-mmlab://resnext101_64x4d 

backbone.layer3.20.bn3.bias - torch.Size([1024]): 
PretrainedInit: load from open-mmlab://resnext101_64x4d 

backbone.layer3.21.conv1.weight - torch.Size([1024, 1024, 1, 1]): 
PretrainedInit: load from open-mmlab://resnext101_64x4d 

backbone.layer3.21.bn1.weight - torch.Size([1024]): 
PretrainedInit: load from open-mmlab://resnext101_64x4d 

backbone.layer3.21.bn1.bias - torch.Size([1024]): 
PretrainedInit: load from open-mmlab://resnext101_64x4d 

backbone.layer3.21.conv2.weight - torch.Size([1024, 16, 3, 3]): 
PretrainedInit: load from open-mmlab://resnext101_64x4d 

backbone.layer3.21.bn2.weight - torch.Size([1024]): 
PretrainedInit: load from open-mmlab://resnext101_64x4d 

backbone.layer3.21.bn2.bias - torch.Size([1024]): 
PretrainedInit: load from open-mmlab://resnext101_64x4d 

backbone.layer3.21.conv3.weight - torch.Size([1024, 1024, 1, 1]): 
PretrainedInit: load from open-mmlab://resnext101_64x4d 

backbone.layer3.21.bn3.weight - torch.Size([1024]): 
PretrainedInit: load from open-mmlab://resnext101_64x4d 

backbone.layer3.21.bn3.bias - torch.Size([1024]): 
PretrainedInit: load from open-mmlab://resnext101_64x4d 

backbone.layer3.22.conv1.weight - torch.Size([1024, 1024, 1, 1]): 
PretrainedInit: load from open-mmlab://resnext101_64x4d 

backbone.layer3.22.bn1.weight - torch.Size([1024]): 
PretrainedInit: load from open-mmlab://resnext101_64x4d 

backbone.layer3.22.bn1.bias - torch.Size([1024]): 
PretrainedInit: load from open-mmlab://resnext101_64x4d 

backbone.layer3.22.conv2.weight - torch.Size([1024, 16, 3, 3]): 
PretrainedInit: load from open-mmlab://resnext101_64x4d 

backbone.layer3.22.bn2.weight - torch.Size([1024]): 
PretrainedInit: load from open-mmlab://resnext101_64x4d 

backbone.layer3.22.bn2.bias - torch.Size([1024]): 
PretrainedInit: load from open-mmlab://resnext101_64x4d 

backbone.layer3.22.conv3.weight - torch.Size([1024, 1024, 1, 1]): 
PretrainedInit: load from open-mmlab://resnext101_64x4d 

backbone.layer3.22.bn3.weight - torch.Size([1024]): 
PretrainedInit: load from open-mmlab://resnext101_64x4d 

backbone.layer3.22.bn3.bias - torch.Size([1024]): 
PretrainedInit: load from open-mmlab://resnext101_64x4d 

backbone.layer4.0.conv1.weight - torch.Size([2048, 1024, 1, 1]): 
PretrainedInit: load from open-mmlab://resnext101_64x4d 

backbone.layer4.0.bn1.weight - torch.Size([2048]): 
PretrainedInit: load from open-mmlab://resnext101_64x4d 

backbone.layer4.0.bn1.bias - torch.Size([2048]): 
PretrainedInit: load from open-mmlab://resnext101_64x4d 

backbone.layer4.0.conv2.weight - torch.Size([2048, 32, 3, 3]): 
PretrainedInit: load from open-mmlab://resnext101_64x4d 

backbone.layer4.0.bn2.weight - torch.Size([2048]): 
PretrainedInit: load from open-mmlab://resnext101_64x4d 

backbone.layer4.0.bn2.bias - torch.Size([2048]): 
PretrainedInit: load from open-mmlab://resnext101_64x4d 

backbone.layer4.0.conv3.weight - torch.Size([2048, 2048, 1, 1]): 
PretrainedInit: load from open-mmlab://resnext101_64x4d 

backbone.layer4.0.bn3.weight - torch.Size([2048]): 
PretrainedInit: load from open-mmlab://resnext101_64x4d 

backbone.layer4.0.bn3.bias - torch.Size([2048]): 
PretrainedInit: load from open-mmlab://resnext101_64x4d 

backbone.layer4.0.downsample.0.weight - torch.Size([2048, 1024, 1, 1]): 
PretrainedInit: load from open-mmlab://resnext101_64x4d 

backbone.layer4.0.downsample.1.weight - torch.Size([2048]): 
PretrainedInit: load from open-mmlab://resnext101_64x4d 

backbone.layer4.0.downsample.1.bias - torch.Size([2048]): 
PretrainedInit: load from open-mmlab://resnext101_64x4d 

backbone.layer4.1.conv1.weight - torch.Size([2048, 2048, 1, 1]): 
PretrainedInit: load from open-mmlab://resnext101_64x4d 

backbone.layer4.1.bn1.weight - torch.Size([2048]): 
PretrainedInit: load from open-mmlab://resnext101_64x4d 

backbone.layer4.1.bn1.bias - torch.Size([2048]): 
PretrainedInit: load from open-mmlab://resnext101_64x4d 

backbone.layer4.1.conv2.weight - torch.Size([2048, 32, 3, 3]): 
PretrainedInit: load from open-mmlab://resnext101_64x4d 

backbone.layer4.1.bn2.weight - torch.Size([2048]): 
PretrainedInit: load from open-mmlab://resnext101_64x4d 

backbone.layer4.1.bn2.bias - torch.Size([2048]): 
PretrainedInit: load from open-mmlab://resnext101_64x4d 

backbone.layer4.1.conv3.weight - torch.Size([2048, 2048, 1, 1]): 
PretrainedInit: load from open-mmlab://resnext101_64x4d 

backbone.layer4.1.bn3.weight - torch.Size([2048]): 
PretrainedInit: load from open-mmlab://resnext101_64x4d 

backbone.layer4.1.bn3.bias - torch.Size([2048]): 
PretrainedInit: load from open-mmlab://resnext101_64x4d 

backbone.layer4.2.conv1.weight - torch.Size([2048, 2048, 1, 1]): 
PretrainedInit: load from open-mmlab://resnext101_64x4d 

backbone.layer4.2.bn1.weight - torch.Size([2048]): 
PretrainedInit: load from open-mmlab://resnext101_64x4d 

backbone.layer4.2.bn1.bias - torch.Size([2048]): 
PretrainedInit: load from open-mmlab://resnext101_64x4d 

backbone.layer4.2.conv2.weight - torch.Size([2048, 32, 3, 3]): 
PretrainedInit: load from open-mmlab://resnext101_64x4d 

backbone.layer4.2.bn2.weight - torch.Size([2048]): 
PretrainedInit: load from open-mmlab://resnext101_64x4d 

backbone.layer4.2.bn2.bias - torch.Size([2048]): 
PretrainedInit: load from open-mmlab://resnext101_64x4d 

backbone.layer4.2.conv3.weight - torch.Size([2048, 2048, 1, 1]): 
PretrainedInit: load from open-mmlab://resnext101_64x4d 

backbone.layer4.2.bn3.weight - torch.Size([2048]): 
PretrainedInit: load from open-mmlab://resnext101_64x4d 

backbone.layer4.2.bn3.bias - torch.Size([2048]): 
PretrainedInit: load from open-mmlab://resnext101_64x4d 

neck.lateral_convs.0.conv.weight - torch.Size([256, 256, 1, 1]): 
XavierInit: gain=1, distribution=uniform, bias=0 

neck.lateral_convs.0.conv.bias - torch.Size([256]): 
The value is the same before and after calling `init_weights` of HybridTaskCascade  

neck.lateral_convs.1.conv.weight - torch.Size([256, 512, 1, 1]): 
XavierInit: gain=1, distribution=uniform, bias=0 

neck.lateral_convs.1.conv.bias - torch.Size([256]): 
The value is the same before and after calling `init_weights` of HybridTaskCascade  

neck.lateral_convs.2.conv.weight - torch.Size([256, 1024, 1, 1]): 
XavierInit: gain=1, distribution=uniform, bias=0 

neck.lateral_convs.2.conv.bias - torch.Size([256]): 
The value is the same before and after calling `init_weights` of HybridTaskCascade  

neck.lateral_convs.3.conv.weight - torch.Size([256, 2048, 1, 1]): 
XavierInit: gain=1, distribution=uniform, bias=0 

neck.lateral_convs.3.conv.bias - torch.Size([256]): 
The value is the same before and after calling `init_weights` of HybridTaskCascade  

neck.fpn_convs.0.conv.weight - torch.Size([256, 256, 3, 3]): 
XavierInit: gain=1, distribution=uniform, bias=0 

neck.fpn_convs.0.conv.bias - torch.Size([256]): 
The value is the same before and after calling `init_weights` of HybridTaskCascade  

neck.fpn_convs.1.conv.weight - torch.Size([256, 256, 3, 3]): 
XavierInit: gain=1, distribution=uniform, bias=0 

neck.fpn_convs.1.conv.bias - torch.Size([256]): 
The value is the same before and after calling `init_weights` of HybridTaskCascade  

neck.fpn_convs.2.conv.weight - torch.Size([256, 256, 3, 3]): 
XavierInit: gain=1, distribution=uniform, bias=0 

neck.fpn_convs.2.conv.bias - torch.Size([256]): 
The value is the same before and after calling `init_weights` of HybridTaskCascade  

neck.fpn_convs.3.conv.weight - torch.Size([256, 256, 3, 3]): 
XavierInit: gain=1, distribution=uniform, bias=0 

neck.fpn_convs.3.conv.bias - torch.Size([256]): 
The value is the same before and after calling `init_weights` of HybridTaskCascade  

rpn_head.rpn_conv.weight - torch.Size([256, 256, 3, 3]): 
NormalInit: mean=0, std=0.01, bias=0 

rpn_head.rpn_conv.bias - torch.Size([256]): 
NormalInit: mean=0, std=0.01, bias=0 

rpn_head.rpn_cls.weight - torch.Size([3, 256, 1, 1]): 
NormalInit: mean=0, std=0.01, bias=0 

rpn_head.rpn_cls.bias - torch.Size([3]): 
NormalInit: mean=0, std=0.01, bias=0 

rpn_head.rpn_reg.weight - torch.Size([12, 256, 1, 1]): 
NormalInit: mean=0, std=0.01, bias=0 

rpn_head.rpn_reg.bias - torch.Size([12]): 
NormalInit: mean=0, std=0.01, bias=0 

roi_head.bbox_head.0.fc_cls.weight - torch.Size([11, 1024]): 
XavierInit: gain=1, distribution=normal, bias=0 

roi_head.bbox_head.0.fc_cls.bias - torch.Size([11]): 
NormalInit: mean=0, std=0.01, bias=0 

roi_head.bbox_head.0.fc_reg.weight - torch.Size([4, 1024]): 
XavierInit: gain=1, distribution=normal, bias=0 

roi_head.bbox_head.0.fc_reg.bias - torch.Size([4]): 
NormalInit: mean=0, std=0.001, bias=0 

roi_head.bbox_head.0.shared_fcs.0.weight - torch.Size([1024, 12544]): 
XavierInit: gain=1, distribution=normal, bias=0 

roi_head.bbox_head.0.shared_fcs.0.bias - torch.Size([1024]): 
XavierInit: gain=1, distribution=normal, bias=0 

roi_head.bbox_head.0.shared_fcs.1.weight - torch.Size([1024, 1024]): 
XavierInit: gain=1, distribution=normal, bias=0 

roi_head.bbox_head.0.shared_fcs.1.bias - torch.Size([1024]): 
XavierInit: gain=1, distribution=normal, bias=0 

roi_head.bbox_head.1.fc_cls.weight - torch.Size([11, 1024]): 
XavierInit: gain=1, distribution=normal, bias=0 

roi_head.bbox_head.1.fc_cls.bias - torch.Size([11]): 
NormalInit: mean=0, std=0.01, bias=0 

roi_head.bbox_head.1.fc_reg.weight - torch.Size([4, 1024]): 
XavierInit: gain=1, distribution=normal, bias=0 

roi_head.bbox_head.1.fc_reg.bias - torch.Size([4]): 
NormalInit: mean=0, std=0.001, bias=0 

roi_head.bbox_head.1.shared_fcs.0.weight - torch.Size([1024, 12544]): 
XavierInit: gain=1, distribution=normal, bias=0 

roi_head.bbox_head.1.shared_fcs.0.bias - torch.Size([1024]): 
XavierInit: gain=1, distribution=normal, bias=0 

roi_head.bbox_head.1.shared_fcs.1.weight - torch.Size([1024, 1024]): 
XavierInit: gain=1, distribution=normal, bias=0 

roi_head.bbox_head.1.shared_fcs.1.bias - torch.Size([1024]): 
XavierInit: gain=1, distribution=normal, bias=0 

roi_head.bbox_head.2.fc_cls.weight - torch.Size([11, 1024]): 
XavierInit: gain=1, distribution=normal, bias=0 

roi_head.bbox_head.2.fc_cls.bias - torch.Size([11]): 
NormalInit: mean=0, std=0.01, bias=0 

roi_head.bbox_head.2.fc_reg.weight - torch.Size([4, 1024]): 
XavierInit: gain=1, distribution=normal, bias=0 

roi_head.bbox_head.2.fc_reg.bias - torch.Size([4]): 
NormalInit: mean=0, std=0.001, bias=0 

roi_head.bbox_head.2.shared_fcs.0.weight - torch.Size([1024, 12544]): 
XavierInit: gain=1, distribution=normal, bias=0 

roi_head.bbox_head.2.shared_fcs.0.bias - torch.Size([1024]): 
XavierInit: gain=1, distribution=normal, bias=0 

roi_head.bbox_head.2.shared_fcs.1.weight - torch.Size([1024, 1024]): 
XavierInit: gain=1, distribution=normal, bias=0 

roi_head.bbox_head.2.shared_fcs.1.bias - torch.Size([1024]): 
XavierInit: gain=1, distribution=normal, bias=0 
2021-10-08 11:49:15,367 - mmdet - INFO - Start running, host: root@00a46a6c3ac0, work_dir: /opt/ml/detection/object-detection-level2-cv-01/work_dirs/HTC_x101_64x4d_FPN_CIoU
2021-10-08 11:49:15,368 - mmdet - INFO - Hooks will be executed in the following order:
before_run:
(VERY_HIGH   ) CosineAnnealingLrUpdaterHook       
(NORMAL      ) CheckpointHook                     
(LOW         ) EvalHook                           
(VERY_LOW    ) TextLoggerHook                     
(VERY_LOW    ) WandbLoggerHook                    
 -------------------- 
before_train_epoch:
(VERY_HIGH   ) CosineAnnealingLrUpdaterHook       
(NORMAL      ) NumClassCheckHook                  
(LOW         ) IterTimerHook                      
(LOW         ) EvalHook                           
(VERY_LOW    ) TextLoggerHook                     
(VERY_LOW    ) WandbLoggerHook                    
 -------------------- 
before_train_iter:
(VERY_HIGH   ) CosineAnnealingLrUpdaterHook       
(LOW         ) IterTimerHook                      
(LOW         ) EvalHook                           
 -------------------- 
after_train_iter:
(ABOVE_NORMAL) OptimizerHook                      
(NORMAL      ) CheckpointHook                     
(LOW         ) IterTimerHook                      
(LOW         ) EvalHook                           
(VERY_LOW    ) TextLoggerHook                     
(VERY_LOW    ) WandbLoggerHook                    
 -------------------- 
after_train_epoch:
(NORMAL      ) CheckpointHook                     
(LOW         ) EvalHook                           
(VERY_LOW    ) TextLoggerHook                     
(VERY_LOW    ) WandbLoggerHook                    
 -------------------- 
before_val_epoch:
(NORMAL      ) NumClassCheckHook                  
(LOW         ) IterTimerHook                      
(VERY_LOW    ) TextLoggerHook                     
(VERY_LOW    ) WandbLoggerHook                    
 -------------------- 
before_val_iter:
(LOW         ) IterTimerHook                      
 -------------------- 
after_val_iter:
(LOW         ) IterTimerHook                      
 -------------------- 
after_val_epoch:
(VERY_LOW    ) TextLoggerHook                     
(VERY_LOW    ) WandbLoggerHook                    
 -------------------- 
after_run:
(VERY_LOW    ) WandbLoggerHook                    
 -------------------- 
2021-10-08 11:49:15,368 - mmdet - INFO - workflow: [('train', 1)], max: 50 epochs
2021-10-08 11:49:46,003 - mmdet - INFO - Epoch [1][50/1109]	lr: 5.851e-06, eta: 7:22:52, time: 0.480, data_time: 0.049, memory: 3850, loss_rpn_cls: 0.6539, loss_rpn_bbox: 0.1097, s0.loss_cls: 0.5921, s0.acc: 88.3604, s0.loss_bbox: 0.0530, s1.loss_cls: 0.3133, s1.acc: 83.0840, s1.loss_bbox: 0.0159, s2.loss_cls: 0.2175, s2.acc: 75.7324, s2.loss_bbox: 0.0056, loss: 1.9610
2021-10-08 11:50:08,046 - mmdet - INFO - Epoch [1][100/1109]	lr: 1.080e-05, eta: 7:04:34, time: 0.441, data_time: 0.005, memory: 3850, loss_rpn_cls: 0.4006, loss_rpn_bbox: 0.0921, s0.loss_cls: 0.2446, s0.acc: 95.6445, s0.loss_bbox: 0.0468, s1.loss_cls: 0.0762, s1.acc: 98.0176, s1.loss_bbox: 0.0133, s2.loss_cls: 0.0266, s2.acc: 98.7656, s2.loss_bbox: 0.0045, loss: 0.9047
2021-10-08 11:50:29,595 - mmdet - INFO - Epoch [1][150/1109]	lr: 1.575e-05, eta: 6:55:12, time: 0.431, data_time: 0.005, memory: 3850, loss_rpn_cls: 0.1721, loss_rpn_bbox: 0.0698, s0.loss_cls: 0.2543, s0.acc: 95.1768, s0.loss_bbox: 0.0469, s1.loss_cls: 0.0728, s1.acc: 97.7930, s1.loss_bbox: 0.0116, s2.loss_cls: 0.0254, s2.acc: 98.6895, s2.loss_bbox: 0.0037, loss: 0.6566
2021-10-08 11:50:51,148 - mmdet - INFO - Epoch [1][200/1109]	lr: 2.070e-05, eta: 6:50:21, time: 0.431, data_time: 0.005, memory: 3850, loss_rpn_cls: 0.1909, loss_rpn_bbox: 0.0769, s0.loss_cls: 0.2385, s0.acc: 95.1475, s0.loss_bbox: 0.0476, s1.loss_cls: 0.0679, s1.acc: 97.7178, s1.loss_bbox: 0.0120, s2.loss_cls: 0.0264, s2.acc: 98.5586, s2.loss_bbox: 0.0038, loss: 0.6641
2021-10-08 11:51:12,848 - mmdet - INFO - Epoch [1][250/1109]	lr: 2.565e-05, eta: 6:47:50, time: 0.434, data_time: 0.005, memory: 3850, loss_rpn_cls: 0.1510, loss_rpn_bbox: 0.0648, s0.loss_cls: 0.2235, s0.acc: 95.3340, s0.loss_bbox: 0.0447, s1.loss_cls: 0.0617, s1.acc: 97.9766, s1.loss_bbox: 0.0107, s2.loss_cls: 0.0222, s2.acc: 98.8369, s2.loss_bbox: 0.0031, loss: 0.5816
2021-10-08 11:51:34,790 - mmdet - INFO - Epoch [1][300/1109]	lr: 3.060e-05, eta: 6:46:46, time: 0.439, data_time: 0.005, memory: 3850, loss_rpn_cls: 0.1596, loss_rpn_bbox: 0.0674, s0.loss_cls: 0.2296, s0.acc: 95.1260, s0.loss_bbox: 0.0495, s1.loss_cls: 0.0642, s1.acc: 97.7588, s1.loss_bbox: 0.0118, s2.loss_cls: 0.0226, s2.acc: 98.7139, s2.loss_bbox: 0.0034, loss: 0.6080
2021-10-08 11:51:56,899 - mmdet - INFO - Epoch [1][350/1109]	lr: 3.555e-05, eta: 6:46:21, time: 0.442, data_time: 0.005, memory: 3850, loss_rpn_cls: 0.1441, loss_rpn_bbox: 0.0622, s0.loss_cls: 0.2283, s0.acc: 95.3291, s0.loss_bbox: 0.0468, s1.loss_cls: 0.0642, s1.acc: 97.8672, s1.loss_bbox: 0.0114, s2.loss_cls: 0.0227, s2.acc: 98.7002, s2.loss_bbox: 0.0033, loss: 0.5830
2021-10-08 11:52:18,883 - mmdet - INFO - Epoch [1][400/1109]	lr: 4.050e-05, eta: 6:45:40, time: 0.440, data_time: 0.005, memory: 3850, loss_rpn_cls: 0.1527, loss_rpn_bbox: 0.0628, s0.loss_cls: 0.2427, s0.acc: 95.2734, s0.loss_bbox: 0.0474, s1.loss_cls: 0.0708, s1.acc: 97.7451, s1.loss_bbox: 0.0118, s2.loss_cls: 0.0233, s2.acc: 98.7344, s2.loss_bbox: 0.0034, loss: 0.6150
2021-10-08 11:52:41,067 - mmdet - INFO - Epoch [1][450/1109]	lr: 4.545e-05, eta: 6:45:27, time: 0.444, data_time: 0.005, memory: 3850, loss_rpn_cls: 0.1596, loss_rpn_bbox: 0.0617, s0.loss_cls: 0.2568, s0.acc: 95.2314, s0.loss_bbox: 0.0488, s1.loss_cls: 0.0707, s1.acc: 97.7607, s1.loss_bbox: 0.0121, s2.loss_cls: 0.0231, s2.acc: 98.7822, s2.loss_bbox: 0.0033, loss: 0.6361
2021-10-08 11:53:03,538 - mmdet - INFO - Epoch [1][500/1109]	lr: 5.040e-05, eta: 6:45:44, time: 0.449, data_time: 0.005, memory: 3850, loss_rpn_cls: 0.1291, loss_rpn_bbox: 0.0551, s0.loss_cls: 0.2183, s0.acc: 95.6357, s0.loss_bbox: 0.0447, s1.loss_cls: 0.0581, s1.acc: 98.0527, s1.loss_bbox: 0.0104, s2.loss_cls: 0.0185, s2.acc: 98.8926, s2.loss_bbox: 0.0030, loss: 0.5372
2021-10-08 11:53:25,897 - mmdet - INFO - Epoch [1][550/1109]	lr: 5.535e-05, eta: 6:45:42, time: 0.447, data_time: 0.005, memory: 3850, loss_rpn_cls: 0.1332, loss_rpn_bbox: 0.0547, s0.loss_cls: 0.2496, s0.acc: 95.2256, s0.loss_bbox: 0.0484, s1.loss_cls: 0.0670, s1.acc: 97.8242, s1.loss_bbox: 0.0116, s2.loss_cls: 0.0205, s2.acc: 98.8262, s2.loss_bbox: 0.0032, loss: 0.5882
2021-10-08 11:53:48,076 - mmdet - INFO - Epoch [1][600/1109]	lr: 6.030e-05, eta: 6:45:21, time: 0.444, data_time: 0.005, memory: 3850, loss_rpn_cls: 0.1450, loss_rpn_bbox: 0.0578, s0.loss_cls: 0.2222, s0.acc: 95.7510, s0.loss_bbox: 0.0433, s1.loss_cls: 0.0607, s1.acc: 98.0205, s1.loss_bbox: 0.0105, s2.loss_cls: 0.0196, s2.acc: 98.8623, s2.loss_bbox: 0.0030, loss: 0.5622
2021-10-08 11:54:10,061 - mmdet - INFO - Epoch [1][650/1109]	lr: 6.525e-05, eta: 6:44:43, time: 0.440, data_time: 0.005, memory: 3850, loss_rpn_cls: 0.1969, loss_rpn_bbox: 0.0734, s0.loss_cls: 0.3018, s0.acc: 94.7266, s0.loss_bbox: 0.0542, s1.loss_cls: 0.0831, s1.acc: 97.4297, s1.loss_bbox: 0.0138, s2.loss_cls: 0.0272, s2.acc: 98.4600, s2.loss_bbox: 0.0042, loss: 0.7545
2021-10-08 11:54:32,258 - mmdet - INFO - Epoch [1][700/1109]	lr: 7.020e-05, eta: 6:44:24, time: 0.444, data_time: 0.005, memory: 3850, loss_rpn_cls: 0.1668, loss_rpn_bbox: 0.0612, s0.loss_cls: 0.2349, s0.acc: 95.7705, s0.loss_bbox: 0.0433, s1.loss_cls: 0.0644, s1.acc: 97.9971, s1.loss_bbox: 0.0107, s2.loss_cls: 0.0208, s2.acc: 98.8262, s2.loss_bbox: 0.0032, loss: 0.6053
2021-10-08 11:54:54,361 - mmdet - INFO - Epoch [1][750/1109]	lr: 7.515e-05, eta: 6:43:58, time: 0.442, data_time: 0.005, memory: 3850, loss_rpn_cls: 0.1790, loss_rpn_bbox: 0.0688, s0.loss_cls: 0.2714, s0.acc: 95.1484, s0.loss_bbox: 0.0496, s1.loss_cls: 0.0776, s1.acc: 97.5527, s1.loss_bbox: 0.0130, s2.loss_cls: 0.0258, s2.acc: 98.5127, s2.loss_bbox: 0.0040, loss: 0.6893
2021-10-08 11:55:16,184 - mmdet - INFO - Epoch [1][800/1109]	lr: 8.010e-05, eta: 6:43:13, time: 0.436, data_time: 0.005, memory: 3850, loss_rpn_cls: 0.1816, loss_rpn_bbox: 0.0589, s0.loss_cls: 0.2103, s0.acc: 96.2275, s0.loss_bbox: 0.0385, s1.loss_cls: 0.0612, s1.acc: 98.0781, s1.loss_bbox: 0.0102, s2.loss_cls: 0.0215, s2.acc: 98.7734, s2.loss_bbox: 0.0033, loss: 0.5854
2021-10-08 11:55:38,102 - mmdet - INFO - Epoch [1][850/1109]	lr: 8.505e-05, eta: 6:42:37, time: 0.438, data_time: 0.005, memory: 3850, loss_rpn_cls: 0.1852, loss_rpn_bbox: 0.0649, s0.loss_cls: 0.2312, s0.acc: 95.8242, s0.loss_bbox: 0.0429, s1.loss_cls: 0.0668, s1.acc: 97.9053, s1.loss_bbox: 0.0114, s2.loss_cls: 0.0222, s2.acc: 98.7305, s2.loss_bbox: 0.0035, loss: 0.6280
2021-10-08 11:56:00,004 - mmdet - INFO - Epoch [1][900/1109]	lr: 9.000e-05, eta: 6:42:01, time: 0.438, data_time: 0.005, memory: 3850, loss_rpn_cls: 0.1679, loss_rpn_bbox: 0.0560, s0.loss_cls: 0.2252, s0.acc: 95.9150, s0.loss_bbox: 0.0419, s1.loss_cls: 0.0626, s1.acc: 98.0391, s1.loss_bbox: 0.0105, s2.loss_cls: 0.0206, s2.acc: 98.8145, s2.loss_bbox: 0.0033, loss: 0.5880
2021-10-08 11:56:22,255 - mmdet - INFO - Epoch [1][950/1109]	lr: 9.495e-05, eta: 6:41:47, time: 0.445, data_time: 0.005, memory: 3850, loss_rpn_cls: 0.2071, loss_rpn_bbox: 0.0742, s0.loss_cls: 0.2483, s0.acc: 95.5889, s0.loss_bbox: 0.0452, s1.loss_cls: 0.0709, s1.acc: 97.8086, s1.loss_bbox: 0.0118, s2.loss_cls: 0.0239, s2.acc: 98.6426, s2.loss_bbox: 0.0037, loss: 0.6853
2021-10-08 11:56:44,702 - mmdet - INFO - Exp name: HTC_x101_64x4d_FPN_CIoU.py
2021-10-08 11:56:44,702 - mmdet - INFO - Epoch [1][1000/1109]	lr: 9.990e-05, eta: 6:41:43, time: 0.449, data_time: 0.005, memory: 3850, loss_rpn_cls: 0.2083, loss_rpn_bbox: 0.0682, s0.loss_cls: 0.1980, s0.acc: 96.5312, s0.loss_bbox: 0.0356, s1.loss_cls: 0.0608, s1.acc: 98.1357, s1.loss_bbox: 0.0100, s2.loss_cls: 0.0221, s2.acc: 98.7500, s2.loss_bbox: 0.0034, loss: 0.6064
2021-10-08 11:57:06,572 - mmdet - INFO - Epoch [1][1050/1109]	lr: 1.000e-04, eta: 6:41:07, time: 0.437, data_time: 0.005, memory: 3850, loss_rpn_cls: 0.1693, loss_rpn_bbox: 0.0539, s0.loss_cls: 0.1890, s0.acc: 96.8516, s0.loss_bbox: 0.0325, s1.loss_cls: 0.0547, s1.acc: 98.4121, s1.loss_bbox: 0.0087, s2.loss_cls: 0.0192, s2.acc: 98.9863, s2.loss_bbox: 0.0028, loss: 0.5301
2021-10-08 11:57:28,393 - mmdet - INFO - Epoch [1][1100/1109]	lr: 1.000e-04, eta: 6:40:30, time: 0.436, data_time: 0.005, memory: 3850, loss_rpn_cls: 0.2153, loss_rpn_bbox: 0.0717, s0.loss_cls: 0.2481, s0.acc: 95.7158, s0.loss_bbox: 0.0444, s1.loss_cls: 0.0728, s1.acc: 97.7998, s1.loss_bbox: 0.0121, s2.loss_cls: 0.0245, s2.acc: 98.6338, s2.loss_bbox: 0.0038, loss: 0.6926
2021-10-08 11:58:02,802 - mmdet - INFO - Evaluating bbox...
2021-10-08 11:58:07,910 - mmdet - INFO - Now best checkpoint is saved as best_bbox_mAP_50_epoch_1.pth.
2021-10-08 11:58:07,911 - mmdet - INFO - Best bbox_mAP_50 is 0.0010 at 1 epoch.
2021-10-08 11:58:07,913 - mmdet - INFO - Exp name: HTC_x101_64x4d_FPN_CIoU.py
2021-10-08 11:58:07,913 - mmdet - INFO - Epoch(val) [1][448]	bbox_mAP: 0.0000, bbox_mAP_50: 0.0010, bbox_mAP_75: 0.0000, bbox_mAP_s: 0.0000, bbox_mAP_m: 0.0000, bbox_mAP_l: 0.0000, bbox_mAP_copypaste: 0.000 0.001 0.000 0.000 0.000 0.000
