2021-10-09 09:36:30,644 - mmdet - INFO - Environment info:
------------------------------------------------------------
sys.platform: linux
Python: 3.7.11 (default, Jul 27 2021, 14:32:16) [GCC 7.5.0]
CUDA available: True
GPU 0: Tesla V100-PCIE-32GB
CUDA_HOME: None
GCC: gcc (Ubuntu 7.5.0-3ubuntu1~18.04) 7.5.0
PyTorch: 1.7.1
PyTorch compiling details: PyTorch built with:
  - GCC 7.3
  - C++ Version: 201402
  - Intel(R) oneAPI Math Kernel Library Version 2021.3-Product Build 20210617 for Intel(R) 64 architecture applications
  - Intel(R) MKL-DNN v1.6.0 (Git Hash 5ef631a030a6f73131c77892041042805a06064f)
  - OpenMP 201511 (a.k.a. OpenMP 4.5)
  - NNPACK is enabled
  - CPU capability usage: AVX2
  - CUDA Runtime 11.0
  - NVCC architecture flags: -gencode;arch=compute_37,code=sm_37;-gencode;arch=compute_50,code=sm_50;-gencode;arch=compute_60,code=sm_60;-gencode;arch=compute_61,code=sm_61;-gencode;arch=compute_70,code=sm_70;-gencode;arch=compute_75,code=sm_75;-gencode;arch=compute_80,code=sm_80;-gencode;arch=compute_37,code=compute_37
  - CuDNN 8.0.5
  - Magma 2.5.2
  - Build settings: BLAS=MKL, BUILD_TYPE=Release, CXX_FLAGS= -Wno-deprecated -fvisibility-inlines-hidden -DUSE_PTHREADPOOL -fopenmp -DNDEBUG -DUSE_FBGEMM -DUSE_QNNPACK -DUSE_PYTORCH_QNNPACK -DUSE_XNNPACK -DUSE_VULKAN_WRAPPER -O2 -fPIC -Wno-narrowing -Wall -Wextra -Werror=return-type -Wno-missing-field-initializers -Wno-type-limits -Wno-array-bounds -Wno-unknown-pragmas -Wno-sign-compare -Wno-unused-parameter -Wno-unused-variable -Wno-unused-function -Wno-unused-result -Wno-unused-local-typedefs -Wno-strict-overflow -Wno-strict-aliasing -Wno-error=deprecated-declarations -Wno-stringop-overflow -Wno-psabi -Wno-error=pedantic -Wno-error=redundant-decls -Wno-error=old-style-cast -fdiagnostics-color=always -faligned-new -Wno-unused-but-set-variable -Wno-maybe-uninitialized -fno-math-errno -fno-trapping-math -Werror=format -Wno-stringop-overflow, PERF_WITH_AVX=1, PERF_WITH_AVX2=1, PERF_WITH_AVX512=1, USE_CUDA=ON, USE_EXCEPTION_PTR=1, USE_GFLAGS=OFF, USE_GLOG=OFF, USE_MKL=ON, USE_MKLDNN=ON, USE_MPI=OFF, USE_NCCL=ON, USE_NNPACK=ON, USE_OPENMP=ON, 

TorchVision: 0.8.2
OpenCV: 4.5.3
MMCV: 1.3.14
MMCV Compiler: GCC 7.3
MMCV CUDA Compiler: 11.0
MMDetection: 2.17.0+044cccd
------------------------------------------------------------

2021-10-09 09:36:31,148 - mmdet - INFO - Distributed training: False
2021-10-09 09:36:31,644 - mmdet - INFO - Config:
dataset_type = 'CocoDataset'
data_root = '/opt/ml/detection/dataset/'
classes = [
    'General trash', 'Paper', 'Paper pack', 'Metal', 'Glass', 'Plastic',
    'Styrofoam', 'Plastic bag', 'Battery', 'Clothing'
]
img_norm_cfg = dict(mean=[0, 0, 0], std=[255.0, 255.0, 255.0], to_rgb=True)
train_pipeline = [
    dict(type='LoadImageFromFile'),
    dict(type='LoadAnnotations', with_bbox=True),
    dict(type='Resize', img_scale=(300, 300), keep_ratio=True),
    dict(type='RandomFlip', flip_ratio=0.5),
    dict(
        type='Normalize',
        mean=[0, 0, 0],
        std=[255.0, 255.0, 255.0],
        to_rgb=True),
    dict(type='DefaultFormatBundle'),
    dict(type='Collect', keys=['img', 'gt_bboxes', 'gt_labels'])
]
test_pipeline = [
    dict(type='LoadImageFromFile'),
    dict(
        type='MultiScaleFlipAug',
        img_scale=(300, 300),
        flip=False,
        transforms=[
            dict(type='Resize', keep_ratio=True),
            dict(type='RandomFlip'),
            dict(
                type='Normalize',
                mean=[0, 0, 0],
                std=[255.0, 255.0, 255.0],
                to_rgb=True),
            dict(type='ImageToTensor', keys=['img']),
            dict(type='Collect', keys=['img'])
        ])
]
data = dict(
    samples_per_gpu=4,
    workers_per_gpu=2,
    train=dict(
        type='CocoDataset',
        ann_file='/opt/ml/detection/dataset/train_kfold1.json',
        img_prefix='/opt/ml/detection/dataset/',
        classes=[
            'General trash', 'Paper', 'Paper pack', 'Metal', 'Glass',
            'Plastic', 'Styrofoam', 'Plastic bag', 'Battery', 'Clothing'
        ],
        pipeline=[
            dict(type='LoadImageFromFile'),
            dict(type='LoadAnnotations', with_bbox=True),
            dict(type='Resize', img_scale=(300, 300), keep_ratio=True),
            dict(type='RandomFlip', flip_ratio=0.5),
            dict(
                type='Normalize',
                mean=[0, 0, 0],
                std=[255.0, 255.0, 255.0],
                to_rgb=True),
            dict(type='DefaultFormatBundle'),
            dict(type='Collect', keys=['img', 'gt_bboxes', 'gt_labels'])
        ]),
    val=dict(
        type='CocoDataset',
        ann_file='/opt/ml/detection/dataset/val_kfold1.json',
        classes=[
            'General trash', 'Paper', 'Paper pack', 'Metal', 'Glass',
            'Plastic', 'Styrofoam', 'Plastic bag', 'Battery', 'Clothing'
        ],
        img_prefix='/opt/ml/detection/dataset/',
        pipeline=[
            dict(type='LoadImageFromFile'),
            dict(
                type='MultiScaleFlipAug',
                img_scale=(300, 300),
                flip=False,
                transforms=[
                    dict(type='Resize', keep_ratio=True),
                    dict(type='RandomFlip'),
                    dict(
                        type='Normalize',
                        mean=[0, 0, 0],
                        std=[255.0, 255.0, 255.0],
                        to_rgb=True),
                    dict(type='ImageToTensor', keys=['img']),
                    dict(type='Collect', keys=['img'])
                ])
        ]),
    test=dict(
        type='CocoDataset',
        ann_file='/opt/ml/detection/dataset/test.json',
        classes=[
            'General trash', 'Paper', 'Paper pack', 'Metal', 'Glass',
            'Plastic', 'Styrofoam', 'Plastic bag', 'Battery', 'Clothing'
        ],
        img_prefix='/opt/ml/detection/dataset/',
        pipeline=[
            dict(type='LoadImageFromFile'),
            dict(
                type='MultiScaleFlipAug',
                img_scale=(300, 300),
                flip=False,
                transforms=[
                    dict(type='Resize', keep_ratio=True),
                    dict(type='RandomFlip'),
                    dict(
                        type='Normalize',
                        mean=[0, 0, 0],
                        std=[255.0, 255.0, 255.0],
                        to_rgb=True),
                    dict(type='ImageToTensor', keys=['img']),
                    dict(type='Collect', keys=['img'])
                ])
        ]))
evaluation = dict(interval=1, metric='bbox', save_best='bbox_mAP_50')
checkpoint_config = dict(interval=100)
log_config = dict(
    interval=50,
    hooks=[
        dict(type='TextLoggerHook'),
        dict(type='WandbLoggerHook', init_kwargs=dict(project='mmdetection'))
    ])
custom_hooks = [dict(type='NumClassCheckHook')]
dist_params = dict(backend='nccl')
log_level = 'INFO'
load_from = None
resume_from = None
workflow = [('train', 1)]
optimizer = dict(type='SGD', lr=0.002, momentum=0.9, weight_decay=0.0001)
optimizer_config = dict(grad_clip=None)
lr_config = dict(
    policy='CosineAnnealing',
    warmup='linear',
    warmup_iters=1000,
    warmup_ratio=0.01,
    min_lr=1e-06)
runner = dict(type='EpochBasedRunner', max_epochs=50)
model = dict(
    type='HybridTaskCascade',
    backbone=dict(
        type='ResNeXt',
        depth=101,
        num_stages=4,
        out_indices=(0, 1, 2, 3),
        frozen_stages=1,
        norm_cfg=dict(type='BN', requires_grad=True),
        norm_eval=True,
        style='pytorch',
        init_cfg=dict(
            type='Pretrained', checkpoint='open-mmlab://resnext101_64x4d'),
        groups=64,
        base_width=4),
    neck=dict(
        type='FPN',
        in_channels=[256, 512, 1024, 2048],
        out_channels=256,
        num_outs=5),
    rpn_head=dict(
        type='RPNHead',
        in_channels=256,
        feat_channels=256,
        anchor_generator=dict(
            type='AnchorGenerator',
            scales=[8],
            ratios=[0.5, 1.0, 2.0],
            strides=[4, 8, 16, 32, 64]),
        bbox_coder=dict(
            type='DeltaXYWHBBoxCoder',
            target_means=[0.0, 0.0, 0.0, 0.0],
            target_stds=[1.0, 1.0, 1.0, 1.0]),
        loss_cls=dict(
            type='CrossEntropyLoss', use_sigmoid=True, loss_weight=1.0),
        loss_bbox=dict(
            type='SmoothL1Loss', beta=0.1111111111111111, loss_weight=1.0)),
    roi_head=dict(
        type='HybridTaskCascadeRoIHead',
        interleaved=True,
        mask_info_flow=False,
        num_stages=3,
        stage_loss_weights=[1, 0.5, 0.25],
        bbox_roi_extractor=dict(
            type='SingleRoIExtractor',
            roi_layer=dict(type='RoIAlign', output_size=7, sampling_ratio=0),
            out_channels=256,
            featmap_strides=[4, 8, 16, 32]),
        bbox_head=[
            dict(
                type='Shared2FCBBoxHead',
                in_channels=256,
                fc_out_channels=1024,
                roi_feat_size=7,
                num_classes=10,
                bbox_coder=dict(
                    type='DeltaXYWHBBoxCoder',
                    target_means=[0.0, 0.0, 0.0, 0.0],
                    target_stds=[0.1, 0.1, 0.2, 0.2]),
                reg_class_agnostic=True,
                loss_cls=dict(
                    type='CrossEntropyLoss',
                    use_sigmoid=False,
                    loss_weight=1.0),
                loss_bbox=dict(type='SmoothL1Loss', beta=1.0,
                               loss_weight=1.0)),
            dict(
                type='Shared2FCBBoxHead',
                in_channels=256,
                fc_out_channels=1024,
                roi_feat_size=7,
                num_classes=10,
                bbox_coder=dict(
                    type='DeltaXYWHBBoxCoder',
                    target_means=[0.0, 0.0, 0.0, 0.0],
                    target_stds=[0.05, 0.05, 0.1, 0.1]),
                reg_class_agnostic=True,
                loss_cls=dict(
                    type='CrossEntropyLoss',
                    use_sigmoid=False,
                    loss_weight=1.0),
                loss_bbox=dict(type='SmoothL1Loss', beta=1.0,
                               loss_weight=1.0)),
            dict(
                type='Shared2FCBBoxHead',
                in_channels=256,
                fc_out_channels=1024,
                roi_feat_size=7,
                num_classes=10,
                bbox_coder=dict(
                    type='DeltaXYWHBBoxCoder',
                    target_means=[0.0, 0.0, 0.0, 0.0],
                    target_stds=[0.033, 0.033, 0.067, 0.067]),
                reg_class_agnostic=True,
                loss_cls=dict(
                    type='CrossEntropyLoss',
                    use_sigmoid=False,
                    loss_weight=1.0),
                loss_bbox=dict(type='SmoothL1Loss', beta=1.0, loss_weight=1.0))
        ]),
    train_cfg=dict(
        rpn=dict(
            assigner=dict(
                type='MaxIoUAssigner',
                pos_iou_thr=0.7,
                neg_iou_thr=0.3,
                min_pos_iou=0.3,
                match_low_quality=True,
                ignore_iof_thr=-1),
            sampler=dict(
                type='RandomSampler',
                num=256,
                pos_fraction=0.5,
                neg_pos_ub=-1,
                add_gt_as_proposals=False),
            allowed_border=0,
            pos_weight=-1,
            debug=False),
        rcnn=[
            dict(
                assigner=dict(
                    type='MaxIoUAssigner',
                    pos_iou_thr=0.5,
                    neg_iou_thr=0.5,
                    min_pos_iou=0.5,
                    ignore_iof_thr=-1),
                sampler=dict(
                    type='RandomSampler',
                    num=512,
                    pos_fraction=0.25,
                    neg_pos_ub=-1,
                    add_gt_as_proposals=True),
                mask_size=28,
                pos_weight=-1,
                debug=False),
            dict(
                assigner=dict(
                    type='MaxIoUAssigner',
                    pos_iou_thr=0.6,
                    neg_iou_thr=0.6,
                    min_pos_iou=0.6,
                    ignore_iof_thr=-1),
                sampler=dict(
                    type='RandomSampler',
                    num=512,
                    pos_fraction=0.25,
                    neg_pos_ub=-1,
                    add_gt_as_proposals=True),
                mask_size=28,
                pos_weight=-1,
                debug=False),
            dict(
                assigner=dict(
                    type='MaxIoUAssigner',
                    pos_iou_thr=0.7,
                    neg_iou_thr=0.7,
                    min_pos_iou=0.7,
                    ignore_iof_thr=-1),
                sampler=dict(
                    type='RandomSampler',
                    num=512,
                    pos_fraction=0.25,
                    neg_pos_ub=-1,
                    add_gt_as_proposals=True),
                mask_size=28,
                pos_weight=-1,
                debug=False)
        ]),
    test_cfg=dict(
        rpn=dict(
            nms_pre=1000,
            max_per_img=1000,
            nms=dict(type='nms', iou_threshold=0.7),
            min_bbox_size=0),
        rcnn=dict(
            score_thr=0.001,
            nms=dict(type='nms', iou_threshold=0.5),
            max_per_img=100,
            mask_thr_binary=0.5)))
work_dir = './work_dirs/HTC_x101_64x4d_FPN_Mosaic'
gpu_ids = range(0, 1)

2021-10-09 09:36:31,644 - mmdet - INFO - Set random seed to 2021, deterministic: True
2021-10-09 09:36:33,162 - mmdet - INFO - initialize ResNeXt with init_cfg {'type': 'Pretrained', 'checkpoint': 'open-mmlab://resnext101_64x4d'}
2021-10-09 09:36:33,449 - mmdet - INFO - initialize FPN with init_cfg {'type': 'Xavier', 'layer': 'Conv2d', 'distribution': 'uniform'}
2021-10-09 09:36:33,475 - mmdet - INFO - initialize RPNHead with init_cfg {'type': 'Normal', 'layer': 'Conv2d', 'std': 0.01}
2021-10-09 09:36:33,483 - mmdet - INFO - initialize Shared2FCBBoxHead with init_cfg [{'type': 'Normal', 'std': 0.01, 'override': {'name': 'fc_cls'}}, {'type': 'Normal', 'std': 0.001, 'override': {'name': 'fc_reg'}}, {'type': 'Xavier', 'layer': 'Linear', 'override': [{'name': 'shared_fcs'}, {'name': 'cls_fcs'}, {'name': 'reg_fcs'}]}]
2021-10-09 09:36:33,798 - mmdet - INFO - initialize Shared2FCBBoxHead with init_cfg [{'type': 'Normal', 'std': 0.01, 'override': {'name': 'fc_cls'}}, {'type': 'Normal', 'std': 0.001, 'override': {'name': 'fc_reg'}}, {'type': 'Xavier', 'layer': 'Linear', 'override': [{'name': 'shared_fcs'}, {'name': 'cls_fcs'}, {'name': 'reg_fcs'}]}]
2021-10-09 09:36:34,116 - mmdet - INFO - initialize Shared2FCBBoxHead with init_cfg [{'type': 'Normal', 'std': 0.01, 'override': {'name': 'fc_cls'}}, {'type': 'Normal', 'std': 0.001, 'override': {'name': 'fc_reg'}}, {'type': 'Xavier', 'layer': 'Linear', 'override': [{'name': 'shared_fcs'}, {'name': 'cls_fcs'}, {'name': 'reg_fcs'}]}]
Name of parameter - Initialization information

backbone.conv1.weight - torch.Size([64, 3, 7, 7]): 
PretrainedInit: load from open-mmlab://resnext101_64x4d 

backbone.bn1.weight - torch.Size([64]): 
PretrainedInit: load from open-mmlab://resnext101_64x4d 

backbone.bn1.bias - torch.Size([64]): 
PretrainedInit: load from open-mmlab://resnext101_64x4d 

backbone.layer1.0.conv1.weight - torch.Size([256, 64, 1, 1]): 
PretrainedInit: load from open-mmlab://resnext101_64x4d 

backbone.layer1.0.bn1.weight - torch.Size([256]): 
PretrainedInit: load from open-mmlab://resnext101_64x4d 

backbone.layer1.0.bn1.bias - torch.Size([256]): 
PretrainedInit: load from open-mmlab://resnext101_64x4d 

backbone.layer1.0.conv2.weight - torch.Size([256, 4, 3, 3]): 
PretrainedInit: load from open-mmlab://resnext101_64x4d 

backbone.layer1.0.bn2.weight - torch.Size([256]): 
PretrainedInit: load from open-mmlab://resnext101_64x4d 

backbone.layer1.0.bn2.bias - torch.Size([256]): 
PretrainedInit: load from open-mmlab://resnext101_64x4d 

backbone.layer1.0.conv3.weight - torch.Size([256, 256, 1, 1]): 
PretrainedInit: load from open-mmlab://resnext101_64x4d 

backbone.layer1.0.bn3.weight - torch.Size([256]): 
PretrainedInit: load from open-mmlab://resnext101_64x4d 

backbone.layer1.0.bn3.bias - torch.Size([256]): 
PretrainedInit: load from open-mmlab://resnext101_64x4d 

backbone.layer1.0.downsample.0.weight - torch.Size([256, 64, 1, 1]): 
PretrainedInit: load from open-mmlab://resnext101_64x4d 

backbone.layer1.0.downsample.1.weight - torch.Size([256]): 
PretrainedInit: load from open-mmlab://resnext101_64x4d 

backbone.layer1.0.downsample.1.bias - torch.Size([256]): 
PretrainedInit: load from open-mmlab://resnext101_64x4d 

backbone.layer1.1.conv1.weight - torch.Size([256, 256, 1, 1]): 
PretrainedInit: load from open-mmlab://resnext101_64x4d 

backbone.layer1.1.bn1.weight - torch.Size([256]): 
PretrainedInit: load from open-mmlab://resnext101_64x4d 

backbone.layer1.1.bn1.bias - torch.Size([256]): 
PretrainedInit: load from open-mmlab://resnext101_64x4d 

backbone.layer1.1.conv2.weight - torch.Size([256, 4, 3, 3]): 
PretrainedInit: load from open-mmlab://resnext101_64x4d 

backbone.layer1.1.bn2.weight - torch.Size([256]): 
PretrainedInit: load from open-mmlab://resnext101_64x4d 

backbone.layer1.1.bn2.bias - torch.Size([256]): 
PretrainedInit: load from open-mmlab://resnext101_64x4d 

backbone.layer1.1.conv3.weight - torch.Size([256, 256, 1, 1]): 
PretrainedInit: load from open-mmlab://resnext101_64x4d 

backbone.layer1.1.bn3.weight - torch.Size([256]): 
PretrainedInit: load from open-mmlab://resnext101_64x4d 

backbone.layer1.1.bn3.bias - torch.Size([256]): 
PretrainedInit: load from open-mmlab://resnext101_64x4d 

backbone.layer1.2.conv1.weight - torch.Size([256, 256, 1, 1]): 
PretrainedInit: load from open-mmlab://resnext101_64x4d 

backbone.layer1.2.bn1.weight - torch.Size([256]): 
PretrainedInit: load from open-mmlab://resnext101_64x4d 

backbone.layer1.2.bn1.bias - torch.Size([256]): 
PretrainedInit: load from open-mmlab://resnext101_64x4d 

backbone.layer1.2.conv2.weight - torch.Size([256, 4, 3, 3]): 
PretrainedInit: load from open-mmlab://resnext101_64x4d 

backbone.layer1.2.bn2.weight - torch.Size([256]): 
PretrainedInit: load from open-mmlab://resnext101_64x4d 

backbone.layer1.2.bn2.bias - torch.Size([256]): 
PretrainedInit: load from open-mmlab://resnext101_64x4d 

backbone.layer1.2.conv3.weight - torch.Size([256, 256, 1, 1]): 
PretrainedInit: load from open-mmlab://resnext101_64x4d 

backbone.layer1.2.bn3.weight - torch.Size([256]): 
PretrainedInit: load from open-mmlab://resnext101_64x4d 

backbone.layer1.2.bn3.bias - torch.Size([256]): 
PretrainedInit: load from open-mmlab://resnext101_64x4d 

backbone.layer2.0.conv1.weight - torch.Size([512, 256, 1, 1]): 
PretrainedInit: load from open-mmlab://resnext101_64x4d 

backbone.layer2.0.bn1.weight - torch.Size([512]): 
PretrainedInit: load from open-mmlab://resnext101_64x4d 

backbone.layer2.0.bn1.bias - torch.Size([512]): 
PretrainedInit: load from open-mmlab://resnext101_64x4d 

backbone.layer2.0.conv2.weight - torch.Size([512, 8, 3, 3]): 
PretrainedInit: load from open-mmlab://resnext101_64x4d 

backbone.layer2.0.bn2.weight - torch.Size([512]): 
PretrainedInit: load from open-mmlab://resnext101_64x4d 

backbone.layer2.0.bn2.bias - torch.Size([512]): 
PretrainedInit: load from open-mmlab://resnext101_64x4d 

backbone.layer2.0.conv3.weight - torch.Size([512, 512, 1, 1]): 
PretrainedInit: load from open-mmlab://resnext101_64x4d 

backbone.layer2.0.bn3.weight - torch.Size([512]): 
PretrainedInit: load from open-mmlab://resnext101_64x4d 

backbone.layer2.0.bn3.bias - torch.Size([512]): 
PretrainedInit: load from open-mmlab://resnext101_64x4d 

backbone.layer2.0.downsample.0.weight - torch.Size([512, 256, 1, 1]): 
PretrainedInit: load from open-mmlab://resnext101_64x4d 

backbone.layer2.0.downsample.1.weight - torch.Size([512]): 
PretrainedInit: load from open-mmlab://resnext101_64x4d 

backbone.layer2.0.downsample.1.bias - torch.Size([512]): 
PretrainedInit: load from open-mmlab://resnext101_64x4d 

backbone.layer2.1.conv1.weight - torch.Size([512, 512, 1, 1]): 
PretrainedInit: load from open-mmlab://resnext101_64x4d 

backbone.layer2.1.bn1.weight - torch.Size([512]): 
PretrainedInit: load from open-mmlab://resnext101_64x4d 

backbone.layer2.1.bn1.bias - torch.Size([512]): 
PretrainedInit: load from open-mmlab://resnext101_64x4d 

backbone.layer2.1.conv2.weight - torch.Size([512, 8, 3, 3]): 
PretrainedInit: load from open-mmlab://resnext101_64x4d 

backbone.layer2.1.bn2.weight - torch.Size([512]): 
PretrainedInit: load from open-mmlab://resnext101_64x4d 

backbone.layer2.1.bn2.bias - torch.Size([512]): 
PretrainedInit: load from open-mmlab://resnext101_64x4d 

backbone.layer2.1.conv3.weight - torch.Size([512, 512, 1, 1]): 
PretrainedInit: load from open-mmlab://resnext101_64x4d 

backbone.layer2.1.bn3.weight - torch.Size([512]): 
PretrainedInit: load from open-mmlab://resnext101_64x4d 

backbone.layer2.1.bn3.bias - torch.Size([512]): 
PretrainedInit: load from open-mmlab://resnext101_64x4d 

backbone.layer2.2.conv1.weight - torch.Size([512, 512, 1, 1]): 
PretrainedInit: load from open-mmlab://resnext101_64x4d 

backbone.layer2.2.bn1.weight - torch.Size([512]): 
PretrainedInit: load from open-mmlab://resnext101_64x4d 

backbone.layer2.2.bn1.bias - torch.Size([512]): 
PretrainedInit: load from open-mmlab://resnext101_64x4d 

backbone.layer2.2.conv2.weight - torch.Size([512, 8, 3, 3]): 
PretrainedInit: load from open-mmlab://resnext101_64x4d 

backbone.layer2.2.bn2.weight - torch.Size([512]): 
PretrainedInit: load from open-mmlab://resnext101_64x4d 

backbone.layer2.2.bn2.bias - torch.Size([512]): 
PretrainedInit: load from open-mmlab://resnext101_64x4d 

backbone.layer2.2.conv3.weight - torch.Size([512, 512, 1, 1]): 
PretrainedInit: load from open-mmlab://resnext101_64x4d 

backbone.layer2.2.bn3.weight - torch.Size([512]): 
PretrainedInit: load from open-mmlab://resnext101_64x4d 

backbone.layer2.2.bn3.bias - torch.Size([512]): 
PretrainedInit: load from open-mmlab://resnext101_64x4d 

backbone.layer2.3.conv1.weight - torch.Size([512, 512, 1, 1]): 
PretrainedInit: load from open-mmlab://resnext101_64x4d 

backbone.layer2.3.bn1.weight - torch.Size([512]): 
PretrainedInit: load from open-mmlab://resnext101_64x4d 

backbone.layer2.3.bn1.bias - torch.Size([512]): 
PretrainedInit: load from open-mmlab://resnext101_64x4d 

backbone.layer2.3.conv2.weight - torch.Size([512, 8, 3, 3]): 
PretrainedInit: load from open-mmlab://resnext101_64x4d 

backbone.layer2.3.bn2.weight - torch.Size([512]): 
PretrainedInit: load from open-mmlab://resnext101_64x4d 

backbone.layer2.3.bn2.bias - torch.Size([512]): 
PretrainedInit: load from open-mmlab://resnext101_64x4d 

backbone.layer2.3.conv3.weight - torch.Size([512, 512, 1, 1]): 
PretrainedInit: load from open-mmlab://resnext101_64x4d 

backbone.layer2.3.bn3.weight - torch.Size([512]): 
PretrainedInit: load from open-mmlab://resnext101_64x4d 

backbone.layer2.3.bn3.bias - torch.Size([512]): 
PretrainedInit: load from open-mmlab://resnext101_64x4d 

backbone.layer3.0.conv1.weight - torch.Size([1024, 512, 1, 1]): 
PretrainedInit: load from open-mmlab://resnext101_64x4d 

backbone.layer3.0.bn1.weight - torch.Size([1024]): 
PretrainedInit: load from open-mmlab://resnext101_64x4d 

backbone.layer3.0.bn1.bias - torch.Size([1024]): 
PretrainedInit: load from open-mmlab://resnext101_64x4d 

backbone.layer3.0.conv2.weight - torch.Size([1024, 16, 3, 3]): 
PretrainedInit: load from open-mmlab://resnext101_64x4d 

backbone.layer3.0.bn2.weight - torch.Size([1024]): 
PretrainedInit: load from open-mmlab://resnext101_64x4d 

backbone.layer3.0.bn2.bias - torch.Size([1024]): 
PretrainedInit: load from open-mmlab://resnext101_64x4d 

backbone.layer3.0.conv3.weight - torch.Size([1024, 1024, 1, 1]): 
PretrainedInit: load from open-mmlab://resnext101_64x4d 

backbone.layer3.0.bn3.weight - torch.Size([1024]): 
PretrainedInit: load from open-mmlab://resnext101_64x4d 

backbone.layer3.0.bn3.bias - torch.Size([1024]): 
PretrainedInit: load from open-mmlab://resnext101_64x4d 

backbone.layer3.0.downsample.0.weight - torch.Size([1024, 512, 1, 1]): 
PretrainedInit: load from open-mmlab://resnext101_64x4d 

backbone.layer3.0.downsample.1.weight - torch.Size([1024]): 
PretrainedInit: load from open-mmlab://resnext101_64x4d 

backbone.layer3.0.downsample.1.bias - torch.Size([1024]): 
PretrainedInit: load from open-mmlab://resnext101_64x4d 

backbone.layer3.1.conv1.weight - torch.Size([1024, 1024, 1, 1]): 
PretrainedInit: load from open-mmlab://resnext101_64x4d 

backbone.layer3.1.bn1.weight - torch.Size([1024]): 
PretrainedInit: load from open-mmlab://resnext101_64x4d 

backbone.layer3.1.bn1.bias - torch.Size([1024]): 
PretrainedInit: load from open-mmlab://resnext101_64x4d 

backbone.layer3.1.conv2.weight - torch.Size([1024, 16, 3, 3]): 
PretrainedInit: load from open-mmlab://resnext101_64x4d 

backbone.layer3.1.bn2.weight - torch.Size([1024]): 
PretrainedInit: load from open-mmlab://resnext101_64x4d 

backbone.layer3.1.bn2.bias - torch.Size([1024]): 
PretrainedInit: load from open-mmlab://resnext101_64x4d 

backbone.layer3.1.conv3.weight - torch.Size([1024, 1024, 1, 1]): 
PretrainedInit: load from open-mmlab://resnext101_64x4d 

backbone.layer3.1.bn3.weight - torch.Size([1024]): 
PretrainedInit: load from open-mmlab://resnext101_64x4d 

backbone.layer3.1.bn3.bias - torch.Size([1024]): 
PretrainedInit: load from open-mmlab://resnext101_64x4d 

backbone.layer3.2.conv1.weight - torch.Size([1024, 1024, 1, 1]): 
PretrainedInit: load from open-mmlab://resnext101_64x4d 

backbone.layer3.2.bn1.weight - torch.Size([1024]): 
PretrainedInit: load from open-mmlab://resnext101_64x4d 

backbone.layer3.2.bn1.bias - torch.Size([1024]): 
PretrainedInit: load from open-mmlab://resnext101_64x4d 

backbone.layer3.2.conv2.weight - torch.Size([1024, 16, 3, 3]): 
PretrainedInit: load from open-mmlab://resnext101_64x4d 

backbone.layer3.2.bn2.weight - torch.Size([1024]): 
PretrainedInit: load from open-mmlab://resnext101_64x4d 

backbone.layer3.2.bn2.bias - torch.Size([1024]): 
PretrainedInit: load from open-mmlab://resnext101_64x4d 

backbone.layer3.2.conv3.weight - torch.Size([1024, 1024, 1, 1]): 
PretrainedInit: load from open-mmlab://resnext101_64x4d 

backbone.layer3.2.bn3.weight - torch.Size([1024]): 
PretrainedInit: load from open-mmlab://resnext101_64x4d 

backbone.layer3.2.bn3.bias - torch.Size([1024]): 
PretrainedInit: load from open-mmlab://resnext101_64x4d 

backbone.layer3.3.conv1.weight - torch.Size([1024, 1024, 1, 1]): 
PretrainedInit: load from open-mmlab://resnext101_64x4d 

backbone.layer3.3.bn1.weight - torch.Size([1024]): 
PretrainedInit: load from open-mmlab://resnext101_64x4d 

backbone.layer3.3.bn1.bias - torch.Size([1024]): 
PretrainedInit: load from open-mmlab://resnext101_64x4d 

backbone.layer3.3.conv2.weight - torch.Size([1024, 16, 3, 3]): 
PretrainedInit: load from open-mmlab://resnext101_64x4d 

backbone.layer3.3.bn2.weight - torch.Size([1024]): 
PretrainedInit: load from open-mmlab://resnext101_64x4d 

backbone.layer3.3.bn2.bias - torch.Size([1024]): 
PretrainedInit: load from open-mmlab://resnext101_64x4d 

backbone.layer3.3.conv3.weight - torch.Size([1024, 1024, 1, 1]): 
PretrainedInit: load from open-mmlab://resnext101_64x4d 

backbone.layer3.3.bn3.weight - torch.Size([1024]): 
PretrainedInit: load from open-mmlab://resnext101_64x4d 

backbone.layer3.3.bn3.bias - torch.Size([1024]): 
PretrainedInit: load from open-mmlab://resnext101_64x4d 

backbone.layer3.4.conv1.weight - torch.Size([1024, 1024, 1, 1]): 
PretrainedInit: load from open-mmlab://resnext101_64x4d 

backbone.layer3.4.bn1.weight - torch.Size([1024]): 
PretrainedInit: load from open-mmlab://resnext101_64x4d 

backbone.layer3.4.bn1.bias - torch.Size([1024]): 
PretrainedInit: load from open-mmlab://resnext101_64x4d 

backbone.layer3.4.conv2.weight - torch.Size([1024, 16, 3, 3]): 
PretrainedInit: load from open-mmlab://resnext101_64x4d 

backbone.layer3.4.bn2.weight - torch.Size([1024]): 
PretrainedInit: load from open-mmlab://resnext101_64x4d 

backbone.layer3.4.bn2.bias - torch.Size([1024]): 
PretrainedInit: load from open-mmlab://resnext101_64x4d 

backbone.layer3.4.conv3.weight - torch.Size([1024, 1024, 1, 1]): 
PretrainedInit: load from open-mmlab://resnext101_64x4d 

backbone.layer3.4.bn3.weight - torch.Size([1024]): 
PretrainedInit: load from open-mmlab://resnext101_64x4d 

backbone.layer3.4.bn3.bias - torch.Size([1024]): 
PretrainedInit: load from open-mmlab://resnext101_64x4d 

backbone.layer3.5.conv1.weight - torch.Size([1024, 1024, 1, 1]): 
PretrainedInit: load from open-mmlab://resnext101_64x4d 

backbone.layer3.5.bn1.weight - torch.Size([1024]): 
PretrainedInit: load from open-mmlab://resnext101_64x4d 

backbone.layer3.5.bn1.bias - torch.Size([1024]): 
PretrainedInit: load from open-mmlab://resnext101_64x4d 

backbone.layer3.5.conv2.weight - torch.Size([1024, 16, 3, 3]): 
PretrainedInit: load from open-mmlab://resnext101_64x4d 

backbone.layer3.5.bn2.weight - torch.Size([1024]): 
PretrainedInit: load from open-mmlab://resnext101_64x4d 

backbone.layer3.5.bn2.bias - torch.Size([1024]): 
PretrainedInit: load from open-mmlab://resnext101_64x4d 

backbone.layer3.5.conv3.weight - torch.Size([1024, 1024, 1, 1]): 
PretrainedInit: load from open-mmlab://resnext101_64x4d 

backbone.layer3.5.bn3.weight - torch.Size([1024]): 
PretrainedInit: load from open-mmlab://resnext101_64x4d 

backbone.layer3.5.bn3.bias - torch.Size([1024]): 
PretrainedInit: load from open-mmlab://resnext101_64x4d 

backbone.layer3.6.conv1.weight - torch.Size([1024, 1024, 1, 1]): 
PretrainedInit: load from open-mmlab://resnext101_64x4d 

backbone.layer3.6.bn1.weight - torch.Size([1024]): 
PretrainedInit: load from open-mmlab://resnext101_64x4d 

backbone.layer3.6.bn1.bias - torch.Size([1024]): 
PretrainedInit: load from open-mmlab://resnext101_64x4d 

backbone.layer3.6.conv2.weight - torch.Size([1024, 16, 3, 3]): 
PretrainedInit: load from open-mmlab://resnext101_64x4d 

backbone.layer3.6.bn2.weight - torch.Size([1024]): 
PretrainedInit: load from open-mmlab://resnext101_64x4d 

backbone.layer3.6.bn2.bias - torch.Size([1024]): 
PretrainedInit: load from open-mmlab://resnext101_64x4d 

backbone.layer3.6.conv3.weight - torch.Size([1024, 1024, 1, 1]): 
PretrainedInit: load from open-mmlab://resnext101_64x4d 

backbone.layer3.6.bn3.weight - torch.Size([1024]): 
PretrainedInit: load from open-mmlab://resnext101_64x4d 

backbone.layer3.6.bn3.bias - torch.Size([1024]): 
PretrainedInit: load from open-mmlab://resnext101_64x4d 

backbone.layer3.7.conv1.weight - torch.Size([1024, 1024, 1, 1]): 
PretrainedInit: load from open-mmlab://resnext101_64x4d 

backbone.layer3.7.bn1.weight - torch.Size([1024]): 
PretrainedInit: load from open-mmlab://resnext101_64x4d 

backbone.layer3.7.bn1.bias - torch.Size([1024]): 
PretrainedInit: load from open-mmlab://resnext101_64x4d 

backbone.layer3.7.conv2.weight - torch.Size([1024, 16, 3, 3]): 
PretrainedInit: load from open-mmlab://resnext101_64x4d 

backbone.layer3.7.bn2.weight - torch.Size([1024]): 
PretrainedInit: load from open-mmlab://resnext101_64x4d 

backbone.layer3.7.bn2.bias - torch.Size([1024]): 
PretrainedInit: load from open-mmlab://resnext101_64x4d 

backbone.layer3.7.conv3.weight - torch.Size([1024, 1024, 1, 1]): 
PretrainedInit: load from open-mmlab://resnext101_64x4d 

backbone.layer3.7.bn3.weight - torch.Size([1024]): 
PretrainedInit: load from open-mmlab://resnext101_64x4d 

backbone.layer3.7.bn3.bias - torch.Size([1024]): 
PretrainedInit: load from open-mmlab://resnext101_64x4d 

backbone.layer3.8.conv1.weight - torch.Size([1024, 1024, 1, 1]): 
PretrainedInit: load from open-mmlab://resnext101_64x4d 

backbone.layer3.8.bn1.weight - torch.Size([1024]): 
PretrainedInit: load from open-mmlab://resnext101_64x4d 

backbone.layer3.8.bn1.bias - torch.Size([1024]): 
PretrainedInit: load from open-mmlab://resnext101_64x4d 

backbone.layer3.8.conv2.weight - torch.Size([1024, 16, 3, 3]): 
PretrainedInit: load from open-mmlab://resnext101_64x4d 

backbone.layer3.8.bn2.weight - torch.Size([1024]): 
PretrainedInit: load from open-mmlab://resnext101_64x4d 

backbone.layer3.8.bn2.bias - torch.Size([1024]): 
PretrainedInit: load from open-mmlab://resnext101_64x4d 

backbone.layer3.8.conv3.weight - torch.Size([1024, 1024, 1, 1]): 
PretrainedInit: load from open-mmlab://resnext101_64x4d 

backbone.layer3.8.bn3.weight - torch.Size([1024]): 
PretrainedInit: load from open-mmlab://resnext101_64x4d 

backbone.layer3.8.bn3.bias - torch.Size([1024]): 
PretrainedInit: load from open-mmlab://resnext101_64x4d 

backbone.layer3.9.conv1.weight - torch.Size([1024, 1024, 1, 1]): 
PretrainedInit: load from open-mmlab://resnext101_64x4d 

backbone.layer3.9.bn1.weight - torch.Size([1024]): 
PretrainedInit: load from open-mmlab://resnext101_64x4d 

backbone.layer3.9.bn1.bias - torch.Size([1024]): 
PretrainedInit: load from open-mmlab://resnext101_64x4d 

backbone.layer3.9.conv2.weight - torch.Size([1024, 16, 3, 3]): 
PretrainedInit: load from open-mmlab://resnext101_64x4d 

backbone.layer3.9.bn2.weight - torch.Size([1024]): 
PretrainedInit: load from open-mmlab://resnext101_64x4d 

backbone.layer3.9.bn2.bias - torch.Size([1024]): 
PretrainedInit: load from open-mmlab://resnext101_64x4d 

backbone.layer3.9.conv3.weight - torch.Size([1024, 1024, 1, 1]): 
PretrainedInit: load from open-mmlab://resnext101_64x4d 

backbone.layer3.9.bn3.weight - torch.Size([1024]): 
PretrainedInit: load from open-mmlab://resnext101_64x4d 

backbone.layer3.9.bn3.bias - torch.Size([1024]): 
PretrainedInit: load from open-mmlab://resnext101_64x4d 

backbone.layer3.10.conv1.weight - torch.Size([1024, 1024, 1, 1]): 
PretrainedInit: load from open-mmlab://resnext101_64x4d 

backbone.layer3.10.bn1.weight - torch.Size([1024]): 
PretrainedInit: load from open-mmlab://resnext101_64x4d 

backbone.layer3.10.bn1.bias - torch.Size([1024]): 
PretrainedInit: load from open-mmlab://resnext101_64x4d 

backbone.layer3.10.conv2.weight - torch.Size([1024, 16, 3, 3]): 
PretrainedInit: load from open-mmlab://resnext101_64x4d 

backbone.layer3.10.bn2.weight - torch.Size([1024]): 
PretrainedInit: load from open-mmlab://resnext101_64x4d 

backbone.layer3.10.bn2.bias - torch.Size([1024]): 
PretrainedInit: load from open-mmlab://resnext101_64x4d 

backbone.layer3.10.conv3.weight - torch.Size([1024, 1024, 1, 1]): 
PretrainedInit: load from open-mmlab://resnext101_64x4d 

backbone.layer3.10.bn3.weight - torch.Size([1024]): 
PretrainedInit: load from open-mmlab://resnext101_64x4d 

backbone.layer3.10.bn3.bias - torch.Size([1024]): 
PretrainedInit: load from open-mmlab://resnext101_64x4d 

backbone.layer3.11.conv1.weight - torch.Size([1024, 1024, 1, 1]): 
PretrainedInit: load from open-mmlab://resnext101_64x4d 

backbone.layer3.11.bn1.weight - torch.Size([1024]): 
PretrainedInit: load from open-mmlab://resnext101_64x4d 

backbone.layer3.11.bn1.bias - torch.Size([1024]): 
PretrainedInit: load from open-mmlab://resnext101_64x4d 

backbone.layer3.11.conv2.weight - torch.Size([1024, 16, 3, 3]): 
PretrainedInit: load from open-mmlab://resnext101_64x4d 

backbone.layer3.11.bn2.weight - torch.Size([1024]): 
PretrainedInit: load from open-mmlab://resnext101_64x4d 

backbone.layer3.11.bn2.bias - torch.Size([1024]): 
PretrainedInit: load from open-mmlab://resnext101_64x4d 

backbone.layer3.11.conv3.weight - torch.Size([1024, 1024, 1, 1]): 
PretrainedInit: load from open-mmlab://resnext101_64x4d 

backbone.layer3.11.bn3.weight - torch.Size([1024]): 
PretrainedInit: load from open-mmlab://resnext101_64x4d 

backbone.layer3.11.bn3.bias - torch.Size([1024]): 
PretrainedInit: load from open-mmlab://resnext101_64x4d 

backbone.layer3.12.conv1.weight - torch.Size([1024, 1024, 1, 1]): 
PretrainedInit: load from open-mmlab://resnext101_64x4d 

backbone.layer3.12.bn1.weight - torch.Size([1024]): 
PretrainedInit: load from open-mmlab://resnext101_64x4d 

backbone.layer3.12.bn1.bias - torch.Size([1024]): 
PretrainedInit: load from open-mmlab://resnext101_64x4d 

backbone.layer3.12.conv2.weight - torch.Size([1024, 16, 3, 3]): 
PretrainedInit: load from open-mmlab://resnext101_64x4d 

backbone.layer3.12.bn2.weight - torch.Size([1024]): 
PretrainedInit: load from open-mmlab://resnext101_64x4d 

backbone.layer3.12.bn2.bias - torch.Size([1024]): 
PretrainedInit: load from open-mmlab://resnext101_64x4d 

backbone.layer3.12.conv3.weight - torch.Size([1024, 1024, 1, 1]): 
PretrainedInit: load from open-mmlab://resnext101_64x4d 

backbone.layer3.12.bn3.weight - torch.Size([1024]): 
PretrainedInit: load from open-mmlab://resnext101_64x4d 

backbone.layer3.12.bn3.bias - torch.Size([1024]): 
PretrainedInit: load from open-mmlab://resnext101_64x4d 

backbone.layer3.13.conv1.weight - torch.Size([1024, 1024, 1, 1]): 
PretrainedInit: load from open-mmlab://resnext101_64x4d 

backbone.layer3.13.bn1.weight - torch.Size([1024]): 
PretrainedInit: load from open-mmlab://resnext101_64x4d 

backbone.layer3.13.bn1.bias - torch.Size([1024]): 
PretrainedInit: load from open-mmlab://resnext101_64x4d 

backbone.layer3.13.conv2.weight - torch.Size([1024, 16, 3, 3]): 
PretrainedInit: load from open-mmlab://resnext101_64x4d 

backbone.layer3.13.bn2.weight - torch.Size([1024]): 
PretrainedInit: load from open-mmlab://resnext101_64x4d 

backbone.layer3.13.bn2.bias - torch.Size([1024]): 
PretrainedInit: load from open-mmlab://resnext101_64x4d 

backbone.layer3.13.conv3.weight - torch.Size([1024, 1024, 1, 1]): 
PretrainedInit: load from open-mmlab://resnext101_64x4d 

backbone.layer3.13.bn3.weight - torch.Size([1024]): 
PretrainedInit: load from open-mmlab://resnext101_64x4d 

backbone.layer3.13.bn3.bias - torch.Size([1024]): 
PretrainedInit: load from open-mmlab://resnext101_64x4d 

backbone.layer3.14.conv1.weight - torch.Size([1024, 1024, 1, 1]): 
PretrainedInit: load from open-mmlab://resnext101_64x4d 

backbone.layer3.14.bn1.weight - torch.Size([1024]): 
PretrainedInit: load from open-mmlab://resnext101_64x4d 

backbone.layer3.14.bn1.bias - torch.Size([1024]): 
PretrainedInit: load from open-mmlab://resnext101_64x4d 

backbone.layer3.14.conv2.weight - torch.Size([1024, 16, 3, 3]): 
PretrainedInit: load from open-mmlab://resnext101_64x4d 

backbone.layer3.14.bn2.weight - torch.Size([1024]): 
PretrainedInit: load from open-mmlab://resnext101_64x4d 

backbone.layer3.14.bn2.bias - torch.Size([1024]): 
PretrainedInit: load from open-mmlab://resnext101_64x4d 

backbone.layer3.14.conv3.weight - torch.Size([1024, 1024, 1, 1]): 
PretrainedInit: load from open-mmlab://resnext101_64x4d 

backbone.layer3.14.bn3.weight - torch.Size([1024]): 
PretrainedInit: load from open-mmlab://resnext101_64x4d 

backbone.layer3.14.bn3.bias - torch.Size([1024]): 
PretrainedInit: load from open-mmlab://resnext101_64x4d 

backbone.layer3.15.conv1.weight - torch.Size([1024, 1024, 1, 1]): 
PretrainedInit: load from open-mmlab://resnext101_64x4d 

backbone.layer3.15.bn1.weight - torch.Size([1024]): 
PretrainedInit: load from open-mmlab://resnext101_64x4d 

backbone.layer3.15.bn1.bias - torch.Size([1024]): 
PretrainedInit: load from open-mmlab://resnext101_64x4d 

backbone.layer3.15.conv2.weight - torch.Size([1024, 16, 3, 3]): 
PretrainedInit: load from open-mmlab://resnext101_64x4d 

backbone.layer3.15.bn2.weight - torch.Size([1024]): 
PretrainedInit: load from open-mmlab://resnext101_64x4d 

backbone.layer3.15.bn2.bias - torch.Size([1024]): 
PretrainedInit: load from open-mmlab://resnext101_64x4d 

backbone.layer3.15.conv3.weight - torch.Size([1024, 1024, 1, 1]): 
PretrainedInit: load from open-mmlab://resnext101_64x4d 

backbone.layer3.15.bn3.weight - torch.Size([1024]): 
PretrainedInit: load from open-mmlab://resnext101_64x4d 

backbone.layer3.15.bn3.bias - torch.Size([1024]): 
PretrainedInit: load from open-mmlab://resnext101_64x4d 

backbone.layer3.16.conv1.weight - torch.Size([1024, 1024, 1, 1]): 
PretrainedInit: load from open-mmlab://resnext101_64x4d 

backbone.layer3.16.bn1.weight - torch.Size([1024]): 
PretrainedInit: load from open-mmlab://resnext101_64x4d 

backbone.layer3.16.bn1.bias - torch.Size([1024]): 
PretrainedInit: load from open-mmlab://resnext101_64x4d 

backbone.layer3.16.conv2.weight - torch.Size([1024, 16, 3, 3]): 
PretrainedInit: load from open-mmlab://resnext101_64x4d 

backbone.layer3.16.bn2.weight - torch.Size([1024]): 
PretrainedInit: load from open-mmlab://resnext101_64x4d 

backbone.layer3.16.bn2.bias - torch.Size([1024]): 
PretrainedInit: load from open-mmlab://resnext101_64x4d 

backbone.layer3.16.conv3.weight - torch.Size([1024, 1024, 1, 1]): 
PretrainedInit: load from open-mmlab://resnext101_64x4d 

backbone.layer3.16.bn3.weight - torch.Size([1024]): 
PretrainedInit: load from open-mmlab://resnext101_64x4d 

backbone.layer3.16.bn3.bias - torch.Size([1024]): 
PretrainedInit: load from open-mmlab://resnext101_64x4d 

backbone.layer3.17.conv1.weight - torch.Size([1024, 1024, 1, 1]): 
PretrainedInit: load from open-mmlab://resnext101_64x4d 

backbone.layer3.17.bn1.weight - torch.Size([1024]): 
PretrainedInit: load from open-mmlab://resnext101_64x4d 

backbone.layer3.17.bn1.bias - torch.Size([1024]): 
PretrainedInit: load from open-mmlab://resnext101_64x4d 

backbone.layer3.17.conv2.weight - torch.Size([1024, 16, 3, 3]): 
PretrainedInit: load from open-mmlab://resnext101_64x4d 

backbone.layer3.17.bn2.weight - torch.Size([1024]): 
PretrainedInit: load from open-mmlab://resnext101_64x4d 

backbone.layer3.17.bn2.bias - torch.Size([1024]): 
PretrainedInit: load from open-mmlab://resnext101_64x4d 

backbone.layer3.17.conv3.weight - torch.Size([1024, 1024, 1, 1]): 
PretrainedInit: load from open-mmlab://resnext101_64x4d 

backbone.layer3.17.bn3.weight - torch.Size([1024]): 
PretrainedInit: load from open-mmlab://resnext101_64x4d 

backbone.layer3.17.bn3.bias - torch.Size([1024]): 
PretrainedInit: load from open-mmlab://resnext101_64x4d 

backbone.layer3.18.conv1.weight - torch.Size([1024, 1024, 1, 1]): 
PretrainedInit: load from open-mmlab://resnext101_64x4d 

backbone.layer3.18.bn1.weight - torch.Size([1024]): 
PretrainedInit: load from open-mmlab://resnext101_64x4d 

backbone.layer3.18.bn1.bias - torch.Size([1024]): 
PretrainedInit: load from open-mmlab://resnext101_64x4d 

backbone.layer3.18.conv2.weight - torch.Size([1024, 16, 3, 3]): 
PretrainedInit: load from open-mmlab://resnext101_64x4d 

backbone.layer3.18.bn2.weight - torch.Size([1024]): 
PretrainedInit: load from open-mmlab://resnext101_64x4d 

backbone.layer3.18.bn2.bias - torch.Size([1024]): 
PretrainedInit: load from open-mmlab://resnext101_64x4d 

backbone.layer3.18.conv3.weight - torch.Size([1024, 1024, 1, 1]): 
PretrainedInit: load from open-mmlab://resnext101_64x4d 

backbone.layer3.18.bn3.weight - torch.Size([1024]): 
PretrainedInit: load from open-mmlab://resnext101_64x4d 

backbone.layer3.18.bn3.bias - torch.Size([1024]): 
PretrainedInit: load from open-mmlab://resnext101_64x4d 

backbone.layer3.19.conv1.weight - torch.Size([1024, 1024, 1, 1]): 
PretrainedInit: load from open-mmlab://resnext101_64x4d 

backbone.layer3.19.bn1.weight - torch.Size([1024]): 
PretrainedInit: load from open-mmlab://resnext101_64x4d 

backbone.layer3.19.bn1.bias - torch.Size([1024]): 
PretrainedInit: load from open-mmlab://resnext101_64x4d 

backbone.layer3.19.conv2.weight - torch.Size([1024, 16, 3, 3]): 
PretrainedInit: load from open-mmlab://resnext101_64x4d 

backbone.layer3.19.bn2.weight - torch.Size([1024]): 
PretrainedInit: load from open-mmlab://resnext101_64x4d 

backbone.layer3.19.bn2.bias - torch.Size([1024]): 
PretrainedInit: load from open-mmlab://resnext101_64x4d 

backbone.layer3.19.conv3.weight - torch.Size([1024, 1024, 1, 1]): 
PretrainedInit: load from open-mmlab://resnext101_64x4d 

backbone.layer3.19.bn3.weight - torch.Size([1024]): 
PretrainedInit: load from open-mmlab://resnext101_64x4d 

backbone.layer3.19.bn3.bias - torch.Size([1024]): 
PretrainedInit: load from open-mmlab://resnext101_64x4d 

backbone.layer3.20.conv1.weight - torch.Size([1024, 1024, 1, 1]): 
PretrainedInit: load from open-mmlab://resnext101_64x4d 

backbone.layer3.20.bn1.weight - torch.Size([1024]): 
PretrainedInit: load from open-mmlab://resnext101_64x4d 

backbone.layer3.20.bn1.bias - torch.Size([1024]): 
PretrainedInit: load from open-mmlab://resnext101_64x4d 

backbone.layer3.20.conv2.weight - torch.Size([1024, 16, 3, 3]): 
PretrainedInit: load from open-mmlab://resnext101_64x4d 

backbone.layer3.20.bn2.weight - torch.Size([1024]): 
PretrainedInit: load from open-mmlab://resnext101_64x4d 

backbone.layer3.20.bn2.bias - torch.Size([1024]): 
PretrainedInit: load from open-mmlab://resnext101_64x4d 

backbone.layer3.20.conv3.weight - torch.Size([1024, 1024, 1, 1]): 
PretrainedInit: load from open-mmlab://resnext101_64x4d 

backbone.layer3.20.bn3.weight - torch.Size([1024]): 
PretrainedInit: load from open-mmlab://resnext101_64x4d 

backbone.layer3.20.bn3.bias - torch.Size([1024]): 
PretrainedInit: load from open-mmlab://resnext101_64x4d 

backbone.layer3.21.conv1.weight - torch.Size([1024, 1024, 1, 1]): 
PretrainedInit: load from open-mmlab://resnext101_64x4d 

backbone.layer3.21.bn1.weight - torch.Size([1024]): 
PretrainedInit: load from open-mmlab://resnext101_64x4d 

backbone.layer3.21.bn1.bias - torch.Size([1024]): 
PretrainedInit: load from open-mmlab://resnext101_64x4d 

backbone.layer3.21.conv2.weight - torch.Size([1024, 16, 3, 3]): 
PretrainedInit: load from open-mmlab://resnext101_64x4d 

backbone.layer3.21.bn2.weight - torch.Size([1024]): 
PretrainedInit: load from open-mmlab://resnext101_64x4d 

backbone.layer3.21.bn2.bias - torch.Size([1024]): 
PretrainedInit: load from open-mmlab://resnext101_64x4d 

backbone.layer3.21.conv3.weight - torch.Size([1024, 1024, 1, 1]): 
PretrainedInit: load from open-mmlab://resnext101_64x4d 

backbone.layer3.21.bn3.weight - torch.Size([1024]): 
PretrainedInit: load from open-mmlab://resnext101_64x4d 

backbone.layer3.21.bn3.bias - torch.Size([1024]): 
PretrainedInit: load from open-mmlab://resnext101_64x4d 

backbone.layer3.22.conv1.weight - torch.Size([1024, 1024, 1, 1]): 
PretrainedInit: load from open-mmlab://resnext101_64x4d 

backbone.layer3.22.bn1.weight - torch.Size([1024]): 
PretrainedInit: load from open-mmlab://resnext101_64x4d 

backbone.layer3.22.bn1.bias - torch.Size([1024]): 
PretrainedInit: load from open-mmlab://resnext101_64x4d 

backbone.layer3.22.conv2.weight - torch.Size([1024, 16, 3, 3]): 
PretrainedInit: load from open-mmlab://resnext101_64x4d 

backbone.layer3.22.bn2.weight - torch.Size([1024]): 
PretrainedInit: load from open-mmlab://resnext101_64x4d 

backbone.layer3.22.bn2.bias - torch.Size([1024]): 
PretrainedInit: load from open-mmlab://resnext101_64x4d 

backbone.layer3.22.conv3.weight - torch.Size([1024, 1024, 1, 1]): 
PretrainedInit: load from open-mmlab://resnext101_64x4d 

backbone.layer3.22.bn3.weight - torch.Size([1024]): 
PretrainedInit: load from open-mmlab://resnext101_64x4d 

backbone.layer3.22.bn3.bias - torch.Size([1024]): 
PretrainedInit: load from open-mmlab://resnext101_64x4d 

backbone.layer4.0.conv1.weight - torch.Size([2048, 1024, 1, 1]): 
PretrainedInit: load from open-mmlab://resnext101_64x4d 

backbone.layer4.0.bn1.weight - torch.Size([2048]): 
PretrainedInit: load from open-mmlab://resnext101_64x4d 

backbone.layer4.0.bn1.bias - torch.Size([2048]): 
PretrainedInit: load from open-mmlab://resnext101_64x4d 

backbone.layer4.0.conv2.weight - torch.Size([2048, 32, 3, 3]): 
PretrainedInit: load from open-mmlab://resnext101_64x4d 

backbone.layer4.0.bn2.weight - torch.Size([2048]): 
PretrainedInit: load from open-mmlab://resnext101_64x4d 

backbone.layer4.0.bn2.bias - torch.Size([2048]): 
PretrainedInit: load from open-mmlab://resnext101_64x4d 

backbone.layer4.0.conv3.weight - torch.Size([2048, 2048, 1, 1]): 
PretrainedInit: load from open-mmlab://resnext101_64x4d 

backbone.layer4.0.bn3.weight - torch.Size([2048]): 
PretrainedInit: load from open-mmlab://resnext101_64x4d 

backbone.layer4.0.bn3.bias - torch.Size([2048]): 
PretrainedInit: load from open-mmlab://resnext101_64x4d 

backbone.layer4.0.downsample.0.weight - torch.Size([2048, 1024, 1, 1]): 
PretrainedInit: load from open-mmlab://resnext101_64x4d 

backbone.layer4.0.downsample.1.weight - torch.Size([2048]): 
PretrainedInit: load from open-mmlab://resnext101_64x4d 

backbone.layer4.0.downsample.1.bias - torch.Size([2048]): 
PretrainedInit: load from open-mmlab://resnext101_64x4d 

backbone.layer4.1.conv1.weight - torch.Size([2048, 2048, 1, 1]): 
PretrainedInit: load from open-mmlab://resnext101_64x4d 

backbone.layer4.1.bn1.weight - torch.Size([2048]): 
PretrainedInit: load from open-mmlab://resnext101_64x4d 

backbone.layer4.1.bn1.bias - torch.Size([2048]): 
PretrainedInit: load from open-mmlab://resnext101_64x4d 

backbone.layer4.1.conv2.weight - torch.Size([2048, 32, 3, 3]): 
PretrainedInit: load from open-mmlab://resnext101_64x4d 

backbone.layer4.1.bn2.weight - torch.Size([2048]): 
PretrainedInit: load from open-mmlab://resnext101_64x4d 

backbone.layer4.1.bn2.bias - torch.Size([2048]): 
PretrainedInit: load from open-mmlab://resnext101_64x4d 

backbone.layer4.1.conv3.weight - torch.Size([2048, 2048, 1, 1]): 
PretrainedInit: load from open-mmlab://resnext101_64x4d 

backbone.layer4.1.bn3.weight - torch.Size([2048]): 
PretrainedInit: load from open-mmlab://resnext101_64x4d 

backbone.layer4.1.bn3.bias - torch.Size([2048]): 
PretrainedInit: load from open-mmlab://resnext101_64x4d 

backbone.layer4.2.conv1.weight - torch.Size([2048, 2048, 1, 1]): 
PretrainedInit: load from open-mmlab://resnext101_64x4d 

backbone.layer4.2.bn1.weight - torch.Size([2048]): 
PretrainedInit: load from open-mmlab://resnext101_64x4d 

backbone.layer4.2.bn1.bias - torch.Size([2048]): 
PretrainedInit: load from open-mmlab://resnext101_64x4d 

backbone.layer4.2.conv2.weight - torch.Size([2048, 32, 3, 3]): 
PretrainedInit: load from open-mmlab://resnext101_64x4d 

backbone.layer4.2.bn2.weight - torch.Size([2048]): 
PretrainedInit: load from open-mmlab://resnext101_64x4d 

backbone.layer4.2.bn2.bias - torch.Size([2048]): 
PretrainedInit: load from open-mmlab://resnext101_64x4d 

backbone.layer4.2.conv3.weight - torch.Size([2048, 2048, 1, 1]): 
PretrainedInit: load from open-mmlab://resnext101_64x4d 

backbone.layer4.2.bn3.weight - torch.Size([2048]): 
PretrainedInit: load from open-mmlab://resnext101_64x4d 

backbone.layer4.2.bn3.bias - torch.Size([2048]): 
PretrainedInit: load from open-mmlab://resnext101_64x4d 

neck.lateral_convs.0.conv.weight - torch.Size([256, 256, 1, 1]): 
XavierInit: gain=1, distribution=uniform, bias=0 

neck.lateral_convs.0.conv.bias - torch.Size([256]): 
The value is the same before and after calling `init_weights` of HybridTaskCascade  

neck.lateral_convs.1.conv.weight - torch.Size([256, 512, 1, 1]): 
XavierInit: gain=1, distribution=uniform, bias=0 

neck.lateral_convs.1.conv.bias - torch.Size([256]): 
The value is the same before and after calling `init_weights` of HybridTaskCascade  

neck.lateral_convs.2.conv.weight - torch.Size([256, 1024, 1, 1]): 
XavierInit: gain=1, distribution=uniform, bias=0 

neck.lateral_convs.2.conv.bias - torch.Size([256]): 
The value is the same before and after calling `init_weights` of HybridTaskCascade  

neck.lateral_convs.3.conv.weight - torch.Size([256, 2048, 1, 1]): 
XavierInit: gain=1, distribution=uniform, bias=0 

neck.lateral_convs.3.conv.bias - torch.Size([256]): 
The value is the same before and after calling `init_weights` of HybridTaskCascade  

neck.fpn_convs.0.conv.weight - torch.Size([256, 256, 3, 3]): 
XavierInit: gain=1, distribution=uniform, bias=0 

neck.fpn_convs.0.conv.bias - torch.Size([256]): 
The value is the same before and after calling `init_weights` of HybridTaskCascade  

neck.fpn_convs.1.conv.weight - torch.Size([256, 256, 3, 3]): 
XavierInit: gain=1, distribution=uniform, bias=0 

neck.fpn_convs.1.conv.bias - torch.Size([256]): 
The value is the same before and after calling `init_weights` of HybridTaskCascade  

neck.fpn_convs.2.conv.weight - torch.Size([256, 256, 3, 3]): 
XavierInit: gain=1, distribution=uniform, bias=0 

neck.fpn_convs.2.conv.bias - torch.Size([256]): 
The value is the same before and after calling `init_weights` of HybridTaskCascade  

neck.fpn_convs.3.conv.weight - torch.Size([256, 256, 3, 3]): 
XavierInit: gain=1, distribution=uniform, bias=0 

neck.fpn_convs.3.conv.bias - torch.Size([256]): 
The value is the same before and after calling `init_weights` of HybridTaskCascade  

rpn_head.rpn_conv.weight - torch.Size([256, 256, 3, 3]): 
NormalInit: mean=0, std=0.01, bias=0 

rpn_head.rpn_conv.bias - torch.Size([256]): 
NormalInit: mean=0, std=0.01, bias=0 

rpn_head.rpn_cls.weight - torch.Size([3, 256, 1, 1]): 
NormalInit: mean=0, std=0.01, bias=0 

rpn_head.rpn_cls.bias - torch.Size([3]): 
NormalInit: mean=0, std=0.01, bias=0 

rpn_head.rpn_reg.weight - torch.Size([12, 256, 1, 1]): 
NormalInit: mean=0, std=0.01, bias=0 

rpn_head.rpn_reg.bias - torch.Size([12]): 
NormalInit: mean=0, std=0.01, bias=0 

roi_head.bbox_head.0.fc_cls.weight - torch.Size([11, 1024]): 
XavierInit: gain=1, distribution=normal, bias=0 

roi_head.bbox_head.0.fc_cls.bias - torch.Size([11]): 
NormalInit: mean=0, std=0.01, bias=0 

roi_head.bbox_head.0.fc_reg.weight - torch.Size([4, 1024]): 
XavierInit: gain=1, distribution=normal, bias=0 

roi_head.bbox_head.0.fc_reg.bias - torch.Size([4]): 
NormalInit: mean=0, std=0.001, bias=0 

roi_head.bbox_head.0.shared_fcs.0.weight - torch.Size([1024, 12544]): 
XavierInit: gain=1, distribution=normal, bias=0 

roi_head.bbox_head.0.shared_fcs.0.bias - torch.Size([1024]): 
XavierInit: gain=1, distribution=normal, bias=0 

roi_head.bbox_head.0.shared_fcs.1.weight - torch.Size([1024, 1024]): 
XavierInit: gain=1, distribution=normal, bias=0 

roi_head.bbox_head.0.shared_fcs.1.bias - torch.Size([1024]): 
XavierInit: gain=1, distribution=normal, bias=0 

roi_head.bbox_head.1.fc_cls.weight - torch.Size([11, 1024]): 
XavierInit: gain=1, distribution=normal, bias=0 

roi_head.bbox_head.1.fc_cls.bias - torch.Size([11]): 
NormalInit: mean=0, std=0.01, bias=0 

roi_head.bbox_head.1.fc_reg.weight - torch.Size([4, 1024]): 
XavierInit: gain=1, distribution=normal, bias=0 

roi_head.bbox_head.1.fc_reg.bias - torch.Size([4]): 
NormalInit: mean=0, std=0.001, bias=0 

roi_head.bbox_head.1.shared_fcs.0.weight - torch.Size([1024, 12544]): 
XavierInit: gain=1, distribution=normal, bias=0 

roi_head.bbox_head.1.shared_fcs.0.bias - torch.Size([1024]): 
XavierInit: gain=1, distribution=normal, bias=0 

roi_head.bbox_head.1.shared_fcs.1.weight - torch.Size([1024, 1024]): 
XavierInit: gain=1, distribution=normal, bias=0 

roi_head.bbox_head.1.shared_fcs.1.bias - torch.Size([1024]): 
XavierInit: gain=1, distribution=normal, bias=0 

roi_head.bbox_head.2.fc_cls.weight - torch.Size([11, 1024]): 
XavierInit: gain=1, distribution=normal, bias=0 

roi_head.bbox_head.2.fc_cls.bias - torch.Size([11]): 
NormalInit: mean=0, std=0.01, bias=0 

roi_head.bbox_head.2.fc_reg.weight - torch.Size([4, 1024]): 
XavierInit: gain=1, distribution=normal, bias=0 

roi_head.bbox_head.2.fc_reg.bias - torch.Size([4]): 
NormalInit: mean=0, std=0.001, bias=0 

roi_head.bbox_head.2.shared_fcs.0.weight - torch.Size([1024, 12544]): 
XavierInit: gain=1, distribution=normal, bias=0 

roi_head.bbox_head.2.shared_fcs.0.bias - torch.Size([1024]): 
XavierInit: gain=1, distribution=normal, bias=0 

roi_head.bbox_head.2.shared_fcs.1.weight - torch.Size([1024, 1024]): 
XavierInit: gain=1, distribution=normal, bias=0 

roi_head.bbox_head.2.shared_fcs.1.bias - torch.Size([1024]): 
XavierInit: gain=1, distribution=normal, bias=0 
2021-10-09 09:36:38,101 - mmdet - INFO - Start running, host: root@00a46a6c3ac0, work_dir: /opt/ml/detection/object-detection-level2-cv-01/work_dirs/HTC_x101_64x4d_FPN_Mosaic
2021-10-09 09:36:38,101 - mmdet - INFO - Hooks will be executed in the following order:
before_run:
(VERY_HIGH   ) CosineAnnealingLrUpdaterHook       
(NORMAL      ) CheckpointHook                     
(LOW         ) EvalHook                           
(VERY_LOW    ) TextLoggerHook                     
(VERY_LOW    ) WandbLoggerHook                    
 -------------------- 
before_train_epoch:
(VERY_HIGH   ) CosineAnnealingLrUpdaterHook       
(NORMAL      ) NumClassCheckHook                  
(LOW         ) IterTimerHook                      
(LOW         ) EvalHook                           
(VERY_LOW    ) TextLoggerHook                     
(VERY_LOW    ) WandbLoggerHook                    
 -------------------- 
before_train_iter:
(VERY_HIGH   ) CosineAnnealingLrUpdaterHook       
(LOW         ) IterTimerHook                      
(LOW         ) EvalHook                           
 -------------------- 
after_train_iter:
(ABOVE_NORMAL) OptimizerHook                      
(NORMAL      ) CheckpointHook                     
(LOW         ) IterTimerHook                      
(LOW         ) EvalHook                           
(VERY_LOW    ) TextLoggerHook                     
(VERY_LOW    ) WandbLoggerHook                    
 -------------------- 
after_train_epoch:
(NORMAL      ) CheckpointHook                     
(LOW         ) EvalHook                           
(VERY_LOW    ) TextLoggerHook                     
(VERY_LOW    ) WandbLoggerHook                    
 -------------------- 
before_val_epoch:
(NORMAL      ) NumClassCheckHook                  
(LOW         ) IterTimerHook                      
(VERY_LOW    ) TextLoggerHook                     
(VERY_LOW    ) WandbLoggerHook                    
 -------------------- 
before_val_iter:
(LOW         ) IterTimerHook                      
 -------------------- 
after_val_iter:
(LOW         ) IterTimerHook                      
 -------------------- 
after_val_epoch:
(VERY_LOW    ) TextLoggerHook                     
(VERY_LOW    ) WandbLoggerHook                    
 -------------------- 
after_run:
(VERY_LOW    ) WandbLoggerHook                    
 -------------------- 
2021-10-09 09:36:38,102 - mmdet - INFO - workflow: [('train', 1)], max: 50 epochs
2021-10-09 09:37:06,960 - mmdet - INFO - Epoch [1][50/1109]	lr: 1.170e-04, eta: 6:50:05, time: 0.444, data_time: 0.048, memory: 3365, loss_rpn_cls: 0.6519, loss_rpn_bbox: 0.0436, s0.loss_cls: 0.5778, s0.acc: 88.2871, s0.loss_bbox: 0.1051, s1.loss_cls: 0.3115, s1.acc: 82.6016, s1.loss_bbox: 0.0366, s2.loss_cls: 0.2477, s2.acc: 71.2715, s2.loss_bbox: 0.0112, loss: 1.9854
2021-10-09 09:37:26,998 - mmdet - INFO - Epoch [1][100/1109]	lr: 2.160e-04, eta: 6:29:42, time: 0.401, data_time: 0.005, memory: 3365, loss_rpn_cls: 0.4164, loss_rpn_bbox: 0.0367, s0.loss_cls: 0.2592, s0.acc: 95.4248, s0.loss_bbox: 0.1168, s1.loss_cls: 0.0838, s1.acc: 97.8174, s1.loss_bbox: 0.0340, s2.loss_cls: 0.0319, s2.acc: 98.6094, s2.loss_bbox: 0.0082, loss: 0.9870
2021-10-09 09:37:46,888 - mmdet - INFO - Epoch [1][150/1109]	lr: 3.150e-04, eta: 6:21:46, time: 0.398, data_time: 0.005, memory: 3365, loss_rpn_cls: 0.1844, loss_rpn_bbox: 0.0340, s0.loss_cls: 0.2927, s0.acc: 94.3857, s0.loss_bbox: 0.1404, s1.loss_cls: 0.0839, s1.acc: 97.4277, s1.loss_bbox: 0.0433, s2.loss_cls: 0.0278, s2.acc: 98.5977, s2.loss_bbox: 0.0079, loss: 0.8143
2021-10-09 09:38:06,876 - mmdet - INFO - Epoch [1][200/1109]	lr: 4.140e-04, eta: 6:18:06, time: 0.400, data_time: 0.005, memory: 3365, loss_rpn_cls: 0.1930, loss_rpn_bbox: 0.0405, s0.loss_cls: 0.3006, s0.acc: 93.8086, s0.loss_bbox: 0.1385, s1.loss_cls: 0.0856, s1.acc: 97.2051, s1.loss_bbox: 0.0419, s2.loss_cls: 0.0280, s2.acc: 98.4248, s2.loss_bbox: 0.0073, loss: 0.8356
2021-10-09 09:38:26,805 - mmdet - INFO - Epoch [1][250/1109]	lr: 5.130e-04, eta: 6:15:32, time: 0.399, data_time: 0.005, memory: 3365, loss_rpn_cls: 0.1506, loss_rpn_bbox: 0.0324, s0.loss_cls: 0.2751, s0.acc: 94.3115, s0.loss_bbox: 0.1288, s1.loss_cls: 0.0749, s1.acc: 97.5244, s1.loss_bbox: 0.0403, s2.loss_cls: 0.0229, s2.acc: 98.7109, s2.loss_bbox: 0.0066, loss: 0.7316
2021-10-09 09:38:46,761 - mmdet - INFO - Epoch [1][300/1109]	lr: 6.120e-04, eta: 6:13:48, time: 0.399, data_time: 0.005, memory: 3365, loss_rpn_cls: 0.1566, loss_rpn_bbox: 0.0336, s0.loss_cls: 0.2983, s0.acc: 93.5811, s0.loss_bbox: 0.1439, s1.loss_cls: 0.0804, s1.acc: 97.2383, s1.loss_bbox: 0.0450, s2.loss_cls: 0.0243, s2.acc: 98.6201, s2.loss_bbox: 0.0068, loss: 0.7889
2021-10-09 09:39:07,174 - mmdet - INFO - Epoch [1][350/1109]	lr: 7.110e-04, eta: 6:13:40, time: 0.408, data_time: 0.005, memory: 3365, loss_rpn_cls: 0.1440, loss_rpn_bbox: 0.0295, s0.loss_cls: 0.2808, s0.acc: 93.8965, s0.loss_bbox: 0.1295, s1.loss_cls: 0.0768, s1.acc: 97.3213, s1.loss_bbox: 0.0425, s2.loss_cls: 0.0236, s2.acc: 98.6191, s2.loss_bbox: 0.0068, loss: 0.7334
2021-10-09 09:39:27,257 - mmdet - INFO - Epoch [1][400/1109]	lr: 8.100e-04, eta: 6:12:44, time: 0.402, data_time: 0.005, memory: 3365, loss_rpn_cls: 0.1475, loss_rpn_bbox: 0.0328, s0.loss_cls: 0.2760, s0.acc: 93.8623, s0.loss_bbox: 0.1320, s1.loss_cls: 0.0752, s1.acc: 97.3213, s1.loss_bbox: 0.0438, s2.loss_cls: 0.0227, s2.acc: 98.6641, s2.loss_bbox: 0.0069, loss: 0.7369
2021-10-09 09:39:47,245 - mmdet - INFO - Epoch [1][450/1109]	lr: 9.090e-04, eta: 6:11:44, time: 0.400, data_time: 0.005, memory: 3365, loss_rpn_cls: 0.1407, loss_rpn_bbox: 0.0302, s0.loss_cls: 0.2873, s0.acc: 93.5068, s0.loss_bbox: 0.1407, s1.loss_cls: 0.0759, s1.acc: 97.2666, s1.loss_bbox: 0.0444, s2.loss_cls: 0.0227, s2.acc: 98.6533, s2.loss_bbox: 0.0073, loss: 0.7492
2021-10-09 09:40:07,198 - mmdet - INFO - Epoch [1][500/1109]	lr: 1.008e-03, eta: 6:10:48, time: 0.399, data_time: 0.005, memory: 3365, loss_rpn_cls: 0.1206, loss_rpn_bbox: 0.0272, s0.loss_cls: 0.2602, s0.acc: 94.0811, s0.loss_bbox: 0.1221, s1.loss_cls: 0.0677, s1.acc: 97.4863, s1.loss_bbox: 0.0397, s2.loss_cls: 0.0203, s2.acc: 98.7646, s2.loss_bbox: 0.0064, loss: 0.6642
2021-10-09 09:40:27,214 - mmdet - INFO - Epoch [1][550/1109]	lr: 1.107e-03, eta: 6:10:05, time: 0.400, data_time: 0.005, memory: 3365, loss_rpn_cls: 0.1162, loss_rpn_bbox: 0.0260, s0.loss_cls: 0.2767, s0.acc: 93.7480, s0.loss_bbox: 0.1284, s1.loss_cls: 0.0724, s1.acc: 97.2998, s1.loss_bbox: 0.0435, s2.loss_cls: 0.0211, s2.acc: 98.7188, s2.loss_bbox: 0.0070, loss: 0.6913
2021-10-09 09:40:47,137 - mmdet - INFO - Epoch [1][600/1109]	lr: 1.206e-03, eta: 6:09:17, time: 0.398, data_time: 0.005, memory: 3365, loss_rpn_cls: 0.1213, loss_rpn_bbox: 0.0278, s0.loss_cls: 0.2703, s0.acc: 93.3574, s0.loss_bbox: 0.1302, s1.loss_cls: 0.0706, s1.acc: 97.1641, s1.loss_bbox: 0.0448, s2.loss_cls: 0.0211, s2.acc: 98.6768, s2.loss_bbox: 0.0071, loss: 0.6932
2021-10-09 09:41:07,107 - mmdet - INFO - Epoch [1][650/1109]	lr: 1.305e-03, eta: 6:08:38, time: 0.399, data_time: 0.005, memory: 3365, loss_rpn_cls: 0.1471, loss_rpn_bbox: 0.0365, s0.loss_cls: 0.3267, s0.acc: 92.0400, s0.loss_bbox: 0.1614, s1.loss_cls: 0.0887, s1.acc: 96.4697, s1.loss_bbox: 0.0550, s2.loss_cls: 0.0271, s2.acc: 98.2627, s2.loss_bbox: 0.0089, loss: 0.8514
2021-10-09 09:41:27,060 - mmdet - INFO - Epoch [1][700/1109]	lr: 1.404e-03, eta: 6:07:59, time: 0.399, data_time: 0.005, memory: 3365, loss_rpn_cls: 0.1199, loss_rpn_bbox: 0.0298, s0.loss_cls: 0.3015, s0.acc: 92.8838, s0.loss_bbox: 0.1431, s1.loss_cls: 0.0796, s1.acc: 96.9180, s1.loss_bbox: 0.0493, s2.loss_cls: 0.0235, s2.acc: 98.5430, s2.loss_bbox: 0.0082, loss: 0.7548
2021-10-09 09:41:46,939 - mmdet - INFO - Epoch [1][750/1109]	lr: 1.503e-03, eta: 6:07:19, time: 0.398, data_time: 0.005, memory: 3365, loss_rpn_cls: 0.1179, loss_rpn_bbox: 0.0323, s0.loss_cls: 0.3228, s0.acc: 91.8613, s0.loss_bbox: 0.1594, s1.loss_cls: 0.0924, s1.acc: 96.1670, s1.loss_bbox: 0.0599, s2.loss_cls: 0.0273, s2.acc: 98.1934, s2.loss_bbox: 0.0099, loss: 0.8219
2021-10-09 09:42:06,722 - mmdet - INFO - Epoch [1][800/1109]	lr: 1.602e-03, eta: 6:06:34, time: 0.396, data_time: 0.005, memory: 3365, loss_rpn_cls: 0.1033, loss_rpn_bbox: 0.0281, s0.loss_cls: 0.3028, s0.acc: 92.6074, s0.loss_bbox: 0.1373, s1.loss_cls: 0.0779, s1.acc: 96.7598, s1.loss_bbox: 0.0482, s2.loss_cls: 0.0226, s2.acc: 98.4912, s2.loss_bbox: 0.0077, loss: 0.7279
2021-10-09 09:42:26,546 - mmdet - INFO - Epoch [1][850/1109]	lr: 1.701e-03, eta: 6:05:54, time: 0.396, data_time: 0.005, memory: 3365, loss_rpn_cls: 0.1163, loss_rpn_bbox: 0.0316, s0.loss_cls: 0.3325, s0.acc: 91.9023, s0.loss_bbox: 0.1548, s1.loss_cls: 0.0863, s1.acc: 96.4404, s1.loss_bbox: 0.0557, s2.loss_cls: 0.0248, s2.acc: 98.3594, s2.loss_bbox: 0.0098, loss: 0.8118
2021-10-09 09:42:46,154 - mmdet - INFO - Epoch [1][900/1109]	lr: 1.800e-03, eta: 6:05:04, time: 0.392, data_time: 0.005, memory: 3365, loss_rpn_cls: 0.1121, loss_rpn_bbox: 0.0262, s0.loss_cls: 0.2831, s0.acc: 92.8496, s0.loss_bbox: 0.1253, s1.loss_cls: 0.0757, s1.acc: 96.8574, s1.loss_bbox: 0.0475, s2.loss_cls: 0.0224, s2.acc: 98.5039, s2.loss_bbox: 0.0085, loss: 0.7007
2021-10-09 09:43:06,037 - mmdet - INFO - Epoch [1][950/1109]	lr: 1.899e-03, eta: 6:04:33, time: 0.398, data_time: 0.005, memory: 3365, loss_rpn_cls: 0.1216, loss_rpn_bbox: 0.0367, s0.loss_cls: 0.3422, s0.acc: 91.2852, s0.loss_bbox: 0.1616, s1.loss_cls: 0.0899, s1.acc: 96.1211, s1.loss_bbox: 0.0592, s2.loss_cls: 0.0261, s2.acc: 98.1885, s2.loss_bbox: 0.0107, loss: 0.8480
2021-10-09 09:43:25,788 - mmdet - INFO - Exp name: HTC_x101_64x4d_FPN_Mosaic.py
2021-10-09 09:43:25,788 - mmdet - INFO - Epoch [1][1000/1109]	lr: 1.998e-03, eta: 6:03:55, time: 0.395, data_time: 0.005, memory: 3365, loss_rpn_cls: 0.1116, loss_rpn_bbox: 0.0345, s0.loss_cls: 0.3126, s0.acc: 92.2031, s0.loss_bbox: 0.1407, s1.loss_cls: 0.0812, s1.acc: 96.5781, s1.loss_bbox: 0.0510, s2.loss_cls: 0.0232, s2.acc: 98.3877, s2.loss_bbox: 0.0086, loss: 0.7634
2021-10-09 09:43:45,545 - mmdet - INFO - Epoch [1][1050/1109]	lr: 2.000e-03, eta: 6:03:20, time: 0.395, data_time: 0.005, memory: 3365, loss_rpn_cls: 0.0842, loss_rpn_bbox: 0.0238, s0.loss_cls: 0.2849, s0.acc: 92.7900, s0.loss_bbox: 0.1166, s1.loss_cls: 0.0734, s1.acc: 96.8096, s1.loss_bbox: 0.0459, s2.loss_cls: 0.0209, s2.acc: 98.5225, s2.loss_bbox: 0.0089, loss: 0.6585
2021-10-09 09:44:05,805 - mmdet - INFO - Epoch [1][1100/1109]	lr: 2.000e-03, eta: 6:03:11, time: 0.405, data_time: 0.005, memory: 3365, loss_rpn_cls: 0.1115, loss_rpn_bbox: 0.0342, s0.loss_cls: 0.3264, s0.acc: 91.5078, s0.loss_bbox: 0.1503, s1.loss_cls: 0.0849, s1.acc: 96.1660, s1.loss_bbox: 0.0558, s2.loss_cls: 0.0245, s2.acc: 98.1982, s2.loss_bbox: 0.0102, loss: 0.7979
