2021-10-08 18:35:15,309 - mmdet - INFO - Environment info:
------------------------------------------------------------
sys.platform: linux
Python: 3.7.11 (default, Jul 27 2021, 14:32:16) [GCC 7.5.0]
CUDA available: True
GPU 0: Tesla V100-PCIE-32GB
CUDA_HOME: None
GCC: gcc (Ubuntu 7.5.0-3ubuntu1~18.04) 7.5.0
PyTorch: 1.7.1
PyTorch compiling details: PyTorch built with:
  - GCC 7.3
  - C++ Version: 201402
  - Intel(R) oneAPI Math Kernel Library Version 2021.3-Product Build 20210617 for Intel(R) 64 architecture applications
  - Intel(R) MKL-DNN v1.6.0 (Git Hash 5ef631a030a6f73131c77892041042805a06064f)
  - OpenMP 201511 (a.k.a. OpenMP 4.5)
  - NNPACK is enabled
  - CPU capability usage: AVX2
  - CUDA Runtime 11.0
  - NVCC architecture flags: -gencode;arch=compute_37,code=sm_37;-gencode;arch=compute_50,code=sm_50;-gencode;arch=compute_60,code=sm_60;-gencode;arch=compute_61,code=sm_61;-gencode;arch=compute_70,code=sm_70;-gencode;arch=compute_75,code=sm_75;-gencode;arch=compute_80,code=sm_80;-gencode;arch=compute_37,code=compute_37
  - CuDNN 8.0.5
  - Magma 2.5.2
  - Build settings: BLAS=MKL, BUILD_TYPE=Release, CXX_FLAGS= -Wno-deprecated -fvisibility-inlines-hidden -DUSE_PTHREADPOOL -fopenmp -DNDEBUG -DUSE_FBGEMM -DUSE_QNNPACK -DUSE_PYTORCH_QNNPACK -DUSE_XNNPACK -DUSE_VULKAN_WRAPPER -O2 -fPIC -Wno-narrowing -Wall -Wextra -Werror=return-type -Wno-missing-field-initializers -Wno-type-limits -Wno-array-bounds -Wno-unknown-pragmas -Wno-sign-compare -Wno-unused-parameter -Wno-unused-variable -Wno-unused-function -Wno-unused-result -Wno-unused-local-typedefs -Wno-strict-overflow -Wno-strict-aliasing -Wno-error=deprecated-declarations -Wno-stringop-overflow -Wno-psabi -Wno-error=pedantic -Wno-error=redundant-decls -Wno-error=old-style-cast -fdiagnostics-color=always -faligned-new -Wno-unused-but-set-variable -Wno-maybe-uninitialized -fno-math-errno -fno-trapping-math -Werror=format -Wno-stringop-overflow, PERF_WITH_AVX=1, PERF_WITH_AVX2=1, PERF_WITH_AVX512=1, USE_CUDA=ON, USE_EXCEPTION_PTR=1, USE_GFLAGS=OFF, USE_GLOG=OFF, USE_MKL=ON, USE_MKLDNN=ON, USE_MPI=OFF, USE_NCCL=ON, USE_NNPACK=ON, USE_OPENMP=ON, 

TorchVision: 0.8.2
OpenCV: 4.5.3
MMCV: 1.3.14
MMCV Compiler: GCC 7.3
MMCV CUDA Compiler: 11.0
MMDetection: 2.17.0+044cccd
------------------------------------------------------------

2021-10-08 18:35:15,807 - mmdet - INFO - Distributed training: False
2021-10-08 18:35:16,303 - mmdet - INFO - Config:
dataset_type = 'CocoDataset'
data_root = '/opt/ml/detection/dataset/'
classes = [
    'General trash', 'Paper', 'Paper pack', 'Metal', 'Glass', 'Plastic',
    'Styrofoam', 'Plastic bag', 'Battery', 'Clothing'
]
img_norm_cfg = dict(mean=[0, 0, 0], std=[255.0, 255.0, 255.0], to_rgb=True)
train_pipeline = [
    dict(type='LoadImageFromFile'),
    dict(type='LoadAnnotations', with_bbox=True),
    dict(type='Resize', img_scale=(300, 300), keep_ratio=True),
    dict(type='RandomFlip', flip_ratio=0.5),
    dict(
        type='Normalize',
        mean=[0, 0, 0],
        std=[255.0, 255.0, 255.0],
        to_rgb=True),
    dict(type='DefaultFormatBundle'),
    dict(type='Collect', keys=['img', 'gt_bboxes', 'gt_labels'])
]
test_pipeline = [
    dict(type='LoadImageFromFile'),
    dict(
        type='MultiScaleFlipAug',
        img_scale=(300, 300),
        flip=False,
        transforms=[
            dict(type='Resize', keep_ratio=True),
            dict(type='RandomFlip'),
            dict(
                type='Normalize',
                mean=[0, 0, 0],
                std=[255.0, 255.0, 255.0],
                to_rgb=True),
            dict(type='ImageToTensor', keys=['img']),
            dict(type='Collect', keys=['img'])
        ])
]
data = dict(
    samples_per_gpu=4,
    workers_per_gpu=2,
    train=dict(
        type='CocoDataset',
        ann_file='/opt/ml/detection/dataset/train_kfold1.json',
        img_prefix='/opt/ml/detection/dataset/',
        classes=[
            'General trash', 'Paper', 'Paper pack', 'Metal', 'Glass',
            'Plastic', 'Styrofoam', 'Plastic bag', 'Battery', 'Clothing'
        ],
        pipeline=[
            dict(type='LoadImageFromFile'),
            dict(type='LoadAnnotations', with_bbox=True),
            dict(type='Resize', img_scale=(300, 300), keep_ratio=True),
            dict(type='RandomFlip', flip_ratio=0.5),
            dict(
                type='Normalize',
                mean=[0, 0, 0],
                std=[255.0, 255.0, 255.0],
                to_rgb=True),
            dict(type='DefaultFormatBundle'),
            dict(type='Collect', keys=['img', 'gt_bboxes', 'gt_labels'])
        ]),
    val=dict(
        type='CocoDataset',
        ann_file='/opt/ml/detection/dataset/val_kfold1.json',
        classes=[
            'General trash', 'Paper', 'Paper pack', 'Metal', 'Glass',
            'Plastic', 'Styrofoam', 'Plastic bag', 'Battery', 'Clothing'
        ],
        img_prefix='/opt/ml/detection/dataset/',
        pipeline=[
            dict(type='LoadImageFromFile'),
            dict(
                type='MultiScaleFlipAug',
                img_scale=(300, 300),
                flip=False,
                transforms=[
                    dict(type='Resize', keep_ratio=True),
                    dict(type='RandomFlip'),
                    dict(
                        type='Normalize',
                        mean=[0, 0, 0],
                        std=[255.0, 255.0, 255.0],
                        to_rgb=True),
                    dict(type='ImageToTensor', keys=['img']),
                    dict(type='Collect', keys=['img'])
                ])
        ]),
    test=dict(
        type='CocoDataset',
        ann_file='/opt/ml/detection/dataset/test.json',
        classes=[
            'General trash', 'Paper', 'Paper pack', 'Metal', 'Glass',
            'Plastic', 'Styrofoam', 'Plastic bag', 'Battery', 'Clothing'
        ],
        img_prefix='/opt/ml/detection/dataset/',
        pipeline=[
            dict(type='LoadImageFromFile'),
            dict(
                type='MultiScaleFlipAug',
                img_scale=(300, 300),
                flip=False,
                transforms=[
                    dict(type='Resize', keep_ratio=True),
                    dict(type='RandomFlip'),
                    dict(
                        type='Normalize',
                        mean=[0, 0, 0],
                        std=[255.0, 255.0, 255.0],
                        to_rgb=True),
                    dict(type='ImageToTensor', keys=['img']),
                    dict(type='Collect', keys=['img'])
                ])
        ]))
evaluation = dict(interval=1, metric='bbox', save_best='bbox_mAP_50')
checkpoint_config = dict(interval=100)
log_config = dict(
    interval=50,
    hooks=[
        dict(type='TextLoggerHook'),
        dict(type='WandbLoggerHook', init_kwargs=dict(project='mmdetection'))
    ])
custom_hooks = [dict(type='NumClassCheckHook')]
dist_params = dict(backend='nccl')
log_level = 'INFO'
load_from = None
resume_from = None
workflow = [('train', 1)]
optimizer = dict(type='SGD', lr=0.0002, momentum=0.9, weight_decay=0.0001)
optimizer_config = dict(grad_clip=None)
lr_config = dict(
    policy='CosineAnnealing',
    warmup='linear',
    warmup_iters=1000,
    warmup_ratio=0.01,
    min_lr=1e-06)
runner = dict(type='EpochBasedRunner', max_epochs=50)
model = dict(
    type='HybridTaskCascade',
    backbone=dict(
        type='ResNeXt',
        depth=101,
        num_stages=4,
        out_indices=(0, 1, 2, 3),
        frozen_stages=1,
        norm_cfg=dict(type='BN', requires_grad=True),
        norm_eval=True,
        style='pytorch',
        init_cfg=dict(
            type='Pretrained', checkpoint='open-mmlab://resnext101_64x4d'),
        groups=64,
        base_width=4),
    neck=dict(
        type='FPN',
        in_channels=[256, 512, 1024, 2048],
        out_channels=256,
        num_outs=5),
    rpn_head=dict(
        type='RPNHead',
        in_channels=256,
        feat_channels=256,
        anchor_generator=dict(
            type='AnchorGenerator',
            scales=[8],
            ratios=[0.5, 1.0, 2.0],
            strides=[4, 8, 16, 32, 64]),
        bbox_coder=dict(
            type='DeltaXYWHBBoxCoder',
            target_means=[0.0, 0.0, 0.0, 0.0],
            target_stds=[1.0, 1.0, 1.0, 1.0]),
        loss_cls=dict(
            type='CrossEntropyLoss', use_sigmoid=True, loss_weight=1.0),
        loss_bbox=dict(
            type='SmoothL1Loss', beta=0.1111111111111111, loss_weight=1.0)),
    roi_head=dict(
        type='HybridTaskCascadeRoIHead',
        interleaved=True,
        mask_info_flow=False,
        num_stages=3,
        stage_loss_weights=[1, 0.5, 0.25],
        bbox_roi_extractor=dict(
            type='SingleRoIExtractor',
            roi_layer=dict(type='RoIAlign', output_size=7, sampling_ratio=0),
            out_channels=256,
            featmap_strides=[4, 8, 16, 32]),
        bbox_head=[
            dict(
                type='Shared2FCBBoxHead',
                in_channels=256,
                fc_out_channels=1024,
                roi_feat_size=7,
                num_classes=10,
                bbox_coder=dict(
                    type='DeltaXYWHBBoxCoder',
                    target_means=[0.0, 0.0, 0.0, 0.0],
                    target_stds=[0.1, 0.1, 0.2, 0.2]),
                reg_class_agnostic=True,
                loss_cls=dict(
                    type='CrossEntropyLoss',
                    use_sigmoid=False,
                    loss_weight=1.0),
                loss_bbox=dict(type='SmoothL1Loss', beta=1.0,
                               loss_weight=1.0)),
            dict(
                type='Shared2FCBBoxHead',
                in_channels=256,
                fc_out_channels=1024,
                roi_feat_size=7,
                num_classes=10,
                bbox_coder=dict(
                    type='DeltaXYWHBBoxCoder',
                    target_means=[0.0, 0.0, 0.0, 0.0],
                    target_stds=[0.05, 0.05, 0.1, 0.1]),
                reg_class_agnostic=True,
                loss_cls=dict(
                    type='CrossEntropyLoss',
                    use_sigmoid=False,
                    loss_weight=1.0),
                loss_bbox=dict(type='SmoothL1Loss', beta=1.0,
                               loss_weight=1.0)),
            dict(
                type='Shared2FCBBoxHead',
                in_channels=256,
                fc_out_channels=1024,
                roi_feat_size=7,
                num_classes=10,
                bbox_coder=dict(
                    type='DeltaXYWHBBoxCoder',
                    target_means=[0.0, 0.0, 0.0, 0.0],
                    target_stds=[0.033, 0.033, 0.067, 0.067]),
                reg_class_agnostic=True,
                loss_cls=dict(
                    type='CrossEntropyLoss',
                    use_sigmoid=False,
                    loss_weight=1.0),
                loss_bbox=dict(type='SmoothL1Loss', beta=1.0, loss_weight=1.0))
        ]),
    train_cfg=dict(
        rpn=dict(
            assigner=dict(
                type='MaxIoUAssigner',
                pos_iou_thr=0.7,
                neg_iou_thr=0.3,
                min_pos_iou=0.3,
                match_low_quality=True,
                ignore_iof_thr=-1),
            sampler=dict(
                type='RandomSampler',
                num=256,
                pos_fraction=0.5,
                neg_pos_ub=-1,
                add_gt_as_proposals=False),
            allowed_border=0,
            pos_weight=-1,
            debug=False),
        rcnn=[
            dict(
                assigner=dict(
                    type='MaxIoUAssigner',
                    pos_iou_thr=0.5,
                    neg_iou_thr=0.5,
                    min_pos_iou=0.5,
                    ignore_iof_thr=-1),
                sampler=dict(
                    type='RandomSampler',
                    num=512,
                    pos_fraction=0.25,
                    neg_pos_ub=-1,
                    add_gt_as_proposals=True),
                mask_size=28,
                pos_weight=-1,
                debug=False),
            dict(
                assigner=dict(
                    type='MaxIoUAssigner',
                    pos_iou_thr=0.6,
                    neg_iou_thr=0.6,
                    min_pos_iou=0.6,
                    ignore_iof_thr=-1),
                sampler=dict(
                    type='RandomSampler',
                    num=512,
                    pos_fraction=0.25,
                    neg_pos_ub=-1,
                    add_gt_as_proposals=True),
                mask_size=28,
                pos_weight=-1,
                debug=False),
            dict(
                assigner=dict(
                    type='MaxIoUAssigner',
                    pos_iou_thr=0.7,
                    neg_iou_thr=0.7,
                    min_pos_iou=0.7,
                    ignore_iof_thr=-1),
                sampler=dict(
                    type='RandomSampler',
                    num=512,
                    pos_fraction=0.25,
                    neg_pos_ub=-1,
                    add_gt_as_proposals=True),
                mask_size=28,
                pos_weight=-1,
                debug=False)
        ]),
    test_cfg=dict(
        rpn=dict(
            nms_pre=1000,
            max_per_img=1000,
            nms=dict(type='nms', iou_threshold=0.7),
            min_bbox_size=0),
        rcnn=dict(
            score_thr=0.001,
            nms=dict(type='nms', iou_threshold=0.5),
            max_per_img=100,
            mask_thr_binary=0.5)))
work_dir = './work_dirs/HTC_x101_64x4d_FPN'
gpu_ids = range(0, 1)

2021-10-08 18:35:16,304 - mmdet - INFO - Set random seed to 2021, deterministic: True
2021-10-08 18:35:17,811 - mmdet - INFO - initialize ResNeXt with init_cfg {'type': 'Pretrained', 'checkpoint': 'open-mmlab://resnext101_64x4d'}
2021-10-08 18:35:18,109 - mmdet - INFO - initialize FPN with init_cfg {'type': 'Xavier', 'layer': 'Conv2d', 'distribution': 'uniform'}
2021-10-08 18:35:18,136 - mmdet - INFO - initialize RPNHead with init_cfg {'type': 'Normal', 'layer': 'Conv2d', 'std': 0.01}
2021-10-08 18:35:18,144 - mmdet - INFO - initialize Shared2FCBBoxHead with init_cfg [{'type': 'Normal', 'std': 0.01, 'override': {'name': 'fc_cls'}}, {'type': 'Normal', 'std': 0.001, 'override': {'name': 'fc_reg'}}, {'type': 'Xavier', 'layer': 'Linear', 'override': [{'name': 'shared_fcs'}, {'name': 'cls_fcs'}, {'name': 'reg_fcs'}]}]
2021-10-08 18:35:18,463 - mmdet - INFO - initialize Shared2FCBBoxHead with init_cfg [{'type': 'Normal', 'std': 0.01, 'override': {'name': 'fc_cls'}}, {'type': 'Normal', 'std': 0.001, 'override': {'name': 'fc_reg'}}, {'type': 'Xavier', 'layer': 'Linear', 'override': [{'name': 'shared_fcs'}, {'name': 'cls_fcs'}, {'name': 'reg_fcs'}]}]
2021-10-08 18:35:18,786 - mmdet - INFO - initialize Shared2FCBBoxHead with init_cfg [{'type': 'Normal', 'std': 0.01, 'override': {'name': 'fc_cls'}}, {'type': 'Normal', 'std': 0.001, 'override': {'name': 'fc_reg'}}, {'type': 'Xavier', 'layer': 'Linear', 'override': [{'name': 'shared_fcs'}, {'name': 'cls_fcs'}, {'name': 'reg_fcs'}]}]
Name of parameter - Initialization information

backbone.conv1.weight - torch.Size([64, 3, 7, 7]): 
PretrainedInit: load from open-mmlab://resnext101_64x4d 

backbone.bn1.weight - torch.Size([64]): 
PretrainedInit: load from open-mmlab://resnext101_64x4d 

backbone.bn1.bias - torch.Size([64]): 
PretrainedInit: load from open-mmlab://resnext101_64x4d 

backbone.layer1.0.conv1.weight - torch.Size([256, 64, 1, 1]): 
PretrainedInit: load from open-mmlab://resnext101_64x4d 

backbone.layer1.0.bn1.weight - torch.Size([256]): 
PretrainedInit: load from open-mmlab://resnext101_64x4d 

backbone.layer1.0.bn1.bias - torch.Size([256]): 
PretrainedInit: load from open-mmlab://resnext101_64x4d 

backbone.layer1.0.conv2.weight - torch.Size([256, 4, 3, 3]): 
PretrainedInit: load from open-mmlab://resnext101_64x4d 

backbone.layer1.0.bn2.weight - torch.Size([256]): 
PretrainedInit: load from open-mmlab://resnext101_64x4d 

backbone.layer1.0.bn2.bias - torch.Size([256]): 
PretrainedInit: load from open-mmlab://resnext101_64x4d 

backbone.layer1.0.conv3.weight - torch.Size([256, 256, 1, 1]): 
PretrainedInit: load from open-mmlab://resnext101_64x4d 

backbone.layer1.0.bn3.weight - torch.Size([256]): 
PretrainedInit: load from open-mmlab://resnext101_64x4d 

backbone.layer1.0.bn3.bias - torch.Size([256]): 
PretrainedInit: load from open-mmlab://resnext101_64x4d 

backbone.layer1.0.downsample.0.weight - torch.Size([256, 64, 1, 1]): 
PretrainedInit: load from open-mmlab://resnext101_64x4d 

backbone.layer1.0.downsample.1.weight - torch.Size([256]): 
PretrainedInit: load from open-mmlab://resnext101_64x4d 

backbone.layer1.0.downsample.1.bias - torch.Size([256]): 
PretrainedInit: load from open-mmlab://resnext101_64x4d 

backbone.layer1.1.conv1.weight - torch.Size([256, 256, 1, 1]): 
PretrainedInit: load from open-mmlab://resnext101_64x4d 

backbone.layer1.1.bn1.weight - torch.Size([256]): 
PretrainedInit: load from open-mmlab://resnext101_64x4d 

backbone.layer1.1.bn1.bias - torch.Size([256]): 
PretrainedInit: load from open-mmlab://resnext101_64x4d 

backbone.layer1.1.conv2.weight - torch.Size([256, 4, 3, 3]): 
PretrainedInit: load from open-mmlab://resnext101_64x4d 

backbone.layer1.1.bn2.weight - torch.Size([256]): 
PretrainedInit: load from open-mmlab://resnext101_64x4d 

backbone.layer1.1.bn2.bias - torch.Size([256]): 
PretrainedInit: load from open-mmlab://resnext101_64x4d 

backbone.layer1.1.conv3.weight - torch.Size([256, 256, 1, 1]): 
PretrainedInit: load from open-mmlab://resnext101_64x4d 

backbone.layer1.1.bn3.weight - torch.Size([256]): 
PretrainedInit: load from open-mmlab://resnext101_64x4d 

backbone.layer1.1.bn3.bias - torch.Size([256]): 
PretrainedInit: load from open-mmlab://resnext101_64x4d 

backbone.layer1.2.conv1.weight - torch.Size([256, 256, 1, 1]): 
PretrainedInit: load from open-mmlab://resnext101_64x4d 

backbone.layer1.2.bn1.weight - torch.Size([256]): 
PretrainedInit: load from open-mmlab://resnext101_64x4d 

backbone.layer1.2.bn1.bias - torch.Size([256]): 
PretrainedInit: load from open-mmlab://resnext101_64x4d 

backbone.layer1.2.conv2.weight - torch.Size([256, 4, 3, 3]): 
PretrainedInit: load from open-mmlab://resnext101_64x4d 

backbone.layer1.2.bn2.weight - torch.Size([256]): 
PretrainedInit: load from open-mmlab://resnext101_64x4d 

backbone.layer1.2.bn2.bias - torch.Size([256]): 
PretrainedInit: load from open-mmlab://resnext101_64x4d 

backbone.layer1.2.conv3.weight - torch.Size([256, 256, 1, 1]): 
PretrainedInit: load from open-mmlab://resnext101_64x4d 

backbone.layer1.2.bn3.weight - torch.Size([256]): 
PretrainedInit: load from open-mmlab://resnext101_64x4d 

backbone.layer1.2.bn3.bias - torch.Size([256]): 
PretrainedInit: load from open-mmlab://resnext101_64x4d 

backbone.layer2.0.conv1.weight - torch.Size([512, 256, 1, 1]): 
PretrainedInit: load from open-mmlab://resnext101_64x4d 

backbone.layer2.0.bn1.weight - torch.Size([512]): 
PretrainedInit: load from open-mmlab://resnext101_64x4d 

backbone.layer2.0.bn1.bias - torch.Size([512]): 
PretrainedInit: load from open-mmlab://resnext101_64x4d 

backbone.layer2.0.conv2.weight - torch.Size([512, 8, 3, 3]): 
PretrainedInit: load from open-mmlab://resnext101_64x4d 

backbone.layer2.0.bn2.weight - torch.Size([512]): 
PretrainedInit: load from open-mmlab://resnext101_64x4d 

backbone.layer2.0.bn2.bias - torch.Size([512]): 
PretrainedInit: load from open-mmlab://resnext101_64x4d 

backbone.layer2.0.conv3.weight - torch.Size([512, 512, 1, 1]): 
PretrainedInit: load from open-mmlab://resnext101_64x4d 

backbone.layer2.0.bn3.weight - torch.Size([512]): 
PretrainedInit: load from open-mmlab://resnext101_64x4d 

backbone.layer2.0.bn3.bias - torch.Size([512]): 
PretrainedInit: load from open-mmlab://resnext101_64x4d 

backbone.layer2.0.downsample.0.weight - torch.Size([512, 256, 1, 1]): 
PretrainedInit: load from open-mmlab://resnext101_64x4d 

backbone.layer2.0.downsample.1.weight - torch.Size([512]): 
PretrainedInit: load from open-mmlab://resnext101_64x4d 

backbone.layer2.0.downsample.1.bias - torch.Size([512]): 
PretrainedInit: load from open-mmlab://resnext101_64x4d 

backbone.layer2.1.conv1.weight - torch.Size([512, 512, 1, 1]): 
PretrainedInit: load from open-mmlab://resnext101_64x4d 

backbone.layer2.1.bn1.weight - torch.Size([512]): 
PretrainedInit: load from open-mmlab://resnext101_64x4d 

backbone.layer2.1.bn1.bias - torch.Size([512]): 
PretrainedInit: load from open-mmlab://resnext101_64x4d 

backbone.layer2.1.conv2.weight - torch.Size([512, 8, 3, 3]): 
PretrainedInit: load from open-mmlab://resnext101_64x4d 

backbone.layer2.1.bn2.weight - torch.Size([512]): 
PretrainedInit: load from open-mmlab://resnext101_64x4d 

backbone.layer2.1.bn2.bias - torch.Size([512]): 
PretrainedInit: load from open-mmlab://resnext101_64x4d 

backbone.layer2.1.conv3.weight - torch.Size([512, 512, 1, 1]): 
PretrainedInit: load from open-mmlab://resnext101_64x4d 

backbone.layer2.1.bn3.weight - torch.Size([512]): 
PretrainedInit: load from open-mmlab://resnext101_64x4d 

backbone.layer2.1.bn3.bias - torch.Size([512]): 
PretrainedInit: load from open-mmlab://resnext101_64x4d 

backbone.layer2.2.conv1.weight - torch.Size([512, 512, 1, 1]): 
PretrainedInit: load from open-mmlab://resnext101_64x4d 

backbone.layer2.2.bn1.weight - torch.Size([512]): 
PretrainedInit: load from open-mmlab://resnext101_64x4d 

backbone.layer2.2.bn1.bias - torch.Size([512]): 
PretrainedInit: load from open-mmlab://resnext101_64x4d 

backbone.layer2.2.conv2.weight - torch.Size([512, 8, 3, 3]): 
PretrainedInit: load from open-mmlab://resnext101_64x4d 

backbone.layer2.2.bn2.weight - torch.Size([512]): 
PretrainedInit: load from open-mmlab://resnext101_64x4d 

backbone.layer2.2.bn2.bias - torch.Size([512]): 
PretrainedInit: load from open-mmlab://resnext101_64x4d 

backbone.layer2.2.conv3.weight - torch.Size([512, 512, 1, 1]): 
PretrainedInit: load from open-mmlab://resnext101_64x4d 

backbone.layer2.2.bn3.weight - torch.Size([512]): 
PretrainedInit: load from open-mmlab://resnext101_64x4d 

backbone.layer2.2.bn3.bias - torch.Size([512]): 
PretrainedInit: load from open-mmlab://resnext101_64x4d 

backbone.layer2.3.conv1.weight - torch.Size([512, 512, 1, 1]): 
PretrainedInit: load from open-mmlab://resnext101_64x4d 

backbone.layer2.3.bn1.weight - torch.Size([512]): 
PretrainedInit: load from open-mmlab://resnext101_64x4d 

backbone.layer2.3.bn1.bias - torch.Size([512]): 
PretrainedInit: load from open-mmlab://resnext101_64x4d 

backbone.layer2.3.conv2.weight - torch.Size([512, 8, 3, 3]): 
PretrainedInit: load from open-mmlab://resnext101_64x4d 

backbone.layer2.3.bn2.weight - torch.Size([512]): 
PretrainedInit: load from open-mmlab://resnext101_64x4d 

backbone.layer2.3.bn2.bias - torch.Size([512]): 
PretrainedInit: load from open-mmlab://resnext101_64x4d 

backbone.layer2.3.conv3.weight - torch.Size([512, 512, 1, 1]): 
PretrainedInit: load from open-mmlab://resnext101_64x4d 

backbone.layer2.3.bn3.weight - torch.Size([512]): 
PretrainedInit: load from open-mmlab://resnext101_64x4d 

backbone.layer2.3.bn3.bias - torch.Size([512]): 
PretrainedInit: load from open-mmlab://resnext101_64x4d 

backbone.layer3.0.conv1.weight - torch.Size([1024, 512, 1, 1]): 
PretrainedInit: load from open-mmlab://resnext101_64x4d 

backbone.layer3.0.bn1.weight - torch.Size([1024]): 
PretrainedInit: load from open-mmlab://resnext101_64x4d 

backbone.layer3.0.bn1.bias - torch.Size([1024]): 
PretrainedInit: load from open-mmlab://resnext101_64x4d 

backbone.layer3.0.conv2.weight - torch.Size([1024, 16, 3, 3]): 
PretrainedInit: load from open-mmlab://resnext101_64x4d 

backbone.layer3.0.bn2.weight - torch.Size([1024]): 
PretrainedInit: load from open-mmlab://resnext101_64x4d 

backbone.layer3.0.bn2.bias - torch.Size([1024]): 
PretrainedInit: load from open-mmlab://resnext101_64x4d 

backbone.layer3.0.conv3.weight - torch.Size([1024, 1024, 1, 1]): 
PretrainedInit: load from open-mmlab://resnext101_64x4d 

backbone.layer3.0.bn3.weight - torch.Size([1024]): 
PretrainedInit: load from open-mmlab://resnext101_64x4d 

backbone.layer3.0.bn3.bias - torch.Size([1024]): 
PretrainedInit: load from open-mmlab://resnext101_64x4d 

backbone.layer3.0.downsample.0.weight - torch.Size([1024, 512, 1, 1]): 
PretrainedInit: load from open-mmlab://resnext101_64x4d 

backbone.layer3.0.downsample.1.weight - torch.Size([1024]): 
PretrainedInit: load from open-mmlab://resnext101_64x4d 

backbone.layer3.0.downsample.1.bias - torch.Size([1024]): 
PretrainedInit: load from open-mmlab://resnext101_64x4d 

backbone.layer3.1.conv1.weight - torch.Size([1024, 1024, 1, 1]): 
PretrainedInit: load from open-mmlab://resnext101_64x4d 

backbone.layer3.1.bn1.weight - torch.Size([1024]): 
PretrainedInit: load from open-mmlab://resnext101_64x4d 

backbone.layer3.1.bn1.bias - torch.Size([1024]): 
PretrainedInit: load from open-mmlab://resnext101_64x4d 

backbone.layer3.1.conv2.weight - torch.Size([1024, 16, 3, 3]): 
PretrainedInit: load from open-mmlab://resnext101_64x4d 

backbone.layer3.1.bn2.weight - torch.Size([1024]): 
PretrainedInit: load from open-mmlab://resnext101_64x4d 

backbone.layer3.1.bn2.bias - torch.Size([1024]): 
PretrainedInit: load from open-mmlab://resnext101_64x4d 

backbone.layer3.1.conv3.weight - torch.Size([1024, 1024, 1, 1]): 
PretrainedInit: load from open-mmlab://resnext101_64x4d 

backbone.layer3.1.bn3.weight - torch.Size([1024]): 
PretrainedInit: load from open-mmlab://resnext101_64x4d 

backbone.layer3.1.bn3.bias - torch.Size([1024]): 
PretrainedInit: load from open-mmlab://resnext101_64x4d 

backbone.layer3.2.conv1.weight - torch.Size([1024, 1024, 1, 1]): 
PretrainedInit: load from open-mmlab://resnext101_64x4d 

backbone.layer3.2.bn1.weight - torch.Size([1024]): 
PretrainedInit: load from open-mmlab://resnext101_64x4d 

backbone.layer3.2.bn1.bias - torch.Size([1024]): 
PretrainedInit: load from open-mmlab://resnext101_64x4d 

backbone.layer3.2.conv2.weight - torch.Size([1024, 16, 3, 3]): 
PretrainedInit: load from open-mmlab://resnext101_64x4d 

backbone.layer3.2.bn2.weight - torch.Size([1024]): 
PretrainedInit: load from open-mmlab://resnext101_64x4d 

backbone.layer3.2.bn2.bias - torch.Size([1024]): 
PretrainedInit: load from open-mmlab://resnext101_64x4d 

backbone.layer3.2.conv3.weight - torch.Size([1024, 1024, 1, 1]): 
PretrainedInit: load from open-mmlab://resnext101_64x4d 

backbone.layer3.2.bn3.weight - torch.Size([1024]): 
PretrainedInit: load from open-mmlab://resnext101_64x4d 

backbone.layer3.2.bn3.bias - torch.Size([1024]): 
PretrainedInit: load from open-mmlab://resnext101_64x4d 

backbone.layer3.3.conv1.weight - torch.Size([1024, 1024, 1, 1]): 
PretrainedInit: load from open-mmlab://resnext101_64x4d 

backbone.layer3.3.bn1.weight - torch.Size([1024]): 
PretrainedInit: load from open-mmlab://resnext101_64x4d 

backbone.layer3.3.bn1.bias - torch.Size([1024]): 
PretrainedInit: load from open-mmlab://resnext101_64x4d 

backbone.layer3.3.conv2.weight - torch.Size([1024, 16, 3, 3]): 
PretrainedInit: load from open-mmlab://resnext101_64x4d 

backbone.layer3.3.bn2.weight - torch.Size([1024]): 
PretrainedInit: load from open-mmlab://resnext101_64x4d 

backbone.layer3.3.bn2.bias - torch.Size([1024]): 
PretrainedInit: load from open-mmlab://resnext101_64x4d 

backbone.layer3.3.conv3.weight - torch.Size([1024, 1024, 1, 1]): 
PretrainedInit: load from open-mmlab://resnext101_64x4d 

backbone.layer3.3.bn3.weight - torch.Size([1024]): 
PretrainedInit: load from open-mmlab://resnext101_64x4d 

backbone.layer3.3.bn3.bias - torch.Size([1024]): 
PretrainedInit: load from open-mmlab://resnext101_64x4d 

backbone.layer3.4.conv1.weight - torch.Size([1024, 1024, 1, 1]): 
PretrainedInit: load from open-mmlab://resnext101_64x4d 

backbone.layer3.4.bn1.weight - torch.Size([1024]): 
PretrainedInit: load from open-mmlab://resnext101_64x4d 

backbone.layer3.4.bn1.bias - torch.Size([1024]): 
PretrainedInit: load from open-mmlab://resnext101_64x4d 

backbone.layer3.4.conv2.weight - torch.Size([1024, 16, 3, 3]): 
PretrainedInit: load from open-mmlab://resnext101_64x4d 

backbone.layer3.4.bn2.weight - torch.Size([1024]): 
PretrainedInit: load from open-mmlab://resnext101_64x4d 

backbone.layer3.4.bn2.bias - torch.Size([1024]): 
PretrainedInit: load from open-mmlab://resnext101_64x4d 

backbone.layer3.4.conv3.weight - torch.Size([1024, 1024, 1, 1]): 
PretrainedInit: load from open-mmlab://resnext101_64x4d 

backbone.layer3.4.bn3.weight - torch.Size([1024]): 
PretrainedInit: load from open-mmlab://resnext101_64x4d 

backbone.layer3.4.bn3.bias - torch.Size([1024]): 
PretrainedInit: load from open-mmlab://resnext101_64x4d 

backbone.layer3.5.conv1.weight - torch.Size([1024, 1024, 1, 1]): 
PretrainedInit: load from open-mmlab://resnext101_64x4d 

backbone.layer3.5.bn1.weight - torch.Size([1024]): 
PretrainedInit: load from open-mmlab://resnext101_64x4d 

backbone.layer3.5.bn1.bias - torch.Size([1024]): 
PretrainedInit: load from open-mmlab://resnext101_64x4d 

backbone.layer3.5.conv2.weight - torch.Size([1024, 16, 3, 3]): 
PretrainedInit: load from open-mmlab://resnext101_64x4d 

backbone.layer3.5.bn2.weight - torch.Size([1024]): 
PretrainedInit: load from open-mmlab://resnext101_64x4d 

backbone.layer3.5.bn2.bias - torch.Size([1024]): 
PretrainedInit: load from open-mmlab://resnext101_64x4d 

backbone.layer3.5.conv3.weight - torch.Size([1024, 1024, 1, 1]): 
PretrainedInit: load from open-mmlab://resnext101_64x4d 

backbone.layer3.5.bn3.weight - torch.Size([1024]): 
PretrainedInit: load from open-mmlab://resnext101_64x4d 

backbone.layer3.5.bn3.bias - torch.Size([1024]): 
PretrainedInit: load from open-mmlab://resnext101_64x4d 

backbone.layer3.6.conv1.weight - torch.Size([1024, 1024, 1, 1]): 
PretrainedInit: load from open-mmlab://resnext101_64x4d 

backbone.layer3.6.bn1.weight - torch.Size([1024]): 
PretrainedInit: load from open-mmlab://resnext101_64x4d 

backbone.layer3.6.bn1.bias - torch.Size([1024]): 
PretrainedInit: load from open-mmlab://resnext101_64x4d 

backbone.layer3.6.conv2.weight - torch.Size([1024, 16, 3, 3]): 
PretrainedInit: load from open-mmlab://resnext101_64x4d 

backbone.layer3.6.bn2.weight - torch.Size([1024]): 
PretrainedInit: load from open-mmlab://resnext101_64x4d 

backbone.layer3.6.bn2.bias - torch.Size([1024]): 
PretrainedInit: load from open-mmlab://resnext101_64x4d 

backbone.layer3.6.conv3.weight - torch.Size([1024, 1024, 1, 1]): 
PretrainedInit: load from open-mmlab://resnext101_64x4d 

backbone.layer3.6.bn3.weight - torch.Size([1024]): 
PretrainedInit: load from open-mmlab://resnext101_64x4d 

backbone.layer3.6.bn3.bias - torch.Size([1024]): 
PretrainedInit: load from open-mmlab://resnext101_64x4d 

backbone.layer3.7.conv1.weight - torch.Size([1024, 1024, 1, 1]): 
PretrainedInit: load from open-mmlab://resnext101_64x4d 

backbone.layer3.7.bn1.weight - torch.Size([1024]): 
PretrainedInit: load from open-mmlab://resnext101_64x4d 

backbone.layer3.7.bn1.bias - torch.Size([1024]): 
PretrainedInit: load from open-mmlab://resnext101_64x4d 

backbone.layer3.7.conv2.weight - torch.Size([1024, 16, 3, 3]): 
PretrainedInit: load from open-mmlab://resnext101_64x4d 

backbone.layer3.7.bn2.weight - torch.Size([1024]): 
PretrainedInit: load from open-mmlab://resnext101_64x4d 

backbone.layer3.7.bn2.bias - torch.Size([1024]): 
PretrainedInit: load from open-mmlab://resnext101_64x4d 

backbone.layer3.7.conv3.weight - torch.Size([1024, 1024, 1, 1]): 
PretrainedInit: load from open-mmlab://resnext101_64x4d 

backbone.layer3.7.bn3.weight - torch.Size([1024]): 
PretrainedInit: load from open-mmlab://resnext101_64x4d 

backbone.layer3.7.bn3.bias - torch.Size([1024]): 
PretrainedInit: load from open-mmlab://resnext101_64x4d 

backbone.layer3.8.conv1.weight - torch.Size([1024, 1024, 1, 1]): 
PretrainedInit: load from open-mmlab://resnext101_64x4d 

backbone.layer3.8.bn1.weight - torch.Size([1024]): 
PretrainedInit: load from open-mmlab://resnext101_64x4d 

backbone.layer3.8.bn1.bias - torch.Size([1024]): 
PretrainedInit: load from open-mmlab://resnext101_64x4d 

backbone.layer3.8.conv2.weight - torch.Size([1024, 16, 3, 3]): 
PretrainedInit: load from open-mmlab://resnext101_64x4d 

backbone.layer3.8.bn2.weight - torch.Size([1024]): 
PretrainedInit: load from open-mmlab://resnext101_64x4d 

backbone.layer3.8.bn2.bias - torch.Size([1024]): 
PretrainedInit: load from open-mmlab://resnext101_64x4d 

backbone.layer3.8.conv3.weight - torch.Size([1024, 1024, 1, 1]): 
PretrainedInit: load from open-mmlab://resnext101_64x4d 

backbone.layer3.8.bn3.weight - torch.Size([1024]): 
PretrainedInit: load from open-mmlab://resnext101_64x4d 

backbone.layer3.8.bn3.bias - torch.Size([1024]): 
PretrainedInit: load from open-mmlab://resnext101_64x4d 

backbone.layer3.9.conv1.weight - torch.Size([1024, 1024, 1, 1]): 
PretrainedInit: load from open-mmlab://resnext101_64x4d 

backbone.layer3.9.bn1.weight - torch.Size([1024]): 
PretrainedInit: load from open-mmlab://resnext101_64x4d 

backbone.layer3.9.bn1.bias - torch.Size([1024]): 
PretrainedInit: load from open-mmlab://resnext101_64x4d 

backbone.layer3.9.conv2.weight - torch.Size([1024, 16, 3, 3]): 
PretrainedInit: load from open-mmlab://resnext101_64x4d 

backbone.layer3.9.bn2.weight - torch.Size([1024]): 
PretrainedInit: load from open-mmlab://resnext101_64x4d 

backbone.layer3.9.bn2.bias - torch.Size([1024]): 
PretrainedInit: load from open-mmlab://resnext101_64x4d 

backbone.layer3.9.conv3.weight - torch.Size([1024, 1024, 1, 1]): 
PretrainedInit: load from open-mmlab://resnext101_64x4d 

backbone.layer3.9.bn3.weight - torch.Size([1024]): 
PretrainedInit: load from open-mmlab://resnext101_64x4d 

backbone.layer3.9.bn3.bias - torch.Size([1024]): 
PretrainedInit: load from open-mmlab://resnext101_64x4d 

backbone.layer3.10.conv1.weight - torch.Size([1024, 1024, 1, 1]): 
PretrainedInit: load from open-mmlab://resnext101_64x4d 

backbone.layer3.10.bn1.weight - torch.Size([1024]): 
PretrainedInit: load from open-mmlab://resnext101_64x4d 

backbone.layer3.10.bn1.bias - torch.Size([1024]): 
PretrainedInit: load from open-mmlab://resnext101_64x4d 

backbone.layer3.10.conv2.weight - torch.Size([1024, 16, 3, 3]): 
PretrainedInit: load from open-mmlab://resnext101_64x4d 

backbone.layer3.10.bn2.weight - torch.Size([1024]): 
PretrainedInit: load from open-mmlab://resnext101_64x4d 

backbone.layer3.10.bn2.bias - torch.Size([1024]): 
PretrainedInit: load from open-mmlab://resnext101_64x4d 

backbone.layer3.10.conv3.weight - torch.Size([1024, 1024, 1, 1]): 
PretrainedInit: load from open-mmlab://resnext101_64x4d 

backbone.layer3.10.bn3.weight - torch.Size([1024]): 
PretrainedInit: load from open-mmlab://resnext101_64x4d 

backbone.layer3.10.bn3.bias - torch.Size([1024]): 
PretrainedInit: load from open-mmlab://resnext101_64x4d 

backbone.layer3.11.conv1.weight - torch.Size([1024, 1024, 1, 1]): 
PretrainedInit: load from open-mmlab://resnext101_64x4d 

backbone.layer3.11.bn1.weight - torch.Size([1024]): 
PretrainedInit: load from open-mmlab://resnext101_64x4d 

backbone.layer3.11.bn1.bias - torch.Size([1024]): 
PretrainedInit: load from open-mmlab://resnext101_64x4d 

backbone.layer3.11.conv2.weight - torch.Size([1024, 16, 3, 3]): 
PretrainedInit: load from open-mmlab://resnext101_64x4d 

backbone.layer3.11.bn2.weight - torch.Size([1024]): 
PretrainedInit: load from open-mmlab://resnext101_64x4d 

backbone.layer3.11.bn2.bias - torch.Size([1024]): 
PretrainedInit: load from open-mmlab://resnext101_64x4d 

backbone.layer3.11.conv3.weight - torch.Size([1024, 1024, 1, 1]): 
PretrainedInit: load from open-mmlab://resnext101_64x4d 

backbone.layer3.11.bn3.weight - torch.Size([1024]): 
PretrainedInit: load from open-mmlab://resnext101_64x4d 

backbone.layer3.11.bn3.bias - torch.Size([1024]): 
PretrainedInit: load from open-mmlab://resnext101_64x4d 

backbone.layer3.12.conv1.weight - torch.Size([1024, 1024, 1, 1]): 
PretrainedInit: load from open-mmlab://resnext101_64x4d 

backbone.layer3.12.bn1.weight - torch.Size([1024]): 
PretrainedInit: load from open-mmlab://resnext101_64x4d 

backbone.layer3.12.bn1.bias - torch.Size([1024]): 
PretrainedInit: load from open-mmlab://resnext101_64x4d 

backbone.layer3.12.conv2.weight - torch.Size([1024, 16, 3, 3]): 
PretrainedInit: load from open-mmlab://resnext101_64x4d 

backbone.layer3.12.bn2.weight - torch.Size([1024]): 
PretrainedInit: load from open-mmlab://resnext101_64x4d 

backbone.layer3.12.bn2.bias - torch.Size([1024]): 
PretrainedInit: load from open-mmlab://resnext101_64x4d 

backbone.layer3.12.conv3.weight - torch.Size([1024, 1024, 1, 1]): 
PretrainedInit: load from open-mmlab://resnext101_64x4d 

backbone.layer3.12.bn3.weight - torch.Size([1024]): 
PretrainedInit: load from open-mmlab://resnext101_64x4d 

backbone.layer3.12.bn3.bias - torch.Size([1024]): 
PretrainedInit: load from open-mmlab://resnext101_64x4d 

backbone.layer3.13.conv1.weight - torch.Size([1024, 1024, 1, 1]): 
PretrainedInit: load from open-mmlab://resnext101_64x4d 

backbone.layer3.13.bn1.weight - torch.Size([1024]): 
PretrainedInit: load from open-mmlab://resnext101_64x4d 

backbone.layer3.13.bn1.bias - torch.Size([1024]): 
PretrainedInit: load from open-mmlab://resnext101_64x4d 

backbone.layer3.13.conv2.weight - torch.Size([1024, 16, 3, 3]): 
PretrainedInit: load from open-mmlab://resnext101_64x4d 

backbone.layer3.13.bn2.weight - torch.Size([1024]): 
PretrainedInit: load from open-mmlab://resnext101_64x4d 

backbone.layer3.13.bn2.bias - torch.Size([1024]): 
PretrainedInit: load from open-mmlab://resnext101_64x4d 

backbone.layer3.13.conv3.weight - torch.Size([1024, 1024, 1, 1]): 
PretrainedInit: load from open-mmlab://resnext101_64x4d 

backbone.layer3.13.bn3.weight - torch.Size([1024]): 
PretrainedInit: load from open-mmlab://resnext101_64x4d 

backbone.layer3.13.bn3.bias - torch.Size([1024]): 
PretrainedInit: load from open-mmlab://resnext101_64x4d 

backbone.layer3.14.conv1.weight - torch.Size([1024, 1024, 1, 1]): 
PretrainedInit: load from open-mmlab://resnext101_64x4d 

backbone.layer3.14.bn1.weight - torch.Size([1024]): 
PretrainedInit: load from open-mmlab://resnext101_64x4d 

backbone.layer3.14.bn1.bias - torch.Size([1024]): 
PretrainedInit: load from open-mmlab://resnext101_64x4d 

backbone.layer3.14.conv2.weight - torch.Size([1024, 16, 3, 3]): 
PretrainedInit: load from open-mmlab://resnext101_64x4d 

backbone.layer3.14.bn2.weight - torch.Size([1024]): 
PretrainedInit: load from open-mmlab://resnext101_64x4d 

backbone.layer3.14.bn2.bias - torch.Size([1024]): 
PretrainedInit: load from open-mmlab://resnext101_64x4d 

backbone.layer3.14.conv3.weight - torch.Size([1024, 1024, 1, 1]): 
PretrainedInit: load from open-mmlab://resnext101_64x4d 

backbone.layer3.14.bn3.weight - torch.Size([1024]): 
PretrainedInit: load from open-mmlab://resnext101_64x4d 

backbone.layer3.14.bn3.bias - torch.Size([1024]): 
PretrainedInit: load from open-mmlab://resnext101_64x4d 

backbone.layer3.15.conv1.weight - torch.Size([1024, 1024, 1, 1]): 
PretrainedInit: load from open-mmlab://resnext101_64x4d 

backbone.layer3.15.bn1.weight - torch.Size([1024]): 
PretrainedInit: load from open-mmlab://resnext101_64x4d 

backbone.layer3.15.bn1.bias - torch.Size([1024]): 
PretrainedInit: load from open-mmlab://resnext101_64x4d 

backbone.layer3.15.conv2.weight - torch.Size([1024, 16, 3, 3]): 
PretrainedInit: load from open-mmlab://resnext101_64x4d 

backbone.layer3.15.bn2.weight - torch.Size([1024]): 
PretrainedInit: load from open-mmlab://resnext101_64x4d 

backbone.layer3.15.bn2.bias - torch.Size([1024]): 
PretrainedInit: load from open-mmlab://resnext101_64x4d 

backbone.layer3.15.conv3.weight - torch.Size([1024, 1024, 1, 1]): 
PretrainedInit: load from open-mmlab://resnext101_64x4d 

backbone.layer3.15.bn3.weight - torch.Size([1024]): 
PretrainedInit: load from open-mmlab://resnext101_64x4d 

backbone.layer3.15.bn3.bias - torch.Size([1024]): 
PretrainedInit: load from open-mmlab://resnext101_64x4d 

backbone.layer3.16.conv1.weight - torch.Size([1024, 1024, 1, 1]): 
PretrainedInit: load from open-mmlab://resnext101_64x4d 

backbone.layer3.16.bn1.weight - torch.Size([1024]): 
PretrainedInit: load from open-mmlab://resnext101_64x4d 

backbone.layer3.16.bn1.bias - torch.Size([1024]): 
PretrainedInit: load from open-mmlab://resnext101_64x4d 

backbone.layer3.16.conv2.weight - torch.Size([1024, 16, 3, 3]): 
PretrainedInit: load from open-mmlab://resnext101_64x4d 

backbone.layer3.16.bn2.weight - torch.Size([1024]): 
PretrainedInit: load from open-mmlab://resnext101_64x4d 

backbone.layer3.16.bn2.bias - torch.Size([1024]): 
PretrainedInit: load from open-mmlab://resnext101_64x4d 

backbone.layer3.16.conv3.weight - torch.Size([1024, 1024, 1, 1]): 
PretrainedInit: load from open-mmlab://resnext101_64x4d 

backbone.layer3.16.bn3.weight - torch.Size([1024]): 
PretrainedInit: load from open-mmlab://resnext101_64x4d 

backbone.layer3.16.bn3.bias - torch.Size([1024]): 
PretrainedInit: load from open-mmlab://resnext101_64x4d 

backbone.layer3.17.conv1.weight - torch.Size([1024, 1024, 1, 1]): 
PretrainedInit: load from open-mmlab://resnext101_64x4d 

backbone.layer3.17.bn1.weight - torch.Size([1024]): 
PretrainedInit: load from open-mmlab://resnext101_64x4d 

backbone.layer3.17.bn1.bias - torch.Size([1024]): 
PretrainedInit: load from open-mmlab://resnext101_64x4d 

backbone.layer3.17.conv2.weight - torch.Size([1024, 16, 3, 3]): 
PretrainedInit: load from open-mmlab://resnext101_64x4d 

backbone.layer3.17.bn2.weight - torch.Size([1024]): 
PretrainedInit: load from open-mmlab://resnext101_64x4d 

backbone.layer3.17.bn2.bias - torch.Size([1024]): 
PretrainedInit: load from open-mmlab://resnext101_64x4d 

backbone.layer3.17.conv3.weight - torch.Size([1024, 1024, 1, 1]): 
PretrainedInit: load from open-mmlab://resnext101_64x4d 

backbone.layer3.17.bn3.weight - torch.Size([1024]): 
PretrainedInit: load from open-mmlab://resnext101_64x4d 

backbone.layer3.17.bn3.bias - torch.Size([1024]): 
PretrainedInit: load from open-mmlab://resnext101_64x4d 

backbone.layer3.18.conv1.weight - torch.Size([1024, 1024, 1, 1]): 
PretrainedInit: load from open-mmlab://resnext101_64x4d 

backbone.layer3.18.bn1.weight - torch.Size([1024]): 
PretrainedInit: load from open-mmlab://resnext101_64x4d 

backbone.layer3.18.bn1.bias - torch.Size([1024]): 
PretrainedInit: load from open-mmlab://resnext101_64x4d 

backbone.layer3.18.conv2.weight - torch.Size([1024, 16, 3, 3]): 
PretrainedInit: load from open-mmlab://resnext101_64x4d 

backbone.layer3.18.bn2.weight - torch.Size([1024]): 
PretrainedInit: load from open-mmlab://resnext101_64x4d 

backbone.layer3.18.bn2.bias - torch.Size([1024]): 
PretrainedInit: load from open-mmlab://resnext101_64x4d 

backbone.layer3.18.conv3.weight - torch.Size([1024, 1024, 1, 1]): 
PretrainedInit: load from open-mmlab://resnext101_64x4d 

backbone.layer3.18.bn3.weight - torch.Size([1024]): 
PretrainedInit: load from open-mmlab://resnext101_64x4d 

backbone.layer3.18.bn3.bias - torch.Size([1024]): 
PretrainedInit: load from open-mmlab://resnext101_64x4d 

backbone.layer3.19.conv1.weight - torch.Size([1024, 1024, 1, 1]): 
PretrainedInit: load from open-mmlab://resnext101_64x4d 

backbone.layer3.19.bn1.weight - torch.Size([1024]): 
PretrainedInit: load from open-mmlab://resnext101_64x4d 

backbone.layer3.19.bn1.bias - torch.Size([1024]): 
PretrainedInit: load from open-mmlab://resnext101_64x4d 

backbone.layer3.19.conv2.weight - torch.Size([1024, 16, 3, 3]): 
PretrainedInit: load from open-mmlab://resnext101_64x4d 

backbone.layer3.19.bn2.weight - torch.Size([1024]): 
PretrainedInit: load from open-mmlab://resnext101_64x4d 

backbone.layer3.19.bn2.bias - torch.Size([1024]): 
PretrainedInit: load from open-mmlab://resnext101_64x4d 

backbone.layer3.19.conv3.weight - torch.Size([1024, 1024, 1, 1]): 
PretrainedInit: load from open-mmlab://resnext101_64x4d 

backbone.layer3.19.bn3.weight - torch.Size([1024]): 
PretrainedInit: load from open-mmlab://resnext101_64x4d 

backbone.layer3.19.bn3.bias - torch.Size([1024]): 
PretrainedInit: load from open-mmlab://resnext101_64x4d 

backbone.layer3.20.conv1.weight - torch.Size([1024, 1024, 1, 1]): 
PretrainedInit: load from open-mmlab://resnext101_64x4d 

backbone.layer3.20.bn1.weight - torch.Size([1024]): 
PretrainedInit: load from open-mmlab://resnext101_64x4d 

backbone.layer3.20.bn1.bias - torch.Size([1024]): 
PretrainedInit: load from open-mmlab://resnext101_64x4d 

backbone.layer3.20.conv2.weight - torch.Size([1024, 16, 3, 3]): 
PretrainedInit: load from open-mmlab://resnext101_64x4d 

backbone.layer3.20.bn2.weight - torch.Size([1024]): 
PretrainedInit: load from open-mmlab://resnext101_64x4d 

backbone.layer3.20.bn2.bias - torch.Size([1024]): 
PretrainedInit: load from open-mmlab://resnext101_64x4d 

backbone.layer3.20.conv3.weight - torch.Size([1024, 1024, 1, 1]): 
PretrainedInit: load from open-mmlab://resnext101_64x4d 

backbone.layer3.20.bn3.weight - torch.Size([1024]): 
PretrainedInit: load from open-mmlab://resnext101_64x4d 

backbone.layer3.20.bn3.bias - torch.Size([1024]): 
PretrainedInit: load from open-mmlab://resnext101_64x4d 

backbone.layer3.21.conv1.weight - torch.Size([1024, 1024, 1, 1]): 
PretrainedInit: load from open-mmlab://resnext101_64x4d 

backbone.layer3.21.bn1.weight - torch.Size([1024]): 
PretrainedInit: load from open-mmlab://resnext101_64x4d 

backbone.layer3.21.bn1.bias - torch.Size([1024]): 
PretrainedInit: load from open-mmlab://resnext101_64x4d 

backbone.layer3.21.conv2.weight - torch.Size([1024, 16, 3, 3]): 
PretrainedInit: load from open-mmlab://resnext101_64x4d 

backbone.layer3.21.bn2.weight - torch.Size([1024]): 
PretrainedInit: load from open-mmlab://resnext101_64x4d 

backbone.layer3.21.bn2.bias - torch.Size([1024]): 
PretrainedInit: load from open-mmlab://resnext101_64x4d 

backbone.layer3.21.conv3.weight - torch.Size([1024, 1024, 1, 1]): 
PretrainedInit: load from open-mmlab://resnext101_64x4d 

backbone.layer3.21.bn3.weight - torch.Size([1024]): 
PretrainedInit: load from open-mmlab://resnext101_64x4d 

backbone.layer3.21.bn3.bias - torch.Size([1024]): 
PretrainedInit: load from open-mmlab://resnext101_64x4d 

backbone.layer3.22.conv1.weight - torch.Size([1024, 1024, 1, 1]): 
PretrainedInit: load from open-mmlab://resnext101_64x4d 

backbone.layer3.22.bn1.weight - torch.Size([1024]): 
PretrainedInit: load from open-mmlab://resnext101_64x4d 

backbone.layer3.22.bn1.bias - torch.Size([1024]): 
PretrainedInit: load from open-mmlab://resnext101_64x4d 

backbone.layer3.22.conv2.weight - torch.Size([1024, 16, 3, 3]): 
PretrainedInit: load from open-mmlab://resnext101_64x4d 

backbone.layer3.22.bn2.weight - torch.Size([1024]): 
PretrainedInit: load from open-mmlab://resnext101_64x4d 

backbone.layer3.22.bn2.bias - torch.Size([1024]): 
PretrainedInit: load from open-mmlab://resnext101_64x4d 

backbone.layer3.22.conv3.weight - torch.Size([1024, 1024, 1, 1]): 
PretrainedInit: load from open-mmlab://resnext101_64x4d 

backbone.layer3.22.bn3.weight - torch.Size([1024]): 
PretrainedInit: load from open-mmlab://resnext101_64x4d 

backbone.layer3.22.bn3.bias - torch.Size([1024]): 
PretrainedInit: load from open-mmlab://resnext101_64x4d 

backbone.layer4.0.conv1.weight - torch.Size([2048, 1024, 1, 1]): 
PretrainedInit: load from open-mmlab://resnext101_64x4d 

backbone.layer4.0.bn1.weight - torch.Size([2048]): 
PretrainedInit: load from open-mmlab://resnext101_64x4d 

backbone.layer4.0.bn1.bias - torch.Size([2048]): 
PretrainedInit: load from open-mmlab://resnext101_64x4d 

backbone.layer4.0.conv2.weight - torch.Size([2048, 32, 3, 3]): 
PretrainedInit: load from open-mmlab://resnext101_64x4d 

backbone.layer4.0.bn2.weight - torch.Size([2048]): 
PretrainedInit: load from open-mmlab://resnext101_64x4d 

backbone.layer4.0.bn2.bias - torch.Size([2048]): 
PretrainedInit: load from open-mmlab://resnext101_64x4d 

backbone.layer4.0.conv3.weight - torch.Size([2048, 2048, 1, 1]): 
PretrainedInit: load from open-mmlab://resnext101_64x4d 

backbone.layer4.0.bn3.weight - torch.Size([2048]): 
PretrainedInit: load from open-mmlab://resnext101_64x4d 

backbone.layer4.0.bn3.bias - torch.Size([2048]): 
PretrainedInit: load from open-mmlab://resnext101_64x4d 

backbone.layer4.0.downsample.0.weight - torch.Size([2048, 1024, 1, 1]): 
PretrainedInit: load from open-mmlab://resnext101_64x4d 

backbone.layer4.0.downsample.1.weight - torch.Size([2048]): 
PretrainedInit: load from open-mmlab://resnext101_64x4d 

backbone.layer4.0.downsample.1.bias - torch.Size([2048]): 
PretrainedInit: load from open-mmlab://resnext101_64x4d 

backbone.layer4.1.conv1.weight - torch.Size([2048, 2048, 1, 1]): 
PretrainedInit: load from open-mmlab://resnext101_64x4d 

backbone.layer4.1.bn1.weight - torch.Size([2048]): 
PretrainedInit: load from open-mmlab://resnext101_64x4d 

backbone.layer4.1.bn1.bias - torch.Size([2048]): 
PretrainedInit: load from open-mmlab://resnext101_64x4d 

backbone.layer4.1.conv2.weight - torch.Size([2048, 32, 3, 3]): 
PretrainedInit: load from open-mmlab://resnext101_64x4d 

backbone.layer4.1.bn2.weight - torch.Size([2048]): 
PretrainedInit: load from open-mmlab://resnext101_64x4d 

backbone.layer4.1.bn2.bias - torch.Size([2048]): 
PretrainedInit: load from open-mmlab://resnext101_64x4d 

backbone.layer4.1.conv3.weight - torch.Size([2048, 2048, 1, 1]): 
PretrainedInit: load from open-mmlab://resnext101_64x4d 

backbone.layer4.1.bn3.weight - torch.Size([2048]): 
PretrainedInit: load from open-mmlab://resnext101_64x4d 

backbone.layer4.1.bn3.bias - torch.Size([2048]): 
PretrainedInit: load from open-mmlab://resnext101_64x4d 

backbone.layer4.2.conv1.weight - torch.Size([2048, 2048, 1, 1]): 
PretrainedInit: load from open-mmlab://resnext101_64x4d 

backbone.layer4.2.bn1.weight - torch.Size([2048]): 
PretrainedInit: load from open-mmlab://resnext101_64x4d 

backbone.layer4.2.bn1.bias - torch.Size([2048]): 
PretrainedInit: load from open-mmlab://resnext101_64x4d 

backbone.layer4.2.conv2.weight - torch.Size([2048, 32, 3, 3]): 
PretrainedInit: load from open-mmlab://resnext101_64x4d 

backbone.layer4.2.bn2.weight - torch.Size([2048]): 
PretrainedInit: load from open-mmlab://resnext101_64x4d 

backbone.layer4.2.bn2.bias - torch.Size([2048]): 
PretrainedInit: load from open-mmlab://resnext101_64x4d 

backbone.layer4.2.conv3.weight - torch.Size([2048, 2048, 1, 1]): 
PretrainedInit: load from open-mmlab://resnext101_64x4d 

backbone.layer4.2.bn3.weight - torch.Size([2048]): 
PretrainedInit: load from open-mmlab://resnext101_64x4d 

backbone.layer4.2.bn3.bias - torch.Size([2048]): 
PretrainedInit: load from open-mmlab://resnext101_64x4d 

neck.lateral_convs.0.conv.weight - torch.Size([256, 256, 1, 1]): 
XavierInit: gain=1, distribution=uniform, bias=0 

neck.lateral_convs.0.conv.bias - torch.Size([256]): 
The value is the same before and after calling `init_weights` of HybridTaskCascade  

neck.lateral_convs.1.conv.weight - torch.Size([256, 512, 1, 1]): 
XavierInit: gain=1, distribution=uniform, bias=0 

neck.lateral_convs.1.conv.bias - torch.Size([256]): 
The value is the same before and after calling `init_weights` of HybridTaskCascade  

neck.lateral_convs.2.conv.weight - torch.Size([256, 1024, 1, 1]): 
XavierInit: gain=1, distribution=uniform, bias=0 

neck.lateral_convs.2.conv.bias - torch.Size([256]): 
The value is the same before and after calling `init_weights` of HybridTaskCascade  

neck.lateral_convs.3.conv.weight - torch.Size([256, 2048, 1, 1]): 
XavierInit: gain=1, distribution=uniform, bias=0 

neck.lateral_convs.3.conv.bias - torch.Size([256]): 
The value is the same before and after calling `init_weights` of HybridTaskCascade  

neck.fpn_convs.0.conv.weight - torch.Size([256, 256, 3, 3]): 
XavierInit: gain=1, distribution=uniform, bias=0 

neck.fpn_convs.0.conv.bias - torch.Size([256]): 
The value is the same before and after calling `init_weights` of HybridTaskCascade  

neck.fpn_convs.1.conv.weight - torch.Size([256, 256, 3, 3]): 
XavierInit: gain=1, distribution=uniform, bias=0 

neck.fpn_convs.1.conv.bias - torch.Size([256]): 
The value is the same before and after calling `init_weights` of HybridTaskCascade  

neck.fpn_convs.2.conv.weight - torch.Size([256, 256, 3, 3]): 
XavierInit: gain=1, distribution=uniform, bias=0 

neck.fpn_convs.2.conv.bias - torch.Size([256]): 
The value is the same before and after calling `init_weights` of HybridTaskCascade  

neck.fpn_convs.3.conv.weight - torch.Size([256, 256, 3, 3]): 
XavierInit: gain=1, distribution=uniform, bias=0 

neck.fpn_convs.3.conv.bias - torch.Size([256]): 
The value is the same before and after calling `init_weights` of HybridTaskCascade  

rpn_head.rpn_conv.weight - torch.Size([256, 256, 3, 3]): 
NormalInit: mean=0, std=0.01, bias=0 

rpn_head.rpn_conv.bias - torch.Size([256]): 
NormalInit: mean=0, std=0.01, bias=0 

rpn_head.rpn_cls.weight - torch.Size([3, 256, 1, 1]): 
NormalInit: mean=0, std=0.01, bias=0 

rpn_head.rpn_cls.bias - torch.Size([3]): 
NormalInit: mean=0, std=0.01, bias=0 

rpn_head.rpn_reg.weight - torch.Size([12, 256, 1, 1]): 
NormalInit: mean=0, std=0.01, bias=0 

rpn_head.rpn_reg.bias - torch.Size([12]): 
NormalInit: mean=0, std=0.01, bias=0 

roi_head.bbox_head.0.fc_cls.weight - torch.Size([11, 1024]): 
XavierInit: gain=1, distribution=normal, bias=0 

roi_head.bbox_head.0.fc_cls.bias - torch.Size([11]): 
NormalInit: mean=0, std=0.01, bias=0 

roi_head.bbox_head.0.fc_reg.weight - torch.Size([4, 1024]): 
XavierInit: gain=1, distribution=normal, bias=0 

roi_head.bbox_head.0.fc_reg.bias - torch.Size([4]): 
NormalInit: mean=0, std=0.001, bias=0 

roi_head.bbox_head.0.shared_fcs.0.weight - torch.Size([1024, 12544]): 
XavierInit: gain=1, distribution=normal, bias=0 

roi_head.bbox_head.0.shared_fcs.0.bias - torch.Size([1024]): 
XavierInit: gain=1, distribution=normal, bias=0 

roi_head.bbox_head.0.shared_fcs.1.weight - torch.Size([1024, 1024]): 
XavierInit: gain=1, distribution=normal, bias=0 

roi_head.bbox_head.0.shared_fcs.1.bias - torch.Size([1024]): 
XavierInit: gain=1, distribution=normal, bias=0 

roi_head.bbox_head.1.fc_cls.weight - torch.Size([11, 1024]): 
XavierInit: gain=1, distribution=normal, bias=0 

roi_head.bbox_head.1.fc_cls.bias - torch.Size([11]): 
NormalInit: mean=0, std=0.01, bias=0 

roi_head.bbox_head.1.fc_reg.weight - torch.Size([4, 1024]): 
XavierInit: gain=1, distribution=normal, bias=0 

roi_head.bbox_head.1.fc_reg.bias - torch.Size([4]): 
NormalInit: mean=0, std=0.001, bias=0 

roi_head.bbox_head.1.shared_fcs.0.weight - torch.Size([1024, 12544]): 
XavierInit: gain=1, distribution=normal, bias=0 

roi_head.bbox_head.1.shared_fcs.0.bias - torch.Size([1024]): 
XavierInit: gain=1, distribution=normal, bias=0 

roi_head.bbox_head.1.shared_fcs.1.weight - torch.Size([1024, 1024]): 
XavierInit: gain=1, distribution=normal, bias=0 

roi_head.bbox_head.1.shared_fcs.1.bias - torch.Size([1024]): 
XavierInit: gain=1, distribution=normal, bias=0 

roi_head.bbox_head.2.fc_cls.weight - torch.Size([11, 1024]): 
XavierInit: gain=1, distribution=normal, bias=0 

roi_head.bbox_head.2.fc_cls.bias - torch.Size([11]): 
NormalInit: mean=0, std=0.01, bias=0 

roi_head.bbox_head.2.fc_reg.weight - torch.Size([4, 1024]): 
XavierInit: gain=1, distribution=normal, bias=0 

roi_head.bbox_head.2.fc_reg.bias - torch.Size([4]): 
NormalInit: mean=0, std=0.001, bias=0 

roi_head.bbox_head.2.shared_fcs.0.weight - torch.Size([1024, 12544]): 
XavierInit: gain=1, distribution=normal, bias=0 

roi_head.bbox_head.2.shared_fcs.0.bias - torch.Size([1024]): 
XavierInit: gain=1, distribution=normal, bias=0 

roi_head.bbox_head.2.shared_fcs.1.weight - torch.Size([1024, 1024]): 
XavierInit: gain=1, distribution=normal, bias=0 

roi_head.bbox_head.2.shared_fcs.1.bias - torch.Size([1024]): 
XavierInit: gain=1, distribution=normal, bias=0 
2021-10-08 18:35:22,753 - mmdet - INFO - Start running, host: root@00a46a6c3ac0, work_dir: /opt/ml/detection/object-detection-level2-cv-01/work_dirs/HTC_x101_64x4d_FPN
2021-10-08 18:35:22,754 - mmdet - INFO - Hooks will be executed in the following order:
before_run:
(VERY_HIGH   ) CosineAnnealingLrUpdaterHook       
(NORMAL      ) CheckpointHook                     
(LOW         ) EvalHook                           
(VERY_LOW    ) TextLoggerHook                     
(VERY_LOW    ) WandbLoggerHook                    
 -------------------- 
before_train_epoch:
(VERY_HIGH   ) CosineAnnealingLrUpdaterHook       
(NORMAL      ) NumClassCheckHook                  
(LOW         ) IterTimerHook                      
(LOW         ) EvalHook                           
(VERY_LOW    ) TextLoggerHook                     
(VERY_LOW    ) WandbLoggerHook                    
 -------------------- 
before_train_iter:
(VERY_HIGH   ) CosineAnnealingLrUpdaterHook       
(LOW         ) IterTimerHook                      
(LOW         ) EvalHook                           
 -------------------- 
after_train_iter:
(ABOVE_NORMAL) OptimizerHook                      
(NORMAL      ) CheckpointHook                     
(LOW         ) IterTimerHook                      
(LOW         ) EvalHook                           
(VERY_LOW    ) TextLoggerHook                     
(VERY_LOW    ) WandbLoggerHook                    
 -------------------- 
after_train_epoch:
(NORMAL      ) CheckpointHook                     
(LOW         ) EvalHook                           
(VERY_LOW    ) TextLoggerHook                     
(VERY_LOW    ) WandbLoggerHook                    
 -------------------- 
before_val_epoch:
(NORMAL      ) NumClassCheckHook                  
(LOW         ) IterTimerHook                      
(VERY_LOW    ) TextLoggerHook                     
(VERY_LOW    ) WandbLoggerHook                    
 -------------------- 
before_val_iter:
(LOW         ) IterTimerHook                      
 -------------------- 
after_val_iter:
(LOW         ) IterTimerHook                      
 -------------------- 
after_val_epoch:
(VERY_LOW    ) TextLoggerHook                     
(VERY_LOW    ) WandbLoggerHook                    
 -------------------- 
after_run:
(VERY_LOW    ) WandbLoggerHook                    
 -------------------- 
2021-10-08 18:35:22,754 - mmdet - INFO - workflow: [('train', 1)], max: 50 epochs
2021-10-08 18:35:51,521 - mmdet - INFO - Epoch [1][50/1109]	lr: 1.170e-05, eta: 6:48:49, time: 0.443, data_time: 0.048, memory: 3367, loss_rpn_cls: 0.6850, loss_rpn_bbox: 0.0437, s0.loss_cls: 1.0879, s0.acc: 73.0439, s0.loss_bbox: 0.1162, s1.loss_cls: 0.7326, s1.acc: 51.0137, s1.loss_bbox: 0.0350, s2.loss_cls: 0.5891, s2.acc: 24.6885, s2.loss_bbox: 0.0099, loss: 3.2993
2021-10-08 18:36:11,026 - mmdet - INFO - Epoch [1][100/1109]	lr: 2.160e-05, eta: 6:24:09, time: 0.390, data_time: 0.005, memory: 3367, loss_rpn_cls: 0.6617, loss_rpn_bbox: 0.0400, s0.loss_cls: 0.2659, s0.acc: 96.6035, s0.loss_bbox: 0.0899, s1.loss_cls: 0.1342, s1.acc: 96.1836, s1.loss_bbox: 0.0324, s2.loss_cls: 0.1521, s2.acc: 87.6504, s2.loss_bbox: 0.0108, loss: 1.3870
2021-10-08 18:36:30,440 - mmdet - INFO - Epoch [1][150/1109]	lr: 3.150e-05, eta: 6:15:09, time: 0.388, data_time: 0.005, memory: 3367, loss_rpn_cls: 0.6079, loss_rpn_bbox: 0.0371, s0.loss_cls: 0.2421, s0.acc: 96.5752, s0.loss_bbox: 0.0924, s1.loss_cls: 0.0909, s1.acc: 98.0107, s1.loss_bbox: 0.0350, s2.loss_cls: 0.0571, s2.acc: 96.7354, s2.loss_bbox: 0.0107, loss: 1.1732
2021-10-08 18:36:50,126 - mmdet - INFO - Epoch [1][200/1109]	lr: 4.140e-05, eta: 6:11:44, time: 0.394, data_time: 0.005, memory: 3367, loss_rpn_cls: 0.5265, loss_rpn_bbox: 0.0449, s0.loss_cls: 0.2664, s0.acc: 95.6016, s0.loss_bbox: 0.1144, s1.loss_cls: 0.0890, s1.acc: 97.7451, s1.loss_bbox: 0.0348, s2.loss_cls: 0.0390, s2.acc: 98.1504, s2.loss_bbox: 0.0111, loss: 1.1261
2021-10-08 18:37:09,800 - mmdet - INFO - Epoch [1][250/1109]	lr: 5.130e-05, eta: 6:09:31, time: 0.393, data_time: 0.005, memory: 3367, loss_rpn_cls: 0.3800, loss_rpn_bbox: 0.0361, s0.loss_cls: 0.2465, s0.acc: 95.7314, s0.loss_bbox: 0.1144, s1.loss_cls: 0.0803, s1.acc: 97.9229, s1.loss_bbox: 0.0357, s2.loss_cls: 0.0273, s2.acc: 98.6094, s2.loss_bbox: 0.0086, loss: 0.9289
2021-10-08 18:37:29,984 - mmdet - INFO - Epoch [1][300/1109]	lr: 6.120e-05, eta: 6:09:30, time: 0.404, data_time: 0.005, memory: 3367, loss_rpn_cls: 0.2462, loss_rpn_bbox: 0.0387, s0.loss_cls: 0.2672, s0.acc: 94.9238, s0.loss_bbox: 0.1357, s1.loss_cls: 0.0830, s1.acc: 97.7168, s1.loss_bbox: 0.0390, s2.loss_cls: 0.0298, s2.acc: 98.5859, s2.loss_bbox: 0.0091, loss: 0.8487
2021-10-08 18:37:49,714 - mmdet - INFO - Epoch [1][350/1109]	lr: 7.110e-05, eta: 6:08:11, time: 0.395, data_time: 0.005, memory: 3367, loss_rpn_cls: 0.1905, loss_rpn_bbox: 0.0334, s0.loss_cls: 0.2542, s0.acc: 94.9912, s0.loss_bbox: 0.1277, s1.loss_cls: 0.0766, s1.acc: 97.6982, s1.loss_bbox: 0.0388, s2.loss_cls: 0.0265, s2.acc: 98.7256, s2.loss_bbox: 0.0071, loss: 0.7548
2021-10-08 18:38:09,462 - mmdet - INFO - Epoch [1][400/1109]	lr: 8.100e-05, eta: 6:07:10, time: 0.395, data_time: 0.005, memory: 3367, loss_rpn_cls: 0.1765, loss_rpn_bbox: 0.0346, s0.loss_cls: 0.2570, s0.acc: 94.8799, s0.loss_bbox: 0.1275, s1.loss_cls: 0.0748, s1.acc: 97.7246, s1.loss_bbox: 0.0377, s2.loss_cls: 0.0246, s2.acc: 98.7295, s2.loss_bbox: 0.0071, loss: 0.7398
2021-10-08 18:38:29,236 - mmdet - INFO - Epoch [1][450/1109]	lr: 9.090e-05, eta: 6:06:21, time: 0.395, data_time: 0.005, memory: 3367, loss_rpn_cls: 0.1664, loss_rpn_bbox: 0.0316, s0.loss_cls: 0.2731, s0.acc: 94.6367, s0.loss_bbox: 0.1305, s1.loss_cls: 0.0771, s1.acc: 97.6523, s1.loss_bbox: 0.0391, s2.loss_cls: 0.0236, s2.acc: 98.7549, s2.loss_bbox: 0.0066, loss: 0.7479
2021-10-08 18:38:48,941 - mmdet - INFO - Epoch [1][500/1109]	lr: 1.008e-04, eta: 6:05:31, time: 0.394, data_time: 0.005, memory: 3367, loss_rpn_cls: 0.1480, loss_rpn_bbox: 0.0283, s0.loss_cls: 0.2388, s0.acc: 95.0400, s0.loss_bbox: 0.1168, s1.loss_cls: 0.0683, s1.acc: 97.7744, s1.loss_bbox: 0.0366, s2.loss_cls: 0.0216, s2.acc: 98.8252, s2.loss_bbox: 0.0063, loss: 0.6647
2021-10-08 18:39:08,746 - mmdet - INFO - Epoch [1][550/1109]	lr: 1.107e-04, eta: 6:04:55, time: 0.396, data_time: 0.005, memory: 3367, loss_rpn_cls: 0.1435, loss_rpn_bbox: 0.0270, s0.loss_cls: 0.2574, s0.acc: 94.6885, s0.loss_bbox: 0.1239, s1.loss_cls: 0.0713, s1.acc: 97.6943, s1.loss_bbox: 0.0390, s2.loss_cls: 0.0222, s2.acc: 98.8066, s2.loss_bbox: 0.0066, loss: 0.6909
2021-10-08 18:39:28,558 - mmdet - INFO - Epoch [1][600/1109]	lr: 1.206e-04, eta: 6:04:24, time: 0.396, data_time: 0.005, memory: 3367, loss_rpn_cls: 0.1481, loss_rpn_bbox: 0.0284, s0.loss_cls: 0.2495, s0.acc: 94.3936, s0.loss_bbox: 0.1252, s1.loss_cls: 0.0699, s1.acc: 97.5791, s1.loss_bbox: 0.0402, s2.loss_cls: 0.0222, s2.acc: 98.7686, s2.loss_bbox: 0.0065, loss: 0.6901
2021-10-08 18:39:48,529 - mmdet - INFO - Epoch [1][650/1109]	lr: 1.305e-04, eta: 6:04:07, time: 0.399, data_time: 0.005, memory: 3367, loss_rpn_cls: 0.1796, loss_rpn_bbox: 0.0372, s0.loss_cls: 0.3035, s0.acc: 93.1660, s0.loss_bbox: 0.1536, s1.loss_cls: 0.0867, s1.acc: 96.9883, s1.loss_bbox: 0.0482, s2.loss_cls: 0.0281, s2.acc: 98.3828, s2.loss_bbox: 0.0080, loss: 0.8448
2021-10-08 18:40:08,346 - mmdet - INFO - Epoch [1][700/1109]	lr: 1.404e-04, eta: 6:03:38, time: 0.396, data_time: 0.005, memory: 3367, loss_rpn_cls: 0.1570, loss_rpn_bbox: 0.0307, s0.loss_cls: 0.2673, s0.acc: 94.2686, s0.loss_bbox: 0.1282, s1.loss_cls: 0.0749, s1.acc: 97.5146, s1.loss_bbox: 0.0404, s2.loss_cls: 0.0232, s2.acc: 98.7217, s2.loss_bbox: 0.0063, loss: 0.7279
2021-10-08 18:40:28,248 - mmdet - INFO - Epoch [1][750/1109]	lr: 1.503e-04, eta: 6:03:16, time: 0.398, data_time: 0.005, memory: 3367, loss_rpn_cls: 0.1604, loss_rpn_bbox: 0.0331, s0.loss_cls: 0.3003, s0.acc: 93.1807, s0.loss_bbox: 0.1530, s1.loss_cls: 0.0880, s1.acc: 96.8818, s1.loss_bbox: 0.0500, s2.loss_cls: 0.0276, s2.acc: 98.3730, s2.loss_bbox: 0.0081, loss: 0.8205
2021-10-08 18:40:48,063 - mmdet - INFO - Epoch [1][800/1109]	lr: 1.602e-04, eta: 6:02:49, time: 0.396, data_time: 0.005, memory: 3367, loss_rpn_cls: 0.1468, loss_rpn_bbox: 0.0298, s0.loss_cls: 0.2627, s0.acc: 93.9844, s0.loss_bbox: 0.1300, s1.loss_cls: 0.0739, s1.acc: 97.4082, s1.loss_bbox: 0.0407, s2.loss_cls: 0.0231, s2.acc: 98.6621, s2.loss_bbox: 0.0065, loss: 0.7135
2021-10-08 18:41:07,997 - mmdet - INFO - Epoch [1][850/1109]	lr: 1.701e-04, eta: 6:02:30, time: 0.399, data_time: 0.005, memory: 3367, loss_rpn_cls: 0.1564, loss_rpn_bbox: 0.0326, s0.loss_cls: 0.2924, s0.acc: 93.4395, s0.loss_bbox: 0.1450, s1.loss_cls: 0.0830, s1.acc: 97.0889, s1.loss_bbox: 0.0488, s2.loss_cls: 0.0253, s2.acc: 98.5361, s2.loss_bbox: 0.0082, loss: 0.7917
2021-10-08 18:41:27,885 - mmdet - INFO - Epoch [1][900/1109]	lr: 1.800e-04, eta: 6:02:08, time: 0.398, data_time: 0.005, memory: 3367, loss_rpn_cls: 0.1383, loss_rpn_bbox: 0.0274, s0.loss_cls: 0.2664, s0.acc: 93.9541, s0.loss_bbox: 0.1285, s1.loss_cls: 0.0742, s1.acc: 97.3916, s1.loss_bbox: 0.0423, s2.loss_cls: 0.0232, s2.acc: 98.6611, s2.loss_bbox: 0.0070, loss: 0.7073
2021-10-08 18:41:47,832 - mmdet - INFO - Epoch [1][950/1109]	lr: 1.899e-04, eta: 6:01:50, time: 0.399, data_time: 0.005, memory: 3367, loss_rpn_cls: 0.1629, loss_rpn_bbox: 0.0386, s0.loss_cls: 0.3087, s0.acc: 92.7676, s0.loss_bbox: 0.1583, s1.loss_cls: 0.0844, s1.acc: 96.9824, s1.loss_bbox: 0.0488, s2.loss_cls: 0.0260, s2.acc: 98.4570, s2.loss_bbox: 0.0079, loss: 0.8356
2021-10-08 18:42:07,759 - mmdet - INFO - Exp name: HTC_x101_64x4d_FPN.py
2021-10-08 18:42:07,759 - mmdet - INFO - Epoch [1][1000/1109]	lr: 1.998e-04, eta: 6:01:31, time: 0.399, data_time: 0.005, memory: 3367, loss_rpn_cls: 0.1530, loss_rpn_bbox: 0.0362, s0.loss_cls: 0.2738, s0.acc: 93.6963, s0.loss_bbox: 0.1313, s1.loss_cls: 0.0753, s1.acc: 97.2637, s1.loss_bbox: 0.0433, s2.loss_cls: 0.0236, s2.acc: 98.5801, s2.loss_bbox: 0.0069, loss: 0.7434
2021-10-08 18:42:28,099 - mmdet - INFO - Epoch [1][1050/1109]	lr: 2.000e-04, eta: 6:01:32, time: 0.407, data_time: 0.005, memory: 3367, loss_rpn_cls: 0.1204, loss_rpn_bbox: 0.0263, s0.loss_cls: 0.2608, s0.acc: 94.1348, s0.loss_bbox: 0.1202, s1.loss_cls: 0.0704, s1.acc: 97.4932, s1.loss_bbox: 0.0404, s2.loss_cls: 0.0211, s2.acc: 98.7637, s2.loss_bbox: 0.0065, loss: 0.6660
2021-10-08 18:42:48,274 - mmdet - INFO - Epoch [1][1100/1109]	lr: 2.000e-04, eta: 6:01:24, time: 0.404, data_time: 0.005, memory: 3367, loss_rpn_cls: 0.1601, loss_rpn_bbox: 0.0369, s0.loss_cls: 0.3001, s0.acc: 92.9941, s0.loss_bbox: 0.1489, s1.loss_cls: 0.0840, s1.acc: 96.9004, s1.loss_bbox: 0.0491, s2.loss_cls: 0.0262, s2.acc: 98.4160, s2.loss_bbox: 0.0085, loss: 0.8138
2021-10-08 18:43:24,151 - mmdet - INFO - Evaluating bbox...
2021-10-08 18:43:31,453 - mmdet - INFO - Now best checkpoint is saved as best_bbox_mAP_50_epoch_1.pth.
2021-10-08 18:43:31,454 - mmdet - INFO - Best bbox_mAP_50 is 0.0300 at 1 epoch.
2021-10-08 18:43:31,455 - mmdet - INFO - Exp name: HTC_x101_64x4d_FPN.py
2021-10-08 18:43:31,456 - mmdet - INFO - Epoch(val) [1][448]	bbox_mAP: 0.0090, bbox_mAP_50: 0.0300, bbox_mAP_75: 0.0020, bbox_mAP_s: 0.0000, bbox_mAP_m: 0.0000, bbox_mAP_l: 0.0110, bbox_mAP_copypaste: 0.009 0.030 0.002 0.000 0.000 0.011
2021-10-08 18:43:53,693 - mmdet - INFO - Epoch [2][50/1109]	lr: 1.998e-04, eta: 5:59:59, time: 0.444, data_time: 0.049, memory: 3367, loss_rpn_cls: 0.1378, loss_rpn_bbox: 0.0303, s0.loss_cls: 0.2655, s0.acc: 93.5615, s0.loss_bbox: 0.1323, s1.loss_cls: 0.0722, s1.acc: 97.3350, s1.loss_bbox: 0.0416, s2.loss_cls: 0.0223, s2.acc: 98.6562, s2.loss_bbox: 0.0072, loss: 0.7090
2021-10-08 18:44:14,081 - mmdet - INFO - Epoch [2][100/1109]	lr: 1.998e-04, eta: 6:00:01, time: 0.408, data_time: 0.006, memory: 3367, loss_rpn_cls: 0.1394, loss_rpn_bbox: 0.0302, s0.loss_cls: 0.2760, s0.acc: 93.2412, s0.loss_bbox: 0.1364, s1.loss_cls: 0.0763, s1.acc: 97.0791, s1.loss_bbox: 0.0461, s2.loss_cls: 0.0242, s2.acc: 98.5205, s2.loss_bbox: 0.0080, loss: 0.7367
2021-10-08 18:44:34,076 - mmdet - INFO - Epoch [2][150/1109]	lr: 1.998e-04, eta: 5:59:45, time: 0.400, data_time: 0.005, memory: 3367, loss_rpn_cls: 0.1513, loss_rpn_bbox: 0.0350, s0.loss_cls: 0.2865, s0.acc: 92.9551, s0.loss_bbox: 0.1482, s1.loss_cls: 0.0812, s1.acc: 96.8926, s1.loss_bbox: 0.0487, s2.loss_cls: 0.0252, s2.acc: 98.4346, s2.loss_bbox: 0.0082, loss: 0.7844
2021-10-08 18:44:54,077 - mmdet - INFO - Epoch [2][200/1109]	lr: 1.998e-04, eta: 5:59:29, time: 0.400, data_time: 0.005, memory: 3367, loss_rpn_cls: 0.1367, loss_rpn_bbox: 0.0350, s0.loss_cls: 0.2484, s0.acc: 94.1445, s0.loss_bbox: 0.1156, s1.loss_cls: 0.0676, s1.acc: 97.4990, s1.loss_bbox: 0.0370, s2.loss_cls: 0.0216, s2.acc: 98.7002, s2.loss_bbox: 0.0061, loss: 0.6678
2021-10-08 18:45:14,009 - mmdet - INFO - Epoch [2][250/1109]	lr: 1.998e-04, eta: 5:59:09, time: 0.399, data_time: 0.005, memory: 3367, loss_rpn_cls: 0.1306, loss_rpn_bbox: 0.0322, s0.loss_cls: 0.2681, s0.acc: 93.4023, s0.loss_bbox: 0.1374, s1.loss_cls: 0.0730, s1.acc: 97.1592, s1.loss_bbox: 0.0458, s2.loss_cls: 0.0222, s2.acc: 98.6035, s2.loss_bbox: 0.0074, loss: 0.7166
