2021-10-08 01:14:12,474 - mmdet - INFO - Environment info:
------------------------------------------------------------
sys.platform: linux
Python: 3.7.11 (default, Jul 27 2021, 14:32:16) [GCC 7.5.0]
CUDA available: True
GPU 0: Tesla V100-PCIE-32GB
CUDA_HOME: None
GCC: gcc (Ubuntu 7.5.0-3ubuntu1~18.04) 7.5.0
PyTorch: 1.7.1
PyTorch compiling details: PyTorch built with:
  - GCC 7.3
  - C++ Version: 201402
  - Intel(R) oneAPI Math Kernel Library Version 2021.3-Product Build 20210617 for Intel(R) 64 architecture applications
  - Intel(R) MKL-DNN v1.6.0 (Git Hash 5ef631a030a6f73131c77892041042805a06064f)
  - OpenMP 201511 (a.k.a. OpenMP 4.5)
  - NNPACK is enabled
  - CPU capability usage: AVX2
  - CUDA Runtime 11.0
  - NVCC architecture flags: -gencode;arch=compute_37,code=sm_37;-gencode;arch=compute_50,code=sm_50;-gencode;arch=compute_60,code=sm_60;-gencode;arch=compute_61,code=sm_61;-gencode;arch=compute_70,code=sm_70;-gencode;arch=compute_75,code=sm_75;-gencode;arch=compute_80,code=sm_80;-gencode;arch=compute_37,code=compute_37
  - CuDNN 8.0.5
  - Magma 2.5.2
  - Build settings: BLAS=MKL, BUILD_TYPE=Release, CXX_FLAGS= -Wno-deprecated -fvisibility-inlines-hidden -DUSE_PTHREADPOOL -fopenmp -DNDEBUG -DUSE_FBGEMM -DUSE_QNNPACK -DUSE_PYTORCH_QNNPACK -DUSE_XNNPACK -DUSE_VULKAN_WRAPPER -O2 -fPIC -Wno-narrowing -Wall -Wextra -Werror=return-type -Wno-missing-field-initializers -Wno-type-limits -Wno-array-bounds -Wno-unknown-pragmas -Wno-sign-compare -Wno-unused-parameter -Wno-unused-variable -Wno-unused-function -Wno-unused-result -Wno-unused-local-typedefs -Wno-strict-overflow -Wno-strict-aliasing -Wno-error=deprecated-declarations -Wno-stringop-overflow -Wno-psabi -Wno-error=pedantic -Wno-error=redundant-decls -Wno-error=old-style-cast -fdiagnostics-color=always -faligned-new -Wno-unused-but-set-variable -Wno-maybe-uninitialized -fno-math-errno -fno-trapping-math -Werror=format -Wno-stringop-overflow, PERF_WITH_AVX=1, PERF_WITH_AVX2=1, PERF_WITH_AVX512=1, USE_CUDA=ON, USE_EXCEPTION_PTR=1, USE_GFLAGS=OFF, USE_GLOG=OFF, USE_MKL=ON, USE_MKLDNN=ON, USE_MPI=OFF, USE_NCCL=ON, USE_NNPACK=ON, USE_OPENMP=ON, 

TorchVision: 0.8.2
OpenCV: 4.5.3
MMCV: 1.3.14
MMCV Compiler: GCC 7.3
MMCV CUDA Compiler: 11.0
MMDetection: 2.17.0+044cccd
------------------------------------------------------------

2021-10-08 01:14:12,798 - mmdet - INFO - Distributed training: False
2021-10-08 01:14:13,032 - mmdet - INFO - Config:
dataset_type = 'CocoDataset'
data_root = '/opt/ml/detection/dataset/'
classes = [
    'General trash', 'Paper', 'Paper pack', 'Metal', 'Glass', 'Plastic',
    'Styrofoam', 'Plastic bag', 'Battery', 'Clothing'
]
img_norm_cfg = dict(mean=[0, 0, 0], std=[255.0, 255.0, 255.0], to_rgb=True)
train_pipeline = [
    dict(type='LoadImageFromFile'),
    dict(type='LoadAnnotations', with_bbox=True),
    dict(type='Resize', img_scale=(300, 300), keep_ratio=True),
    dict(type='RandomFlip', flip_ratio=0.5),
    dict(
        type='Normalize',
        mean=[0, 0, 0],
        std=[255.0, 255.0, 255.0],
        to_rgb=True),
    dict(type='DefaultFormatBundle'),
    dict(type='Collect', keys=['img', 'gt_bboxes', 'gt_labels'])
]
test_pipeline = [
    dict(
        type='Collect',
        meta_keys=('filename', 'ori_shape', 'img_shape', 'pad_shape',
                   'scale_factor', 'flip', 'flip_direction', 'img_norm_cfg',
                   'border'),
        keys=['img'])
]
data = dict(
    samples_per_gpu=4,
    workers_per_gpu=2,
    train=dict(
        type='CocoDataset',
        ann_file='/opt/ml/detection/dataset/train_kfold1.json',
        img_prefix='/opt/ml/detection/dataset/',
        classes=[
            'General trash', 'Paper', 'Paper pack', 'Metal', 'Glass',
            'Plastic', 'Styrofoam', 'Plastic bag', 'Battery', 'Clothing'
        ],
        pipeline=[
            dict(type='LoadImageFromFile'),
            dict(type='LoadAnnotations', with_bbox=True),
            dict(type='Resize', img_scale=(300, 300), keep_ratio=True),
            dict(type='RandomFlip', flip_ratio=0.5),
            dict(
                type='Normalize',
                mean=[0, 0, 0],
                std=[255.0, 255.0, 255.0],
                to_rgb=True),
            dict(type='DefaultFormatBundle'),
            dict(type='Collect', keys=['img', 'gt_bboxes', 'gt_labels'])
        ]),
    val=dict(
        type='CocoDataset',
        ann_file='/opt/ml/detection/dataset/val_kfold1.json',
        classes=[
            'General trash', 'Paper', 'Paper pack', 'Metal', 'Glass',
            'Plastic', 'Styrofoam', 'Plastic bag', 'Battery', 'Clothing'
        ],
        img_prefix='/opt/ml/detection/dataset/',
        pipeline=[
            dict(type='LoadImageFromFile'),
            dict(
                type='MultiScaleFlipAug',
                img_scale=(300, 300),
                flip=False,
                transforms=[
                    dict(type='Resize', keep_ratio=True),
                    dict(type='RandomFlip'),
                    dict(
                        type='Normalize',
                        mean=[0, 0, 0],
                        std=[255.0, 255.0, 255.0],
                        to_rgb=True),
                    dict(type='ImageToTensor', keys=['img']),
                    dict(type='Collect', keys=['img'])
                ])
        ]),
    test=dict(
        type='CocoDataset',
        ann_file='/opt/ml/detection/dataset/test.json',
        classes=[
            'General trash', 'Paper', 'Paper pack', 'Metal', 'Glass',
            'Plastic', 'Styrofoam', 'Plastic bag', 'Battery', 'Clothing'
        ],
        img_prefix='/opt/ml/detection/dataset/',
        pipeline=[
            dict(type='LoadImageFromFile'),
            dict(
                type='MultiScaleFlipAug',
                img_scale=(300, 300),
                flip=False,
                transforms=[
                    dict(type='Resize', keep_ratio=True),
                    dict(type='RandomFlip'),
                    dict(
                        type='Normalize',
                        mean=[0, 0, 0],
                        std=[255.0, 255.0, 255.0],
                        to_rgb=True),
                    dict(type='ImageToTensor', keys=['img']),
                    dict(type='Collect', keys=['img'])
                ])
        ]))
evaluation = dict(interval=1, metric='bbox', save_best='bbox_mAP_50')
checkpoint_config = dict(interval=100)
log_config = dict(
    interval=50,
    hooks=[
        dict(type='TextLoggerHook'),
        dict(type='WandbLoggerHook', init_kwargs=dict(project='mmdetection'))
    ])
custom_hooks = [dict(type='NumClassCheckHook')]
dist_params = dict(backend='nccl')
log_level = 'INFO'
load_from = None
resume_from = None
workflow = [('train', 1)]
optimizer = dict(type='SGD', lr=0.002, momentum=0.9, weight_decay=0.0001)
optimizer_config = dict(grad_clip=None)
lr_config = dict(
    policy='CosineAnnealing',
    warmup='linear',
    warmup_iters=1000,
    warmup_ratio=0.01,
    min_lr=1e-06)
runner = dict(type='EpochBasedRunner', max_epochs=50)
model = dict(
    type='CenterNet',
    backbone=dict(
        type='ResNet',
        depth=50,
        norm_eval=False,
        norm_cfg=dict(type='BN'),
        init_cfg=dict(type='Pretrained', checkpoint='torchvision://resnet50')),
    neck=dict(
        type='CTResNetNeck',
        in_channel=2048,
        num_deconv_filters=(256, 128, 64),
        num_deconv_kernels=(4, 4, 4),
        use_dcn=True),
    bbox_head=dict(
        type='CenterNetHead',
        num_classes=10,
        in_channel=64,
        feat_channel=64,
        loss_center_heatmap=dict(type='GaussianFocalLoss', loss_weight=1.0),
        loss_wh=dict(type='L1Loss', loss_weight=0.1),
        loss_offset=dict(type='L1Loss', loss_weight=1.0)),
    train_cfg=None,
    test_cfg=dict(topk=100, local_maximum_kernel=3, max_per_img=100))
work_dir = './work_dirs/CenterNet_R50'
gpu_ids = range(0, 1)

2021-10-08 01:14:13,032 - mmdet - INFO - Set random seed to 2021, deterministic: True
2021-10-08 01:14:13,424 - mmdet - INFO - initialize ResNet with init_cfg {'type': 'Pretrained', 'checkpoint': 'torchvision://resnet50'}
Name of parameter - Initialization information

backbone.conv1.weight - torch.Size([64, 3, 7, 7]): 
PretrainedInit: load from torchvision://resnet50 

backbone.bn1.weight - torch.Size([64]): 
PretrainedInit: load from torchvision://resnet50 

backbone.bn1.bias - torch.Size([64]): 
PretrainedInit: load from torchvision://resnet50 

backbone.layer1.0.conv1.weight - torch.Size([64, 64, 1, 1]): 
PretrainedInit: load from torchvision://resnet50 

backbone.layer1.0.bn1.weight - torch.Size([64]): 
PretrainedInit: load from torchvision://resnet50 

backbone.layer1.0.bn1.bias - torch.Size([64]): 
PretrainedInit: load from torchvision://resnet50 

backbone.layer1.0.conv2.weight - torch.Size([64, 64, 3, 3]): 
PretrainedInit: load from torchvision://resnet50 

backbone.layer1.0.bn2.weight - torch.Size([64]): 
PretrainedInit: load from torchvision://resnet50 

backbone.layer1.0.bn2.bias - torch.Size([64]): 
PretrainedInit: load from torchvision://resnet50 

backbone.layer1.0.conv3.weight - torch.Size([256, 64, 1, 1]): 
PretrainedInit: load from torchvision://resnet50 

backbone.layer1.0.bn3.weight - torch.Size([256]): 
PretrainedInit: load from torchvision://resnet50 

backbone.layer1.0.bn3.bias - torch.Size([256]): 
PretrainedInit: load from torchvision://resnet50 

backbone.layer1.0.downsample.0.weight - torch.Size([256, 64, 1, 1]): 
PretrainedInit: load from torchvision://resnet50 

backbone.layer1.0.downsample.1.weight - torch.Size([256]): 
PretrainedInit: load from torchvision://resnet50 

backbone.layer1.0.downsample.1.bias - torch.Size([256]): 
PretrainedInit: load from torchvision://resnet50 

backbone.layer1.1.conv1.weight - torch.Size([64, 256, 1, 1]): 
PretrainedInit: load from torchvision://resnet50 

backbone.layer1.1.bn1.weight - torch.Size([64]): 
PretrainedInit: load from torchvision://resnet50 

backbone.layer1.1.bn1.bias - torch.Size([64]): 
PretrainedInit: load from torchvision://resnet50 

backbone.layer1.1.conv2.weight - torch.Size([64, 64, 3, 3]): 
PretrainedInit: load from torchvision://resnet50 

backbone.layer1.1.bn2.weight - torch.Size([64]): 
PretrainedInit: load from torchvision://resnet50 

backbone.layer1.1.bn2.bias - torch.Size([64]): 
PretrainedInit: load from torchvision://resnet50 

backbone.layer1.1.conv3.weight - torch.Size([256, 64, 1, 1]): 
PretrainedInit: load from torchvision://resnet50 

backbone.layer1.1.bn3.weight - torch.Size([256]): 
PretrainedInit: load from torchvision://resnet50 

backbone.layer1.1.bn3.bias - torch.Size([256]): 
PretrainedInit: load from torchvision://resnet50 

backbone.layer1.2.conv1.weight - torch.Size([64, 256, 1, 1]): 
PretrainedInit: load from torchvision://resnet50 

backbone.layer1.2.bn1.weight - torch.Size([64]): 
PretrainedInit: load from torchvision://resnet50 

backbone.layer1.2.bn1.bias - torch.Size([64]): 
PretrainedInit: load from torchvision://resnet50 

backbone.layer1.2.conv2.weight - torch.Size([64, 64, 3, 3]): 
PretrainedInit: load from torchvision://resnet50 

backbone.layer1.2.bn2.weight - torch.Size([64]): 
PretrainedInit: load from torchvision://resnet50 

backbone.layer1.2.bn2.bias - torch.Size([64]): 
PretrainedInit: load from torchvision://resnet50 

backbone.layer1.2.conv3.weight - torch.Size([256, 64, 1, 1]): 
PretrainedInit: load from torchvision://resnet50 

backbone.layer1.2.bn3.weight - torch.Size([256]): 
PretrainedInit: load from torchvision://resnet50 

backbone.layer1.2.bn3.bias - torch.Size([256]): 
PretrainedInit: load from torchvision://resnet50 

backbone.layer2.0.conv1.weight - torch.Size([128, 256, 1, 1]): 
PretrainedInit: load from torchvision://resnet50 

backbone.layer2.0.bn1.weight - torch.Size([128]): 
PretrainedInit: load from torchvision://resnet50 

backbone.layer2.0.bn1.bias - torch.Size([128]): 
PretrainedInit: load from torchvision://resnet50 

backbone.layer2.0.conv2.weight - torch.Size([128, 128, 3, 3]): 
PretrainedInit: load from torchvision://resnet50 

backbone.layer2.0.bn2.weight - torch.Size([128]): 
PretrainedInit: load from torchvision://resnet50 

backbone.layer2.0.bn2.bias - torch.Size([128]): 
PretrainedInit: load from torchvision://resnet50 

backbone.layer2.0.conv3.weight - torch.Size([512, 128, 1, 1]): 
PretrainedInit: load from torchvision://resnet50 

backbone.layer2.0.bn3.weight - torch.Size([512]): 
PretrainedInit: load from torchvision://resnet50 

backbone.layer2.0.bn3.bias - torch.Size([512]): 
PretrainedInit: load from torchvision://resnet50 

backbone.layer2.0.downsample.0.weight - torch.Size([512, 256, 1, 1]): 
PretrainedInit: load from torchvision://resnet50 

backbone.layer2.0.downsample.1.weight - torch.Size([512]): 
PretrainedInit: load from torchvision://resnet50 

backbone.layer2.0.downsample.1.bias - torch.Size([512]): 
PretrainedInit: load from torchvision://resnet50 

backbone.layer2.1.conv1.weight - torch.Size([128, 512, 1, 1]): 
PretrainedInit: load from torchvision://resnet50 

backbone.layer2.1.bn1.weight - torch.Size([128]): 
PretrainedInit: load from torchvision://resnet50 

backbone.layer2.1.bn1.bias - torch.Size([128]): 
PretrainedInit: load from torchvision://resnet50 

backbone.layer2.1.conv2.weight - torch.Size([128, 128, 3, 3]): 
PretrainedInit: load from torchvision://resnet50 

backbone.layer2.1.bn2.weight - torch.Size([128]): 
PretrainedInit: load from torchvision://resnet50 

backbone.layer2.1.bn2.bias - torch.Size([128]): 
PretrainedInit: load from torchvision://resnet50 

backbone.layer2.1.conv3.weight - torch.Size([512, 128, 1, 1]): 
PretrainedInit: load from torchvision://resnet50 

backbone.layer2.1.bn3.weight - torch.Size([512]): 
PretrainedInit: load from torchvision://resnet50 

backbone.layer2.1.bn3.bias - torch.Size([512]): 
PretrainedInit: load from torchvision://resnet50 

backbone.layer2.2.conv1.weight - torch.Size([128, 512, 1, 1]): 
PretrainedInit: load from torchvision://resnet50 

backbone.layer2.2.bn1.weight - torch.Size([128]): 
PretrainedInit: load from torchvision://resnet50 

backbone.layer2.2.bn1.bias - torch.Size([128]): 
PretrainedInit: load from torchvision://resnet50 

backbone.layer2.2.conv2.weight - torch.Size([128, 128, 3, 3]): 
PretrainedInit: load from torchvision://resnet50 

backbone.layer2.2.bn2.weight - torch.Size([128]): 
PretrainedInit: load from torchvision://resnet50 

backbone.layer2.2.bn2.bias - torch.Size([128]): 
PretrainedInit: load from torchvision://resnet50 

backbone.layer2.2.conv3.weight - torch.Size([512, 128, 1, 1]): 
PretrainedInit: load from torchvision://resnet50 

backbone.layer2.2.bn3.weight - torch.Size([512]): 
PretrainedInit: load from torchvision://resnet50 

backbone.layer2.2.bn3.bias - torch.Size([512]): 
PretrainedInit: load from torchvision://resnet50 

backbone.layer2.3.conv1.weight - torch.Size([128, 512, 1, 1]): 
PretrainedInit: load from torchvision://resnet50 

backbone.layer2.3.bn1.weight - torch.Size([128]): 
PretrainedInit: load from torchvision://resnet50 

backbone.layer2.3.bn1.bias - torch.Size([128]): 
PretrainedInit: load from torchvision://resnet50 

backbone.layer2.3.conv2.weight - torch.Size([128, 128, 3, 3]): 
PretrainedInit: load from torchvision://resnet50 

backbone.layer2.3.bn2.weight - torch.Size([128]): 
PretrainedInit: load from torchvision://resnet50 

backbone.layer2.3.bn2.bias - torch.Size([128]): 
PretrainedInit: load from torchvision://resnet50 

backbone.layer2.3.conv3.weight - torch.Size([512, 128, 1, 1]): 
PretrainedInit: load from torchvision://resnet50 

backbone.layer2.3.bn3.weight - torch.Size([512]): 
PretrainedInit: load from torchvision://resnet50 

backbone.layer2.3.bn3.bias - torch.Size([512]): 
PretrainedInit: load from torchvision://resnet50 

backbone.layer3.0.conv1.weight - torch.Size([256, 512, 1, 1]): 
PretrainedInit: load from torchvision://resnet50 

backbone.layer3.0.bn1.weight - torch.Size([256]): 
PretrainedInit: load from torchvision://resnet50 

backbone.layer3.0.bn1.bias - torch.Size([256]): 
PretrainedInit: load from torchvision://resnet50 

backbone.layer3.0.conv2.weight - torch.Size([256, 256, 3, 3]): 
PretrainedInit: load from torchvision://resnet50 

backbone.layer3.0.bn2.weight - torch.Size([256]): 
PretrainedInit: load from torchvision://resnet50 

backbone.layer3.0.bn2.bias - torch.Size([256]): 
PretrainedInit: load from torchvision://resnet50 

backbone.layer3.0.conv3.weight - torch.Size([1024, 256, 1, 1]): 
PretrainedInit: load from torchvision://resnet50 

backbone.layer3.0.bn3.weight - torch.Size([1024]): 
PretrainedInit: load from torchvision://resnet50 

backbone.layer3.0.bn3.bias - torch.Size([1024]): 
PretrainedInit: load from torchvision://resnet50 

backbone.layer3.0.downsample.0.weight - torch.Size([1024, 512, 1, 1]): 
PretrainedInit: load from torchvision://resnet50 

backbone.layer3.0.downsample.1.weight - torch.Size([1024]): 
PretrainedInit: load from torchvision://resnet50 

backbone.layer3.0.downsample.1.bias - torch.Size([1024]): 
PretrainedInit: load from torchvision://resnet50 

backbone.layer3.1.conv1.weight - torch.Size([256, 1024, 1, 1]): 
PretrainedInit: load from torchvision://resnet50 

backbone.layer3.1.bn1.weight - torch.Size([256]): 
PretrainedInit: load from torchvision://resnet50 

backbone.layer3.1.bn1.bias - torch.Size([256]): 
PretrainedInit: load from torchvision://resnet50 

backbone.layer3.1.conv2.weight - torch.Size([256, 256, 3, 3]): 
PretrainedInit: load from torchvision://resnet50 

backbone.layer3.1.bn2.weight - torch.Size([256]): 
PretrainedInit: load from torchvision://resnet50 

backbone.layer3.1.bn2.bias - torch.Size([256]): 
PretrainedInit: load from torchvision://resnet50 

backbone.layer3.1.conv3.weight - torch.Size([1024, 256, 1, 1]): 
PretrainedInit: load from torchvision://resnet50 

backbone.layer3.1.bn3.weight - torch.Size([1024]): 
PretrainedInit: load from torchvision://resnet50 

backbone.layer3.1.bn3.bias - torch.Size([1024]): 
PretrainedInit: load from torchvision://resnet50 

backbone.layer3.2.conv1.weight - torch.Size([256, 1024, 1, 1]): 
PretrainedInit: load from torchvision://resnet50 

backbone.layer3.2.bn1.weight - torch.Size([256]): 
PretrainedInit: load from torchvision://resnet50 

backbone.layer3.2.bn1.bias - torch.Size([256]): 
PretrainedInit: load from torchvision://resnet50 

backbone.layer3.2.conv2.weight - torch.Size([256, 256, 3, 3]): 
PretrainedInit: load from torchvision://resnet50 

backbone.layer3.2.bn2.weight - torch.Size([256]): 
PretrainedInit: load from torchvision://resnet50 

backbone.layer3.2.bn2.bias - torch.Size([256]): 
PretrainedInit: load from torchvision://resnet50 

backbone.layer3.2.conv3.weight - torch.Size([1024, 256, 1, 1]): 
PretrainedInit: load from torchvision://resnet50 

backbone.layer3.2.bn3.weight - torch.Size([1024]): 
PretrainedInit: load from torchvision://resnet50 

backbone.layer3.2.bn3.bias - torch.Size([1024]): 
PretrainedInit: load from torchvision://resnet50 

backbone.layer3.3.conv1.weight - torch.Size([256, 1024, 1, 1]): 
PretrainedInit: load from torchvision://resnet50 

backbone.layer3.3.bn1.weight - torch.Size([256]): 
PretrainedInit: load from torchvision://resnet50 

backbone.layer3.3.bn1.bias - torch.Size([256]): 
PretrainedInit: load from torchvision://resnet50 

backbone.layer3.3.conv2.weight - torch.Size([256, 256, 3, 3]): 
PretrainedInit: load from torchvision://resnet50 

backbone.layer3.3.bn2.weight - torch.Size([256]): 
PretrainedInit: load from torchvision://resnet50 

backbone.layer3.3.bn2.bias - torch.Size([256]): 
PretrainedInit: load from torchvision://resnet50 

backbone.layer3.3.conv3.weight - torch.Size([1024, 256, 1, 1]): 
PretrainedInit: load from torchvision://resnet50 

backbone.layer3.3.bn3.weight - torch.Size([1024]): 
PretrainedInit: load from torchvision://resnet50 

backbone.layer3.3.bn3.bias - torch.Size([1024]): 
PretrainedInit: load from torchvision://resnet50 

backbone.layer3.4.conv1.weight - torch.Size([256, 1024, 1, 1]): 
PretrainedInit: load from torchvision://resnet50 

backbone.layer3.4.bn1.weight - torch.Size([256]): 
PretrainedInit: load from torchvision://resnet50 

backbone.layer3.4.bn1.bias - torch.Size([256]): 
PretrainedInit: load from torchvision://resnet50 

backbone.layer3.4.conv2.weight - torch.Size([256, 256, 3, 3]): 
PretrainedInit: load from torchvision://resnet50 

backbone.layer3.4.bn2.weight - torch.Size([256]): 
PretrainedInit: load from torchvision://resnet50 

backbone.layer3.4.bn2.bias - torch.Size([256]): 
PretrainedInit: load from torchvision://resnet50 

backbone.layer3.4.conv3.weight - torch.Size([1024, 256, 1, 1]): 
PretrainedInit: load from torchvision://resnet50 

backbone.layer3.4.bn3.weight - torch.Size([1024]): 
PretrainedInit: load from torchvision://resnet50 

backbone.layer3.4.bn3.bias - torch.Size([1024]): 
PretrainedInit: load from torchvision://resnet50 

backbone.layer3.5.conv1.weight - torch.Size([256, 1024, 1, 1]): 
PretrainedInit: load from torchvision://resnet50 

backbone.layer3.5.bn1.weight - torch.Size([256]): 
PretrainedInit: load from torchvision://resnet50 

backbone.layer3.5.bn1.bias - torch.Size([256]): 
PretrainedInit: load from torchvision://resnet50 

backbone.layer3.5.conv2.weight - torch.Size([256, 256, 3, 3]): 
PretrainedInit: load from torchvision://resnet50 

backbone.layer3.5.bn2.weight - torch.Size([256]): 
PretrainedInit: load from torchvision://resnet50 

backbone.layer3.5.bn2.bias - torch.Size([256]): 
PretrainedInit: load from torchvision://resnet50 

backbone.layer3.5.conv3.weight - torch.Size([1024, 256, 1, 1]): 
PretrainedInit: load from torchvision://resnet50 

backbone.layer3.5.bn3.weight - torch.Size([1024]): 
PretrainedInit: load from torchvision://resnet50 

backbone.layer3.5.bn3.bias - torch.Size([1024]): 
PretrainedInit: load from torchvision://resnet50 

backbone.layer4.0.conv1.weight - torch.Size([512, 1024, 1, 1]): 
PretrainedInit: load from torchvision://resnet50 

backbone.layer4.0.bn1.weight - torch.Size([512]): 
PretrainedInit: load from torchvision://resnet50 

backbone.layer4.0.bn1.bias - torch.Size([512]): 
PretrainedInit: load from torchvision://resnet50 

backbone.layer4.0.conv2.weight - torch.Size([512, 512, 3, 3]): 
PretrainedInit: load from torchvision://resnet50 

backbone.layer4.0.bn2.weight - torch.Size([512]): 
PretrainedInit: load from torchvision://resnet50 

backbone.layer4.0.bn2.bias - torch.Size([512]): 
PretrainedInit: load from torchvision://resnet50 

backbone.layer4.0.conv3.weight - torch.Size([2048, 512, 1, 1]): 
PretrainedInit: load from torchvision://resnet50 

backbone.layer4.0.bn3.weight - torch.Size([2048]): 
PretrainedInit: load from torchvision://resnet50 

backbone.layer4.0.bn3.bias - torch.Size([2048]): 
PretrainedInit: load from torchvision://resnet50 

backbone.layer4.0.downsample.0.weight - torch.Size([2048, 1024, 1, 1]): 
PretrainedInit: load from torchvision://resnet50 

backbone.layer4.0.downsample.1.weight - torch.Size([2048]): 
PretrainedInit: load from torchvision://resnet50 

backbone.layer4.0.downsample.1.bias - torch.Size([2048]): 
PretrainedInit: load from torchvision://resnet50 

backbone.layer4.1.conv1.weight - torch.Size([512, 2048, 1, 1]): 
PretrainedInit: load from torchvision://resnet50 

backbone.layer4.1.bn1.weight - torch.Size([512]): 
PretrainedInit: load from torchvision://resnet50 

backbone.layer4.1.bn1.bias - torch.Size([512]): 
PretrainedInit: load from torchvision://resnet50 

backbone.layer4.1.conv2.weight - torch.Size([512, 512, 3, 3]): 
PretrainedInit: load from torchvision://resnet50 

backbone.layer4.1.bn2.weight - torch.Size([512]): 
PretrainedInit: load from torchvision://resnet50 

backbone.layer4.1.bn2.bias - torch.Size([512]): 
PretrainedInit: load from torchvision://resnet50 

backbone.layer4.1.conv3.weight - torch.Size([2048, 512, 1, 1]): 
PretrainedInit: load from torchvision://resnet50 

backbone.layer4.1.bn3.weight - torch.Size([2048]): 
PretrainedInit: load from torchvision://resnet50 

backbone.layer4.1.bn3.bias - torch.Size([2048]): 
PretrainedInit: load from torchvision://resnet50 

backbone.layer4.2.conv1.weight - torch.Size([512, 2048, 1, 1]): 
PretrainedInit: load from torchvision://resnet50 

backbone.layer4.2.bn1.weight - torch.Size([512]): 
PretrainedInit: load from torchvision://resnet50 

backbone.layer4.2.bn1.bias - torch.Size([512]): 
PretrainedInit: load from torchvision://resnet50 

backbone.layer4.2.conv2.weight - torch.Size([512, 512, 3, 3]): 
PretrainedInit: load from torchvision://resnet50 

backbone.layer4.2.bn2.weight - torch.Size([512]): 
PretrainedInit: load from torchvision://resnet50 

backbone.layer4.2.bn2.bias - torch.Size([512]): 
PretrainedInit: load from torchvision://resnet50 

backbone.layer4.2.conv3.weight - torch.Size([2048, 512, 1, 1]): 
PretrainedInit: load from torchvision://resnet50 

backbone.layer4.2.bn3.weight - torch.Size([2048]): 
PretrainedInit: load from torchvision://resnet50 

backbone.layer4.2.bn3.bias - torch.Size([2048]): 
PretrainedInit: load from torchvision://resnet50 

neck.deconv_layers.0.conv.weight - torch.Size([256, 2048, 3, 3]): 
The value is the same before and after calling `init_weights` of CenterNet  

neck.deconv_layers.0.conv.conv_offset.weight - torch.Size([27, 2048, 3, 3]): 
The value is the same before and after calling `init_weights` of CenterNet  

neck.deconv_layers.0.conv.conv_offset.bias - torch.Size([27]): 
The value is the same before and after calling `init_weights` of CenterNet  

neck.deconv_layers.0.bn.weight - torch.Size([256]): 
The value is the same before and after calling `init_weights` of CenterNet  

neck.deconv_layers.0.bn.bias - torch.Size([256]): 
The value is the same before and after calling `init_weights` of CenterNet  

neck.deconv_layers.1.conv.weight - torch.Size([256, 256, 4, 4]): 
Initialized by user-defined `init_weights` in CTResNetNeck  

neck.deconv_layers.1.bn.weight - torch.Size([256]): 
The value is the same before and after calling `init_weights` of CenterNet  

neck.deconv_layers.1.bn.bias - torch.Size([256]): 
The value is the same before and after calling `init_weights` of CenterNet  

neck.deconv_layers.2.conv.weight - torch.Size([128, 256, 3, 3]): 
The value is the same before and after calling `init_weights` of CenterNet  

neck.deconv_layers.2.conv.conv_offset.weight - torch.Size([27, 256, 3, 3]): 
The value is the same before and after calling `init_weights` of CenterNet  

neck.deconv_layers.2.conv.conv_offset.bias - torch.Size([27]): 
The value is the same before and after calling `init_weights` of CenterNet  

neck.deconv_layers.2.bn.weight - torch.Size([128]): 
The value is the same before and after calling `init_weights` of CenterNet  

neck.deconv_layers.2.bn.bias - torch.Size([128]): 
The value is the same before and after calling `init_weights` of CenterNet  

neck.deconv_layers.3.conv.weight - torch.Size([128, 128, 4, 4]): 
Initialized by user-defined `init_weights` in CTResNetNeck  

neck.deconv_layers.3.bn.weight - torch.Size([128]): 
The value is the same before and after calling `init_weights` of CenterNet  

neck.deconv_layers.3.bn.bias - torch.Size([128]): 
The value is the same before and after calling `init_weights` of CenterNet  

neck.deconv_layers.4.conv.weight - torch.Size([64, 128, 3, 3]): 
The value is the same before and after calling `init_weights` of CenterNet  

neck.deconv_layers.4.conv.conv_offset.weight - torch.Size([27, 128, 3, 3]): 
The value is the same before and after calling `init_weights` of CenterNet  

neck.deconv_layers.4.conv.conv_offset.bias - torch.Size([27]): 
The value is the same before and after calling `init_weights` of CenterNet  

neck.deconv_layers.4.bn.weight - torch.Size([64]): 
The value is the same before and after calling `init_weights` of CenterNet  

neck.deconv_layers.4.bn.bias - torch.Size([64]): 
The value is the same before and after calling `init_weights` of CenterNet  

neck.deconv_layers.5.conv.weight - torch.Size([64, 64, 4, 4]): 
Initialized by user-defined `init_weights` in CTResNetNeck  

neck.deconv_layers.5.bn.weight - torch.Size([64]): 
The value is the same before and after calling `init_weights` of CenterNet  

neck.deconv_layers.5.bn.bias - torch.Size([64]): 
The value is the same before and after calling `init_weights` of CenterNet  

bbox_head.heatmap_head.0.weight - torch.Size([64, 64, 3, 3]): 
The value is the same before and after calling `init_weights` of CenterNet  

bbox_head.heatmap_head.0.bias - torch.Size([64]): 
The value is the same before and after calling `init_weights` of CenterNet  

bbox_head.heatmap_head.2.weight - torch.Size([10, 64, 1, 1]): 
The value is the same before and after calling `init_weights` of CenterNet  

bbox_head.heatmap_head.2.bias - torch.Size([10]): 
Initialized by user-defined `init_weights` in CenterNetHead  

bbox_head.wh_head.0.weight - torch.Size([64, 64, 3, 3]): 
Initialized by user-defined `init_weights` in CenterNetHead  

bbox_head.wh_head.0.bias - torch.Size([64]): 
Initialized by user-defined `init_weights` in CenterNetHead  

bbox_head.wh_head.2.weight - torch.Size([2, 64, 1, 1]): 
Initialized by user-defined `init_weights` in CenterNetHead  

bbox_head.wh_head.2.bias - torch.Size([2]): 
Initialized by user-defined `init_weights` in CenterNetHead  

bbox_head.offset_head.0.weight - torch.Size([64, 64, 3, 3]): 
Initialized by user-defined `init_weights` in CenterNetHead  

bbox_head.offset_head.0.bias - torch.Size([64]): 
Initialized by user-defined `init_weights` in CenterNetHead  

bbox_head.offset_head.2.weight - torch.Size([2, 64, 1, 1]): 
Initialized by user-defined `init_weights` in CenterNetHead  

bbox_head.offset_head.2.bias - torch.Size([2]): 
Initialized by user-defined `init_weights` in CenterNetHead  
2021-10-08 01:14:17,401 - mmdet - INFO - Start running, host: root@00a46a6c3ac0, work_dir: /opt/ml/detection/object-detection-level2-cv-01/work_dirs/CenterNet_R50
2021-10-08 01:14:17,402 - mmdet - INFO - Hooks will be executed in the following order:
before_run:
(VERY_HIGH   ) CosineAnnealingLrUpdaterHook       
(NORMAL      ) CheckpointHook                     
(LOW         ) EvalHook                           
(VERY_LOW    ) TextLoggerHook                     
(VERY_LOW    ) WandbLoggerHook                    
 -------------------- 
before_train_epoch:
(VERY_HIGH   ) CosineAnnealingLrUpdaterHook       
(NORMAL      ) NumClassCheckHook                  
(LOW         ) IterTimerHook                      
(LOW         ) EvalHook                           
(VERY_LOW    ) TextLoggerHook                     
(VERY_LOW    ) WandbLoggerHook                    
 -------------------- 
before_train_iter:
(VERY_HIGH   ) CosineAnnealingLrUpdaterHook       
(LOW         ) IterTimerHook                      
(LOW         ) EvalHook                           
 -------------------- 
after_train_iter:
(ABOVE_NORMAL) OptimizerHook                      
(NORMAL      ) CheckpointHook                     
(LOW         ) IterTimerHook                      
(LOW         ) EvalHook                           
(VERY_LOW    ) TextLoggerHook                     
(VERY_LOW    ) WandbLoggerHook                    
 -------------------- 
after_train_epoch:
(NORMAL      ) CheckpointHook                     
(LOW         ) EvalHook                           
(VERY_LOW    ) TextLoggerHook                     
(VERY_LOW    ) WandbLoggerHook                    
 -------------------- 
before_val_epoch:
(NORMAL      ) NumClassCheckHook                  
(LOW         ) IterTimerHook                      
(VERY_LOW    ) TextLoggerHook                     
(VERY_LOW    ) WandbLoggerHook                    
 -------------------- 
before_val_iter:
(LOW         ) IterTimerHook                      
 -------------------- 
after_val_iter:
(LOW         ) IterTimerHook                      
 -------------------- 
after_val_epoch:
(VERY_LOW    ) TextLoggerHook                     
(VERY_LOW    ) WandbLoggerHook                    
 -------------------- 
after_run:
(VERY_LOW    ) WandbLoggerHook                    
 -------------------- 
2021-10-08 01:14:17,402 - mmdet - INFO - workflow: [('train', 1)], max: 50 epochs
2021-10-08 01:14:35,091 - mmdet - INFO - Epoch [1][50/1109]	lr: 1.170e-04, eta: 3:23:51, time: 0.221, data_time: 0.049, memory: 1027, loss_center_heatmap: 10.5592, loss_wh: 2.3369, loss_offset: 0.4971, loss: 13.3932
2021-10-08 01:14:43,028 - mmdet - INFO - Epoch [1][100/1109]	lr: 2.160e-04, eta: 2:55:03, time: 0.159, data_time: 0.005, memory: 1027, loss_center_heatmap: 3.6301, loss_wh: 2.3679, loss_offset: 0.4717, loss: 6.4697
2021-10-08 01:14:50,984 - mmdet - INFO - Epoch [1][150/1109]	lr: 3.150e-04, eta: 2:45:28, time: 0.159, data_time: 0.005, memory: 1027, loss_center_heatmap: 3.4828, loss_wh: 2.3805, loss_offset: 0.4291, loss: 6.2924
2021-10-08 01:14:59,222 - mmdet - INFO - Epoch [1][200/1109]	lr: 4.140e-04, eta: 2:41:55, time: 0.165, data_time: 0.005, memory: 1027, loss_center_heatmap: 3.3193, loss_wh: 2.0919, loss_offset: 0.3813, loss: 5.7925
2021-10-08 01:15:07,055 - mmdet - INFO - Epoch [1][250/1109]	lr: 5.130e-04, eta: 2:38:15, time: 0.157, data_time: 0.005, memory: 1027, loss_center_heatmap: 3.3333, loss_wh: 2.2669, loss_offset: 0.3508, loss: 5.9510
2021-10-08 01:15:14,956 - mmdet - INFO - Epoch [1][300/1109]	lr: 6.120e-04, eta: 2:35:57, time: 0.158, data_time: 0.005, memory: 1027, loss_center_heatmap: 3.2867, loss_wh: 2.2996, loss_offset: 0.2936, loss: 5.8799
2021-10-08 01:15:22,850 - mmdet - INFO - Epoch [1][350/1109]	lr: 7.110e-04, eta: 2:34:16, time: 0.158, data_time: 0.005, memory: 1027, loss_center_heatmap: 3.3257, loss_wh: 2.2974, loss_offset: 0.2718, loss: 5.8950
2021-10-08 01:15:30,641 - mmdet - INFO - Epoch [1][400/1109]	lr: 8.100e-04, eta: 2:32:44, time: 0.156, data_time: 0.005, memory: 1027, loss_center_heatmap: 3.3783, loss_wh: 2.4770, loss_offset: 0.2593, loss: 6.1146
2021-10-08 01:15:38,523 - mmdet - INFO - Epoch [1][450/1109]	lr: 9.090e-04, eta: 2:31:41, time: 0.158, data_time: 0.005, memory: 1027, loss_center_heatmap: 3.3462, loss_wh: 2.3488, loss_offset: 0.2519, loss: 5.9469
2021-10-08 01:15:46,113 - mmdet - INFO - Epoch [1][500/1109]	lr: 1.008e-03, eta: 2:30:18, time: 0.152, data_time: 0.005, memory: 1027, loss_center_heatmap: 3.2535, loss_wh: 2.3196, loss_offset: 0.2474, loss: 5.8204
2021-10-08 01:15:53,781 - mmdet - INFO - Epoch [1][550/1109]	lr: 1.107e-03, eta: 2:29:16, time: 0.153, data_time: 0.005, memory: 1027, loss_center_heatmap: 3.2986, loss_wh: 2.4240, loss_offset: 0.2461, loss: 5.9687
2021-10-08 01:16:01,439 - mmdet - INFO - Epoch [1][600/1109]	lr: 1.206e-03, eta: 2:28:22, time: 0.153, data_time: 0.005, memory: 1027, loss_center_heatmap: 3.3466, loss_wh: 2.3973, loss_offset: 0.2515, loss: 5.9955
2021-10-08 01:16:09,722 - mmdet - INFO - Epoch [1][650/1109]	lr: 1.305e-03, eta: 2:28:28, time: 0.166, data_time: 0.005, memory: 1027, loss_center_heatmap: 3.2214, loss_wh: 2.1912, loss_offset: 0.2553, loss: 5.6679
2021-10-08 01:16:17,514 - mmdet - INFO - Epoch [1][700/1109]	lr: 1.404e-03, eta: 2:27:53, time: 0.156, data_time: 0.005, memory: 1027, loss_center_heatmap: 3.2533, loss_wh: 2.1821, loss_offset: 0.2504, loss: 5.6858
2021-10-08 01:16:25,683 - mmdet - INFO - Epoch [1][750/1109]	lr: 1.503e-03, eta: 2:27:50, time: 0.163, data_time: 0.005, memory: 1027, loss_center_heatmap: 3.2768, loss_wh: 2.2703, loss_offset: 0.2530, loss: 5.8001
2021-10-08 01:16:33,537 - mmdet - INFO - Epoch [1][800/1109]	lr: 1.602e-03, eta: 2:27:25, time: 0.157, data_time: 0.005, memory: 1027, loss_center_heatmap: 3.2512, loss_wh: 2.2895, loss_offset: 0.2496, loss: 5.7903
2021-10-08 01:16:41,425 - mmdet - INFO - Epoch [1][850/1109]	lr: 1.701e-03, eta: 2:27:03, time: 0.158, data_time: 0.005, memory: 1027, loss_center_heatmap: 3.3361, loss_wh: 2.2219, loss_offset: 0.2537, loss: 5.8117
2021-10-08 01:16:49,178 - mmdet - INFO - Epoch [1][900/1109]	lr: 1.800e-03, eta: 2:26:35, time: 0.155, data_time: 0.005, memory: 1027, loss_center_heatmap: 3.2764, loss_wh: 2.3302, loss_offset: 0.2448, loss: 5.8514
2021-10-08 01:16:57,182 - mmdet - INFO - Epoch [1][950/1109]	lr: 1.899e-03, eta: 2:26:24, time: 0.160, data_time: 0.005, memory: 1027, loss_center_heatmap: 3.2828, loss_wh: 2.1667, loss_offset: 0.2492, loss: 5.6987
2021-10-08 01:17:05,046 - mmdet - INFO - Exp name: CenterNet_R50.py
2021-10-08 01:17:05,047 - mmdet - INFO - Epoch [1][1000/1109]	lr: 1.998e-03, eta: 2:26:05, time: 0.157, data_time: 0.005, memory: 1027, loss_center_heatmap: 3.3454, loss_wh: 2.2328, loss_offset: 0.2525, loss: 5.8307
2021-10-08 01:17:12,867 - mmdet - INFO - Epoch [1][1050/1109]	lr: 2.000e-03, eta: 2:25:45, time: 0.156, data_time: 0.005, memory: 1027, loss_center_heatmap: 3.3747, loss_wh: 2.3003, loss_offset: 0.2438, loss: 5.9187
2021-10-08 01:17:20,990 - mmdet - INFO - Epoch [1][1100/1109]	lr: 2.000e-03, eta: 2:25:41, time: 0.162, data_time: 0.005, memory: 1027, loss_center_heatmap: 3.2872, loss_wh: 2.1066, loss_offset: 0.2518, loss: 5.6456
