2021-10-08 03:07:37,605 - mmdet - INFO - Environment info:
------------------------------------------------------------
sys.platform: linux
Python: 3.7.11 (default, Jul 27 2021, 14:32:16) [GCC 7.5.0]
CUDA available: True
GPU 0: Tesla V100-PCIE-32GB
CUDA_HOME: None
GCC: gcc (Ubuntu 7.5.0-3ubuntu1~18.04) 7.5.0
PyTorch: 1.7.1
PyTorch compiling details: PyTorch built with:
  - GCC 7.3
  - C++ Version: 201402
  - Intel(R) oneAPI Math Kernel Library Version 2021.3-Product Build 20210617 for Intel(R) 64 architecture applications
  - Intel(R) MKL-DNN v1.6.0 (Git Hash 5ef631a030a6f73131c77892041042805a06064f)
  - OpenMP 201511 (a.k.a. OpenMP 4.5)
  - NNPACK is enabled
  - CPU capability usage: AVX2
  - CUDA Runtime 11.0
  - NVCC architecture flags: -gencode;arch=compute_37,code=sm_37;-gencode;arch=compute_50,code=sm_50;-gencode;arch=compute_60,code=sm_60;-gencode;arch=compute_61,code=sm_61;-gencode;arch=compute_70,code=sm_70;-gencode;arch=compute_75,code=sm_75;-gencode;arch=compute_80,code=sm_80;-gencode;arch=compute_37,code=compute_37
  - CuDNN 8.0.5
  - Magma 2.5.2
  - Build settings: BLAS=MKL, BUILD_TYPE=Release, CXX_FLAGS= -Wno-deprecated -fvisibility-inlines-hidden -DUSE_PTHREADPOOL -fopenmp -DNDEBUG -DUSE_FBGEMM -DUSE_QNNPACK -DUSE_PYTORCH_QNNPACK -DUSE_XNNPACK -DUSE_VULKAN_WRAPPER -O2 -fPIC -Wno-narrowing -Wall -Wextra -Werror=return-type -Wno-missing-field-initializers -Wno-type-limits -Wno-array-bounds -Wno-unknown-pragmas -Wno-sign-compare -Wno-unused-parameter -Wno-unused-variable -Wno-unused-function -Wno-unused-result -Wno-unused-local-typedefs -Wno-strict-overflow -Wno-strict-aliasing -Wno-error=deprecated-declarations -Wno-stringop-overflow -Wno-psabi -Wno-error=pedantic -Wno-error=redundant-decls -Wno-error=old-style-cast -fdiagnostics-color=always -faligned-new -Wno-unused-but-set-variable -Wno-maybe-uninitialized -fno-math-errno -fno-trapping-math -Werror=format -Wno-stringop-overflow, PERF_WITH_AVX=1, PERF_WITH_AVX2=1, PERF_WITH_AVX512=1, USE_CUDA=ON, USE_EXCEPTION_PTR=1, USE_GFLAGS=OFF, USE_GLOG=OFF, USE_MKL=ON, USE_MKLDNN=ON, USE_MPI=OFF, USE_NCCL=ON, USE_NNPACK=ON, USE_OPENMP=ON, 

TorchVision: 0.8.2
OpenCV: 4.5.3
MMCV: 1.3.14
MMCV Compiler: GCC 7.3
MMCV CUDA Compiler: 11.0
MMDetection: 2.17.0+044cccd
------------------------------------------------------------

2021-10-08 03:07:37,942 - mmdet - INFO - Distributed training: False
2021-10-08 03:07:38,183 - mmdet - INFO - Config:
dataset_type = 'CocoDataset'
data_root = '/opt/ml/detection/dataset/'
classes = [
    'General trash', 'Paper', 'Paper pack', 'Metal', 'Glass', 'Plastic',
    'Styrofoam', 'Plastic bag', 'Battery', 'Clothing'
]
img_norm_cfg = dict(mean=[0, 0, 0], std=[255.0, 255.0, 255.0], to_rgb=True)
train_pipeline = [
    dict(type='LoadImageFromFile'),
    dict(type='LoadAnnotations', with_bbox=True),
    dict(type='Resize', img_scale=(300, 300), keep_ratio=True),
    dict(type='RandomFlip', flip_ratio=0.5),
    dict(
        type='Normalize',
        mean=[0, 0, 0],
        std=[255.0, 255.0, 255.0],
        to_rgb=True),
    dict(type='DefaultFormatBundle'),
    dict(type='Collect', keys=['img', 'gt_bboxes', 'gt_labels'])
]
test_pipeline = [
    dict(type='LoadImageFromFile'),
    dict(
        type='MultiScaleFlipAug',
        img_scale=(300, 300),
        flip=False,
        transforms=[
            dict(type='Resize', keep_ratio=True),
            dict(type='RandomFlip'),
            dict(
                type='Normalize',
                mean=[0, 0, 0],
                std=[255.0, 255.0, 255.0],
                to_rgb=True),
            dict(type='ImageToTensor', keys=['img']),
            dict(type='Collect', keys=['img'])
        ])
]
data = dict(
    samples_per_gpu=4,
    workers_per_gpu=2,
    train=dict(
        type='CocoDataset',
        ann_file='/opt/ml/detection/dataset/train_kfold1.json',
        img_prefix='/opt/ml/detection/dataset/',
        classes=[
            'General trash', 'Paper', 'Paper pack', 'Metal', 'Glass',
            'Plastic', 'Styrofoam', 'Plastic bag', 'Battery', 'Clothing'
        ],
        pipeline=[
            dict(type='LoadImageFromFile'),
            dict(type='LoadAnnotations', with_bbox=True),
            dict(type='Resize', img_scale=(300, 300), keep_ratio=True),
            dict(type='RandomFlip', flip_ratio=0.5),
            dict(
                type='Normalize',
                mean=[0, 0, 0],
                std=[255.0, 255.0, 255.0],
                to_rgb=True),
            dict(type='DefaultFormatBundle'),
            dict(type='Collect', keys=['img', 'gt_bboxes', 'gt_labels'])
        ]),
    val=dict(
        type='CocoDataset',
        ann_file='/opt/ml/detection/dataset/val_kfold1.json',
        classes=[
            'General trash', 'Paper', 'Paper pack', 'Metal', 'Glass',
            'Plastic', 'Styrofoam', 'Plastic bag', 'Battery', 'Clothing'
        ],
        img_prefix='/opt/ml/detection/dataset/',
        pipeline=[
            dict(type='LoadImageFromFile'),
            dict(
                type='MultiScaleFlipAug',
                img_scale=(300, 300),
                flip=False,
                transforms=[
                    dict(type='Resize', keep_ratio=True),
                    dict(type='RandomFlip'),
                    dict(
                        type='Normalize',
                        mean=[0, 0, 0],
                        std=[255.0, 255.0, 255.0],
                        to_rgb=True),
                    dict(type='ImageToTensor', keys=['img']),
                    dict(type='Collect', keys=['img'])
                ])
        ]),
    test=dict(
        type='CocoDataset',
        ann_file='/opt/ml/detection/dataset/test.json',
        classes=[
            'General trash', 'Paper', 'Paper pack', 'Metal', 'Glass',
            'Plastic', 'Styrofoam', 'Plastic bag', 'Battery', 'Clothing'
        ],
        img_prefix='/opt/ml/detection/dataset/',
        pipeline=[
            dict(type='LoadImageFromFile'),
            dict(
                type='MultiScaleFlipAug',
                img_scale=(300, 300),
                flip=False,
                transforms=[
                    dict(type='Resize', keep_ratio=True),
                    dict(type='RandomFlip'),
                    dict(
                        type='Normalize',
                        mean=[0, 0, 0],
                        std=[255.0, 255.0, 255.0],
                        to_rgb=True),
                    dict(type='ImageToTensor', keys=['img']),
                    dict(type='Collect', keys=['img'])
                ])
        ]))
evaluation = dict(interval=1, metric='bbox', save_best='bbox_mAP_50')
checkpoint_config = dict(interval=100)
log_config = dict(
    interval=50,
    hooks=[
        dict(type='TextLoggerHook'),
        dict(type='WandbLoggerHook', init_kwargs=dict(project='mmdetection'))
    ])
custom_hooks = [dict(type='NumClassCheckHook')]
dist_params = dict(backend='nccl')
log_level = 'INFO'
load_from = None
resume_from = None
workflow = [('train', 1)]
optimizer = dict(type='SGD', lr=0.002, momentum=0.9, weight_decay=0.0001)
optimizer_config = dict(grad_clip=None)
lr_config = dict(
    policy='CosineAnnealing',
    warmup='linear',
    warmup_iters=1000,
    warmup_ratio=0.01,
    min_lr=1e-06)
runner = dict(type='EpochBasedRunner', max_epochs=50)
model = dict(
    type='CenterNet',
    backbone=dict(
        type='ResNet',
        depth=18,
        norm_eval=False,
        norm_cfg=dict(type='BN'),
        init_cfg=dict(type='Pretrained', checkpoint='torchvision://resnet18')),
    neck=dict(
        type='CTResNetNeck',
        in_channel=512,
        num_deconv_filters=(256, 128, 64),
        num_deconv_kernels=(4, 4, 4),
        use_dcn=True),
    bbox_head=dict(
        type='CenterNetHead',
        num_classes=10,
        in_channel=64,
        feat_channel=64,
        loss_center_heatmap=dict(type='GaussianFocalLoss', loss_weight=1.0),
        loss_wh=dict(type='L1Loss', loss_weight=0.1),
        loss_offset=dict(type='L1Loss', loss_weight=1.0)),
    train_cfg=None,
    test_cfg=dict(topk=100, local_maximum_kernel=3, max_per_img=100))
work_dir = './work_dirs/CenterNet_R50'
gpu_ids = range(0, 1)

2021-10-08 03:07:38,184 - mmdet - INFO - Set random seed to 2021, deterministic: True
2021-10-08 03:07:38,489 - mmdet - INFO - initialize ResNet with init_cfg {'type': 'Pretrained', 'checkpoint': 'torchvision://resnet18'}
Name of parameter - Initialization information

backbone.conv1.weight - torch.Size([64, 3, 7, 7]): 
PretrainedInit: load from torchvision://resnet18 

backbone.bn1.weight - torch.Size([64]): 
PretrainedInit: load from torchvision://resnet18 

backbone.bn1.bias - torch.Size([64]): 
PretrainedInit: load from torchvision://resnet18 

backbone.layer1.0.conv1.weight - torch.Size([64, 64, 3, 3]): 
PretrainedInit: load from torchvision://resnet18 

backbone.layer1.0.bn1.weight - torch.Size([64]): 
PretrainedInit: load from torchvision://resnet18 

backbone.layer1.0.bn1.bias - torch.Size([64]): 
PretrainedInit: load from torchvision://resnet18 

backbone.layer1.0.conv2.weight - torch.Size([64, 64, 3, 3]): 
PretrainedInit: load from torchvision://resnet18 

backbone.layer1.0.bn2.weight - torch.Size([64]): 
PretrainedInit: load from torchvision://resnet18 

backbone.layer1.0.bn2.bias - torch.Size([64]): 
PretrainedInit: load from torchvision://resnet18 

backbone.layer1.1.conv1.weight - torch.Size([64, 64, 3, 3]): 
PretrainedInit: load from torchvision://resnet18 

backbone.layer1.1.bn1.weight - torch.Size([64]): 
PretrainedInit: load from torchvision://resnet18 

backbone.layer1.1.bn1.bias - torch.Size([64]): 
PretrainedInit: load from torchvision://resnet18 

backbone.layer1.1.conv2.weight - torch.Size([64, 64, 3, 3]): 
PretrainedInit: load from torchvision://resnet18 

backbone.layer1.1.bn2.weight - torch.Size([64]): 
PretrainedInit: load from torchvision://resnet18 

backbone.layer1.1.bn2.bias - torch.Size([64]): 
PretrainedInit: load from torchvision://resnet18 

backbone.layer2.0.conv1.weight - torch.Size([128, 64, 3, 3]): 
PretrainedInit: load from torchvision://resnet18 

backbone.layer2.0.bn1.weight - torch.Size([128]): 
PretrainedInit: load from torchvision://resnet18 

backbone.layer2.0.bn1.bias - torch.Size([128]): 
PretrainedInit: load from torchvision://resnet18 

backbone.layer2.0.conv2.weight - torch.Size([128, 128, 3, 3]): 
PretrainedInit: load from torchvision://resnet18 

backbone.layer2.0.bn2.weight - torch.Size([128]): 
PretrainedInit: load from torchvision://resnet18 

backbone.layer2.0.bn2.bias - torch.Size([128]): 
PretrainedInit: load from torchvision://resnet18 

backbone.layer2.0.downsample.0.weight - torch.Size([128, 64, 1, 1]): 
PretrainedInit: load from torchvision://resnet18 

backbone.layer2.0.downsample.1.weight - torch.Size([128]): 
PretrainedInit: load from torchvision://resnet18 

backbone.layer2.0.downsample.1.bias - torch.Size([128]): 
PretrainedInit: load from torchvision://resnet18 

backbone.layer2.1.conv1.weight - torch.Size([128, 128, 3, 3]): 
PretrainedInit: load from torchvision://resnet18 

backbone.layer2.1.bn1.weight - torch.Size([128]): 
PretrainedInit: load from torchvision://resnet18 

backbone.layer2.1.bn1.bias - torch.Size([128]): 
PretrainedInit: load from torchvision://resnet18 

backbone.layer2.1.conv2.weight - torch.Size([128, 128, 3, 3]): 
PretrainedInit: load from torchvision://resnet18 

backbone.layer2.1.bn2.weight - torch.Size([128]): 
PretrainedInit: load from torchvision://resnet18 

backbone.layer2.1.bn2.bias - torch.Size([128]): 
PretrainedInit: load from torchvision://resnet18 

backbone.layer3.0.conv1.weight - torch.Size([256, 128, 3, 3]): 
PretrainedInit: load from torchvision://resnet18 

backbone.layer3.0.bn1.weight - torch.Size([256]): 
PretrainedInit: load from torchvision://resnet18 

backbone.layer3.0.bn1.bias - torch.Size([256]): 
PretrainedInit: load from torchvision://resnet18 

backbone.layer3.0.conv2.weight - torch.Size([256, 256, 3, 3]): 
PretrainedInit: load from torchvision://resnet18 

backbone.layer3.0.bn2.weight - torch.Size([256]): 
PretrainedInit: load from torchvision://resnet18 

backbone.layer3.0.bn2.bias - torch.Size([256]): 
PretrainedInit: load from torchvision://resnet18 

backbone.layer3.0.downsample.0.weight - torch.Size([256, 128, 1, 1]): 
PretrainedInit: load from torchvision://resnet18 

backbone.layer3.0.downsample.1.weight - torch.Size([256]): 
PretrainedInit: load from torchvision://resnet18 

backbone.layer3.0.downsample.1.bias - torch.Size([256]): 
PretrainedInit: load from torchvision://resnet18 

backbone.layer3.1.conv1.weight - torch.Size([256, 256, 3, 3]): 
PretrainedInit: load from torchvision://resnet18 

backbone.layer3.1.bn1.weight - torch.Size([256]): 
PretrainedInit: load from torchvision://resnet18 

backbone.layer3.1.bn1.bias - torch.Size([256]): 
PretrainedInit: load from torchvision://resnet18 

backbone.layer3.1.conv2.weight - torch.Size([256, 256, 3, 3]): 
PretrainedInit: load from torchvision://resnet18 

backbone.layer3.1.bn2.weight - torch.Size([256]): 
PretrainedInit: load from torchvision://resnet18 

backbone.layer3.1.bn2.bias - torch.Size([256]): 
PretrainedInit: load from torchvision://resnet18 

backbone.layer4.0.conv1.weight - torch.Size([512, 256, 3, 3]): 
PretrainedInit: load from torchvision://resnet18 

backbone.layer4.0.bn1.weight - torch.Size([512]): 
PretrainedInit: load from torchvision://resnet18 

backbone.layer4.0.bn1.bias - torch.Size([512]): 
PretrainedInit: load from torchvision://resnet18 

backbone.layer4.0.conv2.weight - torch.Size([512, 512, 3, 3]): 
PretrainedInit: load from torchvision://resnet18 

backbone.layer4.0.bn2.weight - torch.Size([512]): 
PretrainedInit: load from torchvision://resnet18 

backbone.layer4.0.bn2.bias - torch.Size([512]): 
PretrainedInit: load from torchvision://resnet18 

backbone.layer4.0.downsample.0.weight - torch.Size([512, 256, 1, 1]): 
PretrainedInit: load from torchvision://resnet18 

backbone.layer4.0.downsample.1.weight - torch.Size([512]): 
PretrainedInit: load from torchvision://resnet18 

backbone.layer4.0.downsample.1.bias - torch.Size([512]): 
PretrainedInit: load from torchvision://resnet18 

backbone.layer4.1.conv1.weight - torch.Size([512, 512, 3, 3]): 
PretrainedInit: load from torchvision://resnet18 

backbone.layer4.1.bn1.weight - torch.Size([512]): 
PretrainedInit: load from torchvision://resnet18 

backbone.layer4.1.bn1.bias - torch.Size([512]): 
PretrainedInit: load from torchvision://resnet18 

backbone.layer4.1.conv2.weight - torch.Size([512, 512, 3, 3]): 
PretrainedInit: load from torchvision://resnet18 

backbone.layer4.1.bn2.weight - torch.Size([512]): 
PretrainedInit: load from torchvision://resnet18 

backbone.layer4.1.bn2.bias - torch.Size([512]): 
PretrainedInit: load from torchvision://resnet18 

neck.deconv_layers.0.conv.weight - torch.Size([256, 512, 3, 3]): 
The value is the same before and after calling `init_weights` of CenterNet  

neck.deconv_layers.0.conv.conv_offset.weight - torch.Size([27, 512, 3, 3]): 
The value is the same before and after calling `init_weights` of CenterNet  

neck.deconv_layers.0.conv.conv_offset.bias - torch.Size([27]): 
The value is the same before and after calling `init_weights` of CenterNet  

neck.deconv_layers.0.bn.weight - torch.Size([256]): 
The value is the same before and after calling `init_weights` of CenterNet  

neck.deconv_layers.0.bn.bias - torch.Size([256]): 
The value is the same before and after calling `init_weights` of CenterNet  

neck.deconv_layers.1.conv.weight - torch.Size([256, 256, 4, 4]): 
Initialized by user-defined `init_weights` in CTResNetNeck  

neck.deconv_layers.1.bn.weight - torch.Size([256]): 
The value is the same before and after calling `init_weights` of CenterNet  

neck.deconv_layers.1.bn.bias - torch.Size([256]): 
The value is the same before and after calling `init_weights` of CenterNet  

neck.deconv_layers.2.conv.weight - torch.Size([128, 256, 3, 3]): 
The value is the same before and after calling `init_weights` of CenterNet  

neck.deconv_layers.2.conv.conv_offset.weight - torch.Size([27, 256, 3, 3]): 
The value is the same before and after calling `init_weights` of CenterNet  

neck.deconv_layers.2.conv.conv_offset.bias - torch.Size([27]): 
The value is the same before and after calling `init_weights` of CenterNet  

neck.deconv_layers.2.bn.weight - torch.Size([128]): 
The value is the same before and after calling `init_weights` of CenterNet  

neck.deconv_layers.2.bn.bias - torch.Size([128]): 
The value is the same before and after calling `init_weights` of CenterNet  

neck.deconv_layers.3.conv.weight - torch.Size([128, 128, 4, 4]): 
Initialized by user-defined `init_weights` in CTResNetNeck  

neck.deconv_layers.3.bn.weight - torch.Size([128]): 
The value is the same before and after calling `init_weights` of CenterNet  

neck.deconv_layers.3.bn.bias - torch.Size([128]): 
The value is the same before and after calling `init_weights` of CenterNet  

neck.deconv_layers.4.conv.weight - torch.Size([64, 128, 3, 3]): 
The value is the same before and after calling `init_weights` of CenterNet  

neck.deconv_layers.4.conv.conv_offset.weight - torch.Size([27, 128, 3, 3]): 
The value is the same before and after calling `init_weights` of CenterNet  

neck.deconv_layers.4.conv.conv_offset.bias - torch.Size([27]): 
The value is the same before and after calling `init_weights` of CenterNet  

neck.deconv_layers.4.bn.weight - torch.Size([64]): 
The value is the same before and after calling `init_weights` of CenterNet  

neck.deconv_layers.4.bn.bias - torch.Size([64]): 
The value is the same before and after calling `init_weights` of CenterNet  

neck.deconv_layers.5.conv.weight - torch.Size([64, 64, 4, 4]): 
Initialized by user-defined `init_weights` in CTResNetNeck  

neck.deconv_layers.5.bn.weight - torch.Size([64]): 
The value is the same before and after calling `init_weights` of CenterNet  

neck.deconv_layers.5.bn.bias - torch.Size([64]): 
The value is the same before and after calling `init_weights` of CenterNet  

bbox_head.heatmap_head.0.weight - torch.Size([64, 64, 3, 3]): 
The value is the same before and after calling `init_weights` of CenterNet  

bbox_head.heatmap_head.0.bias - torch.Size([64]): 
The value is the same before and after calling `init_weights` of CenterNet  

bbox_head.heatmap_head.2.weight - torch.Size([10, 64, 1, 1]): 
The value is the same before and after calling `init_weights` of CenterNet  

bbox_head.heatmap_head.2.bias - torch.Size([10]): 
Initialized by user-defined `init_weights` in CenterNetHead  

bbox_head.wh_head.0.weight - torch.Size([64, 64, 3, 3]): 
Initialized by user-defined `init_weights` in CenterNetHead  

bbox_head.wh_head.0.bias - torch.Size([64]): 
Initialized by user-defined `init_weights` in CenterNetHead  

bbox_head.wh_head.2.weight - torch.Size([2, 64, 1, 1]): 
Initialized by user-defined `init_weights` in CenterNetHead  

bbox_head.wh_head.2.bias - torch.Size([2]): 
Initialized by user-defined `init_weights` in CenterNetHead  

bbox_head.offset_head.0.weight - torch.Size([64, 64, 3, 3]): 
Initialized by user-defined `init_weights` in CenterNetHead  

bbox_head.offset_head.0.bias - torch.Size([64]): 
Initialized by user-defined `init_weights` in CenterNetHead  

bbox_head.offset_head.2.weight - torch.Size([2, 64, 1, 1]): 
Initialized by user-defined `init_weights` in CenterNetHead  

bbox_head.offset_head.2.bias - torch.Size([2]): 
Initialized by user-defined `init_weights` in CenterNetHead  
2021-10-08 03:07:42,223 - mmdet - INFO - Start running, host: root@00a46a6c3ac0, work_dir: /opt/ml/detection/object-detection-level2-cv-01/work_dirs/CenterNet_R50
2021-10-08 03:07:42,223 - mmdet - INFO - Hooks will be executed in the following order:
before_run:
(VERY_HIGH   ) CosineAnnealingLrUpdaterHook       
(NORMAL      ) CheckpointHook                     
(LOW         ) EvalHook                           
(VERY_LOW    ) TextLoggerHook                     
(VERY_LOW    ) WandbLoggerHook                    
 -------------------- 
before_train_epoch:
(VERY_HIGH   ) CosineAnnealingLrUpdaterHook       
(NORMAL      ) NumClassCheckHook                  
(LOW         ) IterTimerHook                      
(LOW         ) EvalHook                           
(VERY_LOW    ) TextLoggerHook                     
(VERY_LOW    ) WandbLoggerHook                    
 -------------------- 
before_train_iter:
(VERY_HIGH   ) CosineAnnealingLrUpdaterHook       
(LOW         ) IterTimerHook                      
(LOW         ) EvalHook                           
 -------------------- 
after_train_iter:
(ABOVE_NORMAL) OptimizerHook                      
(NORMAL      ) CheckpointHook                     
(LOW         ) IterTimerHook                      
(LOW         ) EvalHook                           
(VERY_LOW    ) TextLoggerHook                     
(VERY_LOW    ) WandbLoggerHook                    
 -------------------- 
after_train_epoch:
(NORMAL      ) CheckpointHook                     
(LOW         ) EvalHook                           
(VERY_LOW    ) TextLoggerHook                     
(VERY_LOW    ) WandbLoggerHook                    
 -------------------- 
before_val_epoch:
(NORMAL      ) NumClassCheckHook                  
(LOW         ) IterTimerHook                      
(VERY_LOW    ) TextLoggerHook                     
(VERY_LOW    ) WandbLoggerHook                    
 -------------------- 
before_val_iter:
(LOW         ) IterTimerHook                      
 -------------------- 
after_val_iter:
(LOW         ) IterTimerHook                      
 -------------------- 
after_val_epoch:
(VERY_LOW    ) TextLoggerHook                     
(VERY_LOW    ) WandbLoggerHook                    
 -------------------- 
after_run:
(VERY_LOW    ) WandbLoggerHook                    
 -------------------- 
2021-10-08 03:07:42,224 - mmdet - INFO - workflow: [('train', 1)], max: 50 epochs
2021-10-08 03:07:57,530 - mmdet - INFO - Epoch [1][50/1109]	lr: 1.170e-04, eta: 2:37:14, time: 0.170, data_time: 0.049, memory: 390, loss_center_heatmap: 11.2353, loss_wh: 2.3369, loss_offset: 0.4972, loss: 14.0694
2021-10-08 03:08:03,041 - mmdet - INFO - Epoch [1][100/1109]	lr: 2.160e-04, eta: 2:09:23, time: 0.110, data_time: 0.005, memory: 390, loss_center_heatmap: 3.6762, loss_wh: 2.3679, loss_offset: 0.4717, loss: 6.5158
2021-10-08 03:08:08,654 - mmdet - INFO - Epoch [1][150/1109]	lr: 3.150e-04, eta: 2:00:39, time: 0.112, data_time: 0.005, memory: 390, loss_center_heatmap: 3.5224, loss_wh: 2.3805, loss_offset: 0.4290, loss: 6.3320
2021-10-08 03:08:14,438 - mmdet - INFO - Epoch [1][200/1109]	lr: 4.140e-04, eta: 1:57:02, time: 0.116, data_time: 0.005, memory: 390, loss_center_heatmap: 3.3664, loss_wh: 2.0919, loss_offset: 0.3811, loss: 5.8393
2021-10-08 03:08:19,906 - mmdet - INFO - Epoch [1][250/1109]	lr: 5.130e-04, eta: 1:53:40, time: 0.109, data_time: 0.005, memory: 390, loss_center_heatmap: 3.3888, loss_wh: 2.2669, loss_offset: 0.3502, loss: 6.0060
2021-10-08 03:08:25,494 - mmdet - INFO - Epoch [1][300/1109]	lr: 6.120e-04, eta: 1:51:45, time: 0.112, data_time: 0.005, memory: 390, loss_center_heatmap: 3.3551, loss_wh: 2.2996, loss_offset: 0.2922, loss: 5.9469
2021-10-08 03:08:31,025 - mmdet - INFO - Epoch [1][350/1109]	lr: 7.110e-04, eta: 1:50:13, time: 0.111, data_time: 0.005, memory: 390, loss_center_heatmap: 3.3485, loss_wh: 2.2974, loss_offset: 0.2700, loss: 5.9160
2021-10-08 03:08:36,667 - mmdet - INFO - Epoch [1][400/1109]	lr: 8.100e-04, eta: 1:49:17, time: 0.113, data_time: 0.005, memory: 390, loss_center_heatmap: 3.4082, loss_wh: 2.4769, loss_offset: 0.2578, loss: 6.1430
2021-10-08 03:08:42,061 - mmdet - INFO - Epoch [1][450/1109]	lr: 9.090e-04, eta: 1:48:02, time: 0.108, data_time: 0.005, memory: 390, loss_center_heatmap: 3.3777, loss_wh: 2.3488, loss_offset: 0.2505, loss: 5.9770
2021-10-08 03:08:47,331 - mmdet - INFO - Epoch [1][500/1109]	lr: 1.008e-03, eta: 1:46:48, time: 0.105, data_time: 0.005, memory: 390, loss_center_heatmap: 3.3593, loss_wh: 2.3196, loss_offset: 0.2476, loss: 5.9265
2021-10-08 03:08:52,631 - mmdet - INFO - Epoch [1][550/1109]	lr: 1.107e-03, eta: 1:45:49, time: 0.106, data_time: 0.005, memory: 390, loss_center_heatmap: 3.3463, loss_wh: 2.4240, loss_offset: 0.2458, loss: 6.0161
2021-10-08 03:08:57,887 - mmdet - INFO - Epoch [1][600/1109]	lr: 1.206e-03, eta: 1:44:55, time: 0.105, data_time: 0.005, memory: 390, loss_center_heatmap: 3.3817, loss_wh: 2.3973, loss_offset: 0.2515, loss: 6.0305
2021-10-08 03:09:03,759 - mmdet - INFO - Epoch [1][650/1109]	lr: 1.305e-03, eta: 1:45:01, time: 0.117, data_time: 0.005, memory: 390, loss_center_heatmap: 3.2923, loss_wh: 2.1912, loss_offset: 0.2555, loss: 5.7390
2021-10-08 03:09:09,209 - mmdet - INFO - Epoch [1][700/1109]	lr: 1.404e-03, eta: 1:44:31, time: 0.109, data_time: 0.005, memory: 390, loss_center_heatmap: 3.3270, loss_wh: 2.1820, loss_offset: 0.2504, loss: 5.7594
2021-10-08 03:09:15,080 - mmdet - INFO - Epoch [1][750/1109]	lr: 1.503e-03, eta: 1:44:36, time: 0.117, data_time: 0.005, memory: 390, loss_center_heatmap: 3.3624, loss_wh: 2.2701, loss_offset: 0.2530, loss: 5.8855
2021-10-08 03:09:20,693 - mmdet - INFO - Epoch [1][800/1109]	lr: 1.602e-03, eta: 1:44:22, time: 0.112, data_time: 0.005, memory: 390, loss_center_heatmap: 3.3149, loss_wh: 2.2891, loss_offset: 0.2491, loss: 5.8531
2021-10-08 03:09:26,197 - mmdet - INFO - Epoch [1][850/1109]	lr: 1.701e-03, eta: 1:44:02, time: 0.110, data_time: 0.005, memory: 390, loss_center_heatmap: 3.3089, loss_wh: 2.2211, loss_offset: 0.2538, loss: 5.7838
2021-10-08 03:09:31,552 - mmdet - INFO - Epoch [1][900/1109]	lr: 1.800e-03, eta: 1:43:34, time: 0.107, data_time: 0.005, memory: 390, loss_center_heatmap: 3.3094, loss_wh: 2.3284, loss_offset: 0.2447, loss: 5.8825
2021-10-08 03:09:37,254 - mmdet - INFO - Epoch [1][950/1109]	lr: 1.899e-03, eta: 1:43:29, time: 0.114, data_time: 0.005, memory: 390, loss_center_heatmap: 3.3242, loss_wh: 2.1629, loss_offset: 0.2492, loss: 5.7363
2021-10-08 03:09:42,842 - mmdet - INFO - Exp name: CenterNet_R50.py
2021-10-08 03:09:42,843 - mmdet - INFO - Epoch [1][1000/1109]	lr: 1.998e-03, eta: 1:43:17, time: 0.112, data_time: 0.005, memory: 390, loss_center_heatmap: 3.3036, loss_wh: 2.2224, loss_offset: 0.2525, loss: 5.7784
2021-10-08 03:09:48,169 - mmdet - INFO - Epoch [1][1050/1109]	lr: 2.000e-03, eta: 1:42:52, time: 0.107, data_time: 0.005, memory: 390, loss_center_heatmap: 3.4571, loss_wh: 2.2663, loss_offset: 0.2440, loss: 5.9674
2021-10-08 03:09:53,886 - mmdet - INFO - Epoch [1][1100/1109]	lr: 2.000e-03, eta: 1:42:49, time: 0.114, data_time: 0.005, memory: 390, loss_center_heatmap: 3.3105, loss_wh: 1.9980, loss_offset: 0.2519, loss: 5.5604
