2021-10-08 03:15:54,670 - mmdet - INFO - Environment info:
------------------------------------------------------------
sys.platform: linux
Python: 3.7.11 (default, Jul 27 2021, 14:32:16) [GCC 7.5.0]
CUDA available: True
GPU 0: Tesla V100-PCIE-32GB
CUDA_HOME: None
GCC: gcc (Ubuntu 7.5.0-3ubuntu1~18.04) 7.5.0
PyTorch: 1.7.1
PyTorch compiling details: PyTorch built with:
  - GCC 7.3
  - C++ Version: 201402
  - Intel(R) oneAPI Math Kernel Library Version 2021.3-Product Build 20210617 for Intel(R) 64 architecture applications
  - Intel(R) MKL-DNN v1.6.0 (Git Hash 5ef631a030a6f73131c77892041042805a06064f)
  - OpenMP 201511 (a.k.a. OpenMP 4.5)
  - NNPACK is enabled
  - CPU capability usage: AVX2
  - CUDA Runtime 11.0
  - NVCC architecture flags: -gencode;arch=compute_37,code=sm_37;-gencode;arch=compute_50,code=sm_50;-gencode;arch=compute_60,code=sm_60;-gencode;arch=compute_61,code=sm_61;-gencode;arch=compute_70,code=sm_70;-gencode;arch=compute_75,code=sm_75;-gencode;arch=compute_80,code=sm_80;-gencode;arch=compute_37,code=compute_37
  - CuDNN 8.0.5
  - Magma 2.5.2
  - Build settings: BLAS=MKL, BUILD_TYPE=Release, CXX_FLAGS= -Wno-deprecated -fvisibility-inlines-hidden -DUSE_PTHREADPOOL -fopenmp -DNDEBUG -DUSE_FBGEMM -DUSE_QNNPACK -DUSE_PYTORCH_QNNPACK -DUSE_XNNPACK -DUSE_VULKAN_WRAPPER -O2 -fPIC -Wno-narrowing -Wall -Wextra -Werror=return-type -Wno-missing-field-initializers -Wno-type-limits -Wno-array-bounds -Wno-unknown-pragmas -Wno-sign-compare -Wno-unused-parameter -Wno-unused-variable -Wno-unused-function -Wno-unused-result -Wno-unused-local-typedefs -Wno-strict-overflow -Wno-strict-aliasing -Wno-error=deprecated-declarations -Wno-stringop-overflow -Wno-psabi -Wno-error=pedantic -Wno-error=redundant-decls -Wno-error=old-style-cast -fdiagnostics-color=always -faligned-new -Wno-unused-but-set-variable -Wno-maybe-uninitialized -fno-math-errno -fno-trapping-math -Werror=format -Wno-stringop-overflow, PERF_WITH_AVX=1, PERF_WITH_AVX2=1, PERF_WITH_AVX512=1, USE_CUDA=ON, USE_EXCEPTION_PTR=1, USE_GFLAGS=OFF, USE_GLOG=OFF, USE_MKL=ON, USE_MKLDNN=ON, USE_MPI=OFF, USE_NCCL=ON, USE_NNPACK=ON, USE_OPENMP=ON, 

TorchVision: 0.8.2
OpenCV: 4.5.3
MMCV: 1.3.14
MMCV Compiler: GCC 7.3
MMCV CUDA Compiler: 11.0
MMDetection: 2.17.0+044cccd
------------------------------------------------------------

2021-10-08 03:15:55,048 - mmdet - INFO - Distributed training: False
2021-10-08 03:15:55,417 - mmdet - INFO - Config:
dataset_type = 'CocoDataset'
data_root = '/opt/ml/detection/dataset/'
classes = [
    'General trash', 'Paper', 'Paper pack', 'Metal', 'Glass', 'Plastic',
    'Styrofoam', 'Plastic bag', 'Battery', 'Clothing'
]
img_norm_cfg = dict(mean=[0, 0, 0], std=[255.0, 255.0, 255.0], to_rgb=True)
train_pipeline = [
    dict(type='LoadImageFromFile'),
    dict(type='LoadAnnotations', with_bbox=True),
    dict(type='Resize', img_scale=(300, 300), keep_ratio=True),
    dict(type='RandomFlip', flip_ratio=0.5),
    dict(
        type='Normalize',
        mean=[0, 0, 0],
        std=[255.0, 255.0, 255.0],
        to_rgb=True),
    dict(type='DefaultFormatBundle'),
    dict(type='Collect', keys=['img', 'gt_bboxes', 'gt_labels'])
]
test_pipeline = [
    dict(type='LoadImageFromFile'),
    dict(
        type='MultiScaleFlipAug',
        img_scale=(300, 300),
        flip=False,
        transforms=[
            dict(type='Resize', keep_ratio=True),
            dict(type='RandomFlip'),
            dict(
                type='Normalize',
                mean=[0, 0, 0],
                std=[255.0, 255.0, 255.0],
                to_rgb=True),
            dict(type='ImageToTensor', keys=['img']),
            dict(
                type='Collect',
                keys=['img'],
                meta_keys=('filename', 'ori_shape', 'img_shape', 'pad_shape',
                           'scale_factor', 'flip', 'flip_direction',
                           'img_norm_cfg', 'border'))
        ])
]
data = dict(
    samples_per_gpu=4,
    workers_per_gpu=2,
    train=dict(
        type='CocoDataset',
        ann_file='/opt/ml/detection/dataset/train_kfold1.json',
        img_prefix='/opt/ml/detection/dataset/',
        classes=[
            'General trash', 'Paper', 'Paper pack', 'Metal', 'Glass',
            'Plastic', 'Styrofoam', 'Plastic bag', 'Battery', 'Clothing'
        ],
        pipeline=[
            dict(type='LoadImageFromFile'),
            dict(type='LoadAnnotations', with_bbox=True),
            dict(type='Resize', img_scale=(300, 300), keep_ratio=True),
            dict(type='RandomFlip', flip_ratio=0.5),
            dict(
                type='Normalize',
                mean=[0, 0, 0],
                std=[255.0, 255.0, 255.0],
                to_rgb=True),
            dict(type='DefaultFormatBundle'),
            dict(type='Collect', keys=['img', 'gt_bboxes', 'gt_labels'])
        ]),
    val=dict(
        type='CocoDataset',
        ann_file='/opt/ml/detection/dataset/val_kfold1.json',
        classes=[
            'General trash', 'Paper', 'Paper pack', 'Metal', 'Glass',
            'Plastic', 'Styrofoam', 'Plastic bag', 'Battery', 'Clothing'
        ],
        img_prefix='/opt/ml/detection/dataset/',
        pipeline=[
            dict(type='LoadImageFromFile'),
            dict(
                type='MultiScaleFlipAug',
                img_scale=(300, 300),
                flip=False,
                transforms=[
                    dict(type='Resize', keep_ratio=True),
                    dict(type='RandomFlip'),
                    dict(
                        type='Normalize',
                        mean=[0, 0, 0],
                        std=[255.0, 255.0, 255.0],
                        to_rgb=True),
                    dict(type='ImageToTensor', keys=['img']),
                    dict(
                        type='Collect',
                        keys=['img'],
                        meta_keys=('filename', 'ori_shape', 'img_shape',
                                   'pad_shape', 'scale_factor', 'flip',
                                   'flip_direction', 'img_norm_cfg', 'border'))
                ])
        ]),
    test=dict(
        type='CocoDataset',
        ann_file='/opt/ml/detection/dataset/test.json',
        classes=[
            'General trash', 'Paper', 'Paper pack', 'Metal', 'Glass',
            'Plastic', 'Styrofoam', 'Plastic bag', 'Battery', 'Clothing'
        ],
        img_prefix='/opt/ml/detection/dataset/',
        pipeline=[
            dict(type='LoadImageFromFile'),
            dict(
                type='MultiScaleFlipAug',
                img_scale=(300, 300),
                flip=False,
                transforms=[
                    dict(type='Resize', keep_ratio=True),
                    dict(type='RandomFlip'),
                    dict(
                        type='Normalize',
                        mean=[0, 0, 0],
                        std=[255.0, 255.0, 255.0],
                        to_rgb=True),
                    dict(type='ImageToTensor', keys=['img']),
                    dict(
                        type='Collect',
                        keys=['img'],
                        meta_keys=('filename', 'ori_shape', 'img_shape',
                                   'pad_shape', 'scale_factor', 'flip',
                                   'flip_direction', 'img_norm_cfg', 'border'))
                ])
        ]))
evaluation = dict(interval=1, metric='bbox', save_best='bbox_mAP_50')
checkpoint_config = dict(interval=100)
log_config = dict(
    interval=50,
    hooks=[
        dict(type='TextLoggerHook'),
        dict(type='WandbLoggerHook', init_kwargs=dict(project='mmdetection'))
    ])
custom_hooks = [dict(type='NumClassCheckHook')]
dist_params = dict(backend='nccl')
log_level = 'INFO'
load_from = None
resume_from = None
workflow = [('train', 1)]
optimizer = dict(type='SGD', lr=0.002, momentum=0.9, weight_decay=0.0001)
optimizer_config = dict(grad_clip=None)
lr_config = dict(
    policy='CosineAnnealing',
    warmup='linear',
    warmup_iters=1000,
    warmup_ratio=0.01,
    min_lr=1e-06)
runner = dict(type='EpochBasedRunner', max_epochs=50)
model = dict(
    type='CenterNet',
    backbone=dict(
        type='ResNet',
        depth=18,
        norm_eval=False,
        norm_cfg=dict(type='BN'),
        init_cfg=dict(type='Pretrained', checkpoint='torchvision://resnet18')),
    neck=dict(
        type='CTResNetNeck',
        in_channel=512,
        num_deconv_filters=(256, 128, 64),
        num_deconv_kernels=(4, 4, 4),
        use_dcn=True),
    bbox_head=dict(
        type='CenterNetHead',
        num_classes=10,
        in_channel=64,
        feat_channel=64,
        loss_center_heatmap=dict(type='GaussianFocalLoss', loss_weight=1.0),
        loss_wh=dict(type='L1Loss', loss_weight=0.1),
        loss_offset=dict(type='L1Loss', loss_weight=1.0)),
    train_cfg=None,
    test_cfg=dict(topk=100, local_maximum_kernel=3, max_per_img=100))
work_dir = './work_dirs/CenterNet_R50'
gpu_ids = range(0, 1)

2021-10-08 03:15:55,418 - mmdet - INFO - Set random seed to 2021, deterministic: True
2021-10-08 03:15:55,650 - mmdet - INFO - initialize ResNet with init_cfg {'type': 'Pretrained', 'checkpoint': 'torchvision://resnet18'}
Name of parameter - Initialization information

backbone.conv1.weight - torch.Size([64, 3, 7, 7]): 
PretrainedInit: load from torchvision://resnet18 

backbone.bn1.weight - torch.Size([64]): 
PretrainedInit: load from torchvision://resnet18 

backbone.bn1.bias - torch.Size([64]): 
PretrainedInit: load from torchvision://resnet18 

backbone.layer1.0.conv1.weight - torch.Size([64, 64, 3, 3]): 
PretrainedInit: load from torchvision://resnet18 

backbone.layer1.0.bn1.weight - torch.Size([64]): 
PretrainedInit: load from torchvision://resnet18 

backbone.layer1.0.bn1.bias - torch.Size([64]): 
PretrainedInit: load from torchvision://resnet18 

backbone.layer1.0.conv2.weight - torch.Size([64, 64, 3, 3]): 
PretrainedInit: load from torchvision://resnet18 

backbone.layer1.0.bn2.weight - torch.Size([64]): 
PretrainedInit: load from torchvision://resnet18 

backbone.layer1.0.bn2.bias - torch.Size([64]): 
PretrainedInit: load from torchvision://resnet18 

backbone.layer1.1.conv1.weight - torch.Size([64, 64, 3, 3]): 
PretrainedInit: load from torchvision://resnet18 

backbone.layer1.1.bn1.weight - torch.Size([64]): 
PretrainedInit: load from torchvision://resnet18 

backbone.layer1.1.bn1.bias - torch.Size([64]): 
PretrainedInit: load from torchvision://resnet18 

backbone.layer1.1.conv2.weight - torch.Size([64, 64, 3, 3]): 
PretrainedInit: load from torchvision://resnet18 

backbone.layer1.1.bn2.weight - torch.Size([64]): 
PretrainedInit: load from torchvision://resnet18 

backbone.layer1.1.bn2.bias - torch.Size([64]): 
PretrainedInit: load from torchvision://resnet18 

backbone.layer2.0.conv1.weight - torch.Size([128, 64, 3, 3]): 
PretrainedInit: load from torchvision://resnet18 

backbone.layer2.0.bn1.weight - torch.Size([128]): 
PretrainedInit: load from torchvision://resnet18 

backbone.layer2.0.bn1.bias - torch.Size([128]): 
PretrainedInit: load from torchvision://resnet18 

backbone.layer2.0.conv2.weight - torch.Size([128, 128, 3, 3]): 
PretrainedInit: load from torchvision://resnet18 

backbone.layer2.0.bn2.weight - torch.Size([128]): 
PretrainedInit: load from torchvision://resnet18 

backbone.layer2.0.bn2.bias - torch.Size([128]): 
PretrainedInit: load from torchvision://resnet18 

backbone.layer2.0.downsample.0.weight - torch.Size([128, 64, 1, 1]): 
PretrainedInit: load from torchvision://resnet18 

backbone.layer2.0.downsample.1.weight - torch.Size([128]): 
PretrainedInit: load from torchvision://resnet18 

backbone.layer2.0.downsample.1.bias - torch.Size([128]): 
PretrainedInit: load from torchvision://resnet18 

backbone.layer2.1.conv1.weight - torch.Size([128, 128, 3, 3]): 
PretrainedInit: load from torchvision://resnet18 

backbone.layer2.1.bn1.weight - torch.Size([128]): 
PretrainedInit: load from torchvision://resnet18 

backbone.layer2.1.bn1.bias - torch.Size([128]): 
PretrainedInit: load from torchvision://resnet18 

backbone.layer2.1.conv2.weight - torch.Size([128, 128, 3, 3]): 
PretrainedInit: load from torchvision://resnet18 

backbone.layer2.1.bn2.weight - torch.Size([128]): 
PretrainedInit: load from torchvision://resnet18 

backbone.layer2.1.bn2.bias - torch.Size([128]): 
PretrainedInit: load from torchvision://resnet18 

backbone.layer3.0.conv1.weight - torch.Size([256, 128, 3, 3]): 
PretrainedInit: load from torchvision://resnet18 

backbone.layer3.0.bn1.weight - torch.Size([256]): 
PretrainedInit: load from torchvision://resnet18 

backbone.layer3.0.bn1.bias - torch.Size([256]): 
PretrainedInit: load from torchvision://resnet18 

backbone.layer3.0.conv2.weight - torch.Size([256, 256, 3, 3]): 
PretrainedInit: load from torchvision://resnet18 

backbone.layer3.0.bn2.weight - torch.Size([256]): 
PretrainedInit: load from torchvision://resnet18 

backbone.layer3.0.bn2.bias - torch.Size([256]): 
PretrainedInit: load from torchvision://resnet18 

backbone.layer3.0.downsample.0.weight - torch.Size([256, 128, 1, 1]): 
PretrainedInit: load from torchvision://resnet18 

backbone.layer3.0.downsample.1.weight - torch.Size([256]): 
PretrainedInit: load from torchvision://resnet18 

backbone.layer3.0.downsample.1.bias - torch.Size([256]): 
PretrainedInit: load from torchvision://resnet18 

backbone.layer3.1.conv1.weight - torch.Size([256, 256, 3, 3]): 
PretrainedInit: load from torchvision://resnet18 

backbone.layer3.1.bn1.weight - torch.Size([256]): 
PretrainedInit: load from torchvision://resnet18 

backbone.layer3.1.bn1.bias - torch.Size([256]): 
PretrainedInit: load from torchvision://resnet18 

backbone.layer3.1.conv2.weight - torch.Size([256, 256, 3, 3]): 
PretrainedInit: load from torchvision://resnet18 

backbone.layer3.1.bn2.weight - torch.Size([256]): 
PretrainedInit: load from torchvision://resnet18 

backbone.layer3.1.bn2.bias - torch.Size([256]): 
PretrainedInit: load from torchvision://resnet18 

backbone.layer4.0.conv1.weight - torch.Size([512, 256, 3, 3]): 
PretrainedInit: load from torchvision://resnet18 

backbone.layer4.0.bn1.weight - torch.Size([512]): 
PretrainedInit: load from torchvision://resnet18 

backbone.layer4.0.bn1.bias - torch.Size([512]): 
PretrainedInit: load from torchvision://resnet18 

backbone.layer4.0.conv2.weight - torch.Size([512, 512, 3, 3]): 
PretrainedInit: load from torchvision://resnet18 

backbone.layer4.0.bn2.weight - torch.Size([512]): 
PretrainedInit: load from torchvision://resnet18 

backbone.layer4.0.bn2.bias - torch.Size([512]): 
PretrainedInit: load from torchvision://resnet18 

backbone.layer4.0.downsample.0.weight - torch.Size([512, 256, 1, 1]): 
PretrainedInit: load from torchvision://resnet18 

backbone.layer4.0.downsample.1.weight - torch.Size([512]): 
PretrainedInit: load from torchvision://resnet18 

backbone.layer4.0.downsample.1.bias - torch.Size([512]): 
PretrainedInit: load from torchvision://resnet18 

backbone.layer4.1.conv1.weight - torch.Size([512, 512, 3, 3]): 
PretrainedInit: load from torchvision://resnet18 

backbone.layer4.1.bn1.weight - torch.Size([512]): 
PretrainedInit: load from torchvision://resnet18 

backbone.layer4.1.bn1.bias - torch.Size([512]): 
PretrainedInit: load from torchvision://resnet18 

backbone.layer4.1.conv2.weight - torch.Size([512, 512, 3, 3]): 
PretrainedInit: load from torchvision://resnet18 

backbone.layer4.1.bn2.weight - torch.Size([512]): 
PretrainedInit: load from torchvision://resnet18 

backbone.layer4.1.bn2.bias - torch.Size([512]): 
PretrainedInit: load from torchvision://resnet18 

neck.deconv_layers.0.conv.weight - torch.Size([256, 512, 3, 3]): 
The value is the same before and after calling `init_weights` of CenterNet  

neck.deconv_layers.0.conv.conv_offset.weight - torch.Size([27, 512, 3, 3]): 
The value is the same before and after calling `init_weights` of CenterNet  

neck.deconv_layers.0.conv.conv_offset.bias - torch.Size([27]): 
The value is the same before and after calling `init_weights` of CenterNet  

neck.deconv_layers.0.bn.weight - torch.Size([256]): 
The value is the same before and after calling `init_weights` of CenterNet  

neck.deconv_layers.0.bn.bias - torch.Size([256]): 
The value is the same before and after calling `init_weights` of CenterNet  

neck.deconv_layers.1.conv.weight - torch.Size([256, 256, 4, 4]): 
Initialized by user-defined `init_weights` in CTResNetNeck  

neck.deconv_layers.1.bn.weight - torch.Size([256]): 
The value is the same before and after calling `init_weights` of CenterNet  

neck.deconv_layers.1.bn.bias - torch.Size([256]): 
The value is the same before and after calling `init_weights` of CenterNet  

neck.deconv_layers.2.conv.weight - torch.Size([128, 256, 3, 3]): 
The value is the same before and after calling `init_weights` of CenterNet  

neck.deconv_layers.2.conv.conv_offset.weight - torch.Size([27, 256, 3, 3]): 
The value is the same before and after calling `init_weights` of CenterNet  

neck.deconv_layers.2.conv.conv_offset.bias - torch.Size([27]): 
The value is the same before and after calling `init_weights` of CenterNet  

neck.deconv_layers.2.bn.weight - torch.Size([128]): 
The value is the same before and after calling `init_weights` of CenterNet  

neck.deconv_layers.2.bn.bias - torch.Size([128]): 
The value is the same before and after calling `init_weights` of CenterNet  

neck.deconv_layers.3.conv.weight - torch.Size([128, 128, 4, 4]): 
Initialized by user-defined `init_weights` in CTResNetNeck  

neck.deconv_layers.3.bn.weight - torch.Size([128]): 
The value is the same before and after calling `init_weights` of CenterNet  

neck.deconv_layers.3.bn.bias - torch.Size([128]): 
The value is the same before and after calling `init_weights` of CenterNet  

neck.deconv_layers.4.conv.weight - torch.Size([64, 128, 3, 3]): 
The value is the same before and after calling `init_weights` of CenterNet  

neck.deconv_layers.4.conv.conv_offset.weight - torch.Size([27, 128, 3, 3]): 
The value is the same before and after calling `init_weights` of CenterNet  

neck.deconv_layers.4.conv.conv_offset.bias - torch.Size([27]): 
The value is the same before and after calling `init_weights` of CenterNet  

neck.deconv_layers.4.bn.weight - torch.Size([64]): 
The value is the same before and after calling `init_weights` of CenterNet  

neck.deconv_layers.4.bn.bias - torch.Size([64]): 
The value is the same before and after calling `init_weights` of CenterNet  

neck.deconv_layers.5.conv.weight - torch.Size([64, 64, 4, 4]): 
Initialized by user-defined `init_weights` in CTResNetNeck  

neck.deconv_layers.5.bn.weight - torch.Size([64]): 
The value is the same before and after calling `init_weights` of CenterNet  

neck.deconv_layers.5.bn.bias - torch.Size([64]): 
The value is the same before and after calling `init_weights` of CenterNet  

bbox_head.heatmap_head.0.weight - torch.Size([64, 64, 3, 3]): 
The value is the same before and after calling `init_weights` of CenterNet  

bbox_head.heatmap_head.0.bias - torch.Size([64]): 
The value is the same before and after calling `init_weights` of CenterNet  

bbox_head.heatmap_head.2.weight - torch.Size([10, 64, 1, 1]): 
The value is the same before and after calling `init_weights` of CenterNet  

bbox_head.heatmap_head.2.bias - torch.Size([10]): 
Initialized by user-defined `init_weights` in CenterNetHead  

bbox_head.wh_head.0.weight - torch.Size([64, 64, 3, 3]): 
Initialized by user-defined `init_weights` in CenterNetHead  

bbox_head.wh_head.0.bias - torch.Size([64]): 
Initialized by user-defined `init_weights` in CenterNetHead  

bbox_head.wh_head.2.weight - torch.Size([2, 64, 1, 1]): 
Initialized by user-defined `init_weights` in CenterNetHead  

bbox_head.wh_head.2.bias - torch.Size([2]): 
Initialized by user-defined `init_weights` in CenterNetHead  

bbox_head.offset_head.0.weight - torch.Size([64, 64, 3, 3]): 
Initialized by user-defined `init_weights` in CenterNetHead  

bbox_head.offset_head.0.bias - torch.Size([64]): 
Initialized by user-defined `init_weights` in CenterNetHead  

bbox_head.offset_head.2.weight - torch.Size([2, 64, 1, 1]): 
Initialized by user-defined `init_weights` in CenterNetHead  

bbox_head.offset_head.2.bias - torch.Size([2]): 
Initialized by user-defined `init_weights` in CenterNetHead  
2021-10-08 03:15:59,349 - mmdet - INFO - Start running, host: root@00a46a6c3ac0, work_dir: /opt/ml/detection/object-detection-level2-cv-01/work_dirs/CenterNet_R50
2021-10-08 03:15:59,349 - mmdet - INFO - Hooks will be executed in the following order:
before_run:
(VERY_HIGH   ) CosineAnnealingLrUpdaterHook       
(NORMAL      ) CheckpointHook                     
(LOW         ) EvalHook                           
(VERY_LOW    ) TextLoggerHook                     
(VERY_LOW    ) WandbLoggerHook                    
 -------------------- 
before_train_epoch:
(VERY_HIGH   ) CosineAnnealingLrUpdaterHook       
(NORMAL      ) NumClassCheckHook                  
(LOW         ) IterTimerHook                      
(LOW         ) EvalHook                           
(VERY_LOW    ) TextLoggerHook                     
(VERY_LOW    ) WandbLoggerHook                    
 -------------------- 
before_train_iter:
(VERY_HIGH   ) CosineAnnealingLrUpdaterHook       
(LOW         ) IterTimerHook                      
(LOW         ) EvalHook                           
 -------------------- 
after_train_iter:
(ABOVE_NORMAL) OptimizerHook                      
(NORMAL      ) CheckpointHook                     
(LOW         ) IterTimerHook                      
(LOW         ) EvalHook                           
(VERY_LOW    ) TextLoggerHook                     
(VERY_LOW    ) WandbLoggerHook                    
 -------------------- 
after_train_epoch:
(NORMAL      ) CheckpointHook                     
(LOW         ) EvalHook                           
(VERY_LOW    ) TextLoggerHook                     
(VERY_LOW    ) WandbLoggerHook                    
 -------------------- 
before_val_epoch:
(NORMAL      ) NumClassCheckHook                  
(LOW         ) IterTimerHook                      
(VERY_LOW    ) TextLoggerHook                     
(VERY_LOW    ) WandbLoggerHook                    
 -------------------- 
before_val_iter:
(LOW         ) IterTimerHook                      
 -------------------- 
after_val_iter:
(LOW         ) IterTimerHook                      
 -------------------- 
after_val_epoch:
(VERY_LOW    ) TextLoggerHook                     
(VERY_LOW    ) WandbLoggerHook                    
 -------------------- 
after_run:
(VERY_LOW    ) WandbLoggerHook                    
 -------------------- 
2021-10-08 03:15:59,350 - mmdet - INFO - workflow: [('train', 1)], max: 50 epochs
2021-10-08 03:16:14,682 - mmdet - INFO - Epoch [1][50/1109]	lr: 1.170e-04, eta: 2:40:28, time: 0.174, data_time: 0.048, memory: 390, loss_center_heatmap: 11.2350, loss_wh: 2.3369, loss_offset: 0.4972, loss: 14.0691
2021-10-08 03:16:20,196 - mmdet - INFO - Epoch [1][100/1109]	lr: 2.160e-04, eta: 2:11:01, time: 0.110, data_time: 0.005, memory: 390, loss_center_heatmap: 3.6448, loss_wh: 2.3679, loss_offset: 0.4717, loss: 6.4844
2021-10-08 03:16:25,706 - mmdet - INFO - Epoch [1][150/1109]	lr: 3.150e-04, eta: 2:01:07, time: 0.110, data_time: 0.005, memory: 390, loss_center_heatmap: 3.5220, loss_wh: 2.3805, loss_offset: 0.4291, loss: 6.3316
2021-10-08 03:16:31,511 - mmdet - INFO - Epoch [1][200/1109]	lr: 4.140e-04, eta: 1:57:28, time: 0.116, data_time: 0.005, memory: 390, loss_center_heatmap: 3.4098, loss_wh: 2.0919, loss_offset: 0.3811, loss: 5.8828
2021-10-08 03:16:36,888 - mmdet - INFO - Epoch [1][250/1109]	lr: 5.130e-04, eta: 1:53:41, time: 0.108, data_time: 0.005, memory: 390, loss_center_heatmap: 3.3745, loss_wh: 2.2669, loss_offset: 0.3502, loss: 5.9916
2021-10-08 03:16:42,570 - mmdet - INFO - Epoch [1][300/1109]	lr: 6.120e-04, eta: 1:52:03, time: 0.114, data_time: 0.005, memory: 390, loss_center_heatmap: 3.3558, loss_wh: 2.2996, loss_offset: 0.2923, loss: 5.9476
2021-10-08 03:16:48,088 - mmdet - INFO - Epoch [1][350/1109]	lr: 7.110e-04, eta: 1:50:26, time: 0.110, data_time: 0.005, memory: 390, loss_center_heatmap: 3.3920, loss_wh: 2.2974, loss_offset: 0.2696, loss: 5.9590
2021-10-08 03:16:53,445 - mmdet - INFO - Epoch [1][400/1109]	lr: 8.100e-04, eta: 1:48:50, time: 0.107, data_time: 0.005, memory: 390, loss_center_heatmap: 3.4514, loss_wh: 2.4769, loss_offset: 0.2570, loss: 6.1854
2021-10-08 03:16:58,708 - mmdet - INFO - Epoch [1][450/1109]	lr: 9.090e-04, eta: 1:47:22, time: 0.105, data_time: 0.005, memory: 390, loss_center_heatmap: 3.3915, loss_wh: 2.3488, loss_offset: 0.2500, loss: 5.9904
2021-10-08 03:17:03,887 - mmdet - INFO - Epoch [1][500/1109]	lr: 1.008e-03, eta: 1:46:02, time: 0.104, data_time: 0.005, memory: 390, loss_center_heatmap: 3.3331, loss_wh: 2.3196, loss_offset: 0.2473, loss: 5.9000
2021-10-08 03:17:09,029 - mmdet - INFO - Epoch [1][550/1109]	lr: 1.107e-03, eta: 1:44:51, time: 0.103, data_time: 0.005, memory: 390, loss_center_heatmap: 3.3195, loss_wh: 2.4240, loss_offset: 0.2463, loss: 5.9898
2021-10-08 03:17:14,268 - mmdet - INFO - Epoch [1][600/1109]	lr: 1.206e-03, eta: 1:44:01, time: 0.105, data_time: 0.005, memory: 390, loss_center_heatmap: 3.2913, loss_wh: 2.3973, loss_offset: 0.2516, loss: 5.9402
2021-10-08 03:17:20,158 - mmdet - INFO - Epoch [1][650/1109]	lr: 1.305e-03, eta: 1:44:12, time: 0.118, data_time: 0.005, memory: 390, loss_center_heatmap: 3.2656, loss_wh: 2.1912, loss_offset: 0.2557, loss: 5.7125
2021-10-08 03:17:25,510 - mmdet - INFO - Epoch [1][700/1109]	lr: 1.404e-03, eta: 1:43:38, time: 0.107, data_time: 0.005, memory: 390, loss_center_heatmap: 3.2865, loss_wh: 2.1821, loss_offset: 0.2506, loss: 5.7191
2021-10-08 03:17:31,276 - mmdet - INFO - Epoch [1][750/1109]	lr: 1.503e-03, eta: 1:43:39, time: 0.115, data_time: 0.005, memory: 390, loss_center_heatmap: 3.3099, loss_wh: 2.2703, loss_offset: 0.2526, loss: 5.8328
2021-10-08 03:17:36,791 - mmdet - INFO - Epoch [1][800/1109]	lr: 1.602e-03, eta: 1:43:22, time: 0.110, data_time: 0.005, memory: 390, loss_center_heatmap: 3.3178, loss_wh: 2.2895, loss_offset: 0.2496, loss: 5.8569
2021-10-08 03:17:42,330 - mmdet - INFO - Epoch [1][850/1109]	lr: 1.701e-03, eta: 1:43:07, time: 0.111, data_time: 0.005, memory: 390, loss_center_heatmap: 3.3314, loss_wh: 2.2218, loss_offset: 0.2533, loss: 5.8065
2021-10-08 03:17:47,749 - mmdet - INFO - Epoch [1][900/1109]	lr: 1.800e-03, eta: 1:42:47, time: 0.108, data_time: 0.005, memory: 390, loss_center_heatmap: 3.2797, loss_wh: 2.3303, loss_offset: 0.2446, loss: 5.8546
2021-10-08 03:17:53,510 - mmdet - INFO - Epoch [1][950/1109]	lr: 1.899e-03, eta: 1:42:47, time: 0.115, data_time: 0.005, memory: 390, loss_center_heatmap: 3.2608, loss_wh: 2.1669, loss_offset: 0.2486, loss: 5.6763
2021-10-08 03:17:59,169 - mmdet - INFO - Exp name: CenterNet_R50.py
2021-10-08 03:17:59,169 - mmdet - INFO - Epoch [1][1000/1109]	lr: 1.998e-03, eta: 1:42:41, time: 0.113, data_time: 0.005, memory: 390, loss_center_heatmap: 3.2602, loss_wh: 2.2349, loss_offset: 0.2533, loss: 5.7484
2021-10-08 03:18:04,455 - mmdet - INFO - Epoch [1][1050/1109]	lr: 2.000e-03, eta: 1:42:16, time: 0.106, data_time: 0.005, memory: 390, loss_center_heatmap: 3.2605, loss_wh: 2.3063, loss_offset: 0.2442, loss: 5.8111
2021-10-08 03:18:10,340 - mmdet - INFO - Epoch [1][1100/1109]	lr: 2.000e-03, eta: 1:42:23, time: 0.118, data_time: 0.005, memory: 390, loss_center_heatmap: 3.2229, loss_wh: 2.1248, loss_offset: 0.2525, loss: 5.6002
